{"E:\\KITS-portel\\backend\\src\\agents\\placementAgent.ts": {"path":"E:\\KITS-portel\\backend\\src\\agents\\placementAgent.ts","statementMap":{"0":{"start":{"line":12,"column":6},"end":{"line":12,"column":null}},"1":{"start":{"line":14,"column":21},"end":{"line":14,"column":null}},"2":{"start":{"line":15,"column":19},"end":{"line":15,"column":null}},"3":{"start":{"line":17,"column":6},"end":{"line":37,"column":null}},"4":{"start":{"line":19,"column":20},"end":{"line":19,"column":null}},"5":{"start":{"line":20,"column":4},"end":{"line":27,"column":null}},"6":{"start":{"line":21,"column":26},"end":{"line":25,"column":8}},"7":{"start":{"line":39,"column":6},"end":{"line":56,"column":null}},"8":{"start":{"line":41,"column":20},"end":{"line":44,"column":null}},"9":{"start":{"line":45,"column":4},"end":{"line":45,"column":null}},"10":{"start":{"line":45,"column":18},"end":{"line":45,"column":null}},"11":{"start":{"line":46,"column":17},"end":{"line":46,"column":null}},"12":{"start":{"line":47,"column":4},"end":{"line":47,"column":null}},"13":{"start":{"line":58,"column":6},"end":{"line":80,"column":null}},"14":{"start":{"line":60,"column":20},"end":{"line":67,"column":null}},"15":{"start":{"line":68,"column":4},"end":{"line":68,"column":null}},"16":{"start":{"line":68,"column":18},"end":{"line":68,"column":null}},"17":{"start":{"line":69,"column":4},"end":{"line":71,"column":null}},"18":{"start":{"line":70,"column":18},"end":{"line":70,"column":109}},"19":{"start":{"line":82,"column":14},"end":{"line":82,"column":null}},"20":{"start":{"line":83,"column":17},"end":{"line":83,"column":null}},"21":{"start":{"line":85,"column":14},"end":{"line":89,"column":null}},"22":{"start":{"line":92,"column":23},"end":{"line":92,"column":null}},"23":{"start":{"line":93,"column":22},"end":{"line":93,"column":null}},"24":{"start":{"line":94,"column":2},"end":{"line":96,"column":null}},"25":{"start":{"line":95,"column":4},"end":{"line":95,"column":null}},"26":{"start":{"line":97,"column":2},"end":{"line":97,"column":null}},"27":{"start":{"line":101,"column":23},"end":{"line":101,"column":null}},"28":{"start":{"line":102,"column":19},"end":{"line":102,"column":null}},"29":{"start":{"line":103,"column":2},"end":{"line":103,"column":null}},"30":{"start":{"line":106,"column":17},"end":{"line":114,"column":null}},"31":{"start":{"line":116,"column":12},"end":{"line":116,"column":null}},"32":{"start":{"line":119,"column":2},"end":{"line":152,"column":null}},"33":{"start":{"line":120,"column":35},"end":{"line":120,"column":null}},"34":{"start":{"line":121,"column":4},"end":{"line":132,"column":null}},"35":{"start":{"line":122,"column":29},"end":{"line":122,"column":null}},"36":{"start":{"line":123,"column":12},"end":{"line":130,"column":null}},"37":{"start":{"line":124,"column":35},"end":{"line":128,"column":10}},"38":{"start":{"line":131,"column":6},"end":{"line":131,"column":null}},"39":{"start":{"line":131,"column":19},"end":{"line":131,"column":null}},"40":{"start":{"line":134,"column":26},"end":{"line":135,"column":null}},"41":{"start":{"line":138,"column":18},"end":{"line":143,"column":null}},"42":{"start":{"line":145,"column":19},"end":{"line":145,"column":null}},"43":{"start":{"line":146,"column":24},"end":{"line":146,"column":null}},"44":{"start":{"line":147,"column":4},"end":{"line":147,"column":null}},"45":{"start":{"line":149,"column":20},"end":{"line":149,"column":null}},"46":{"start":{"line":150,"column":4},"end":{"line":150,"column":null}},"47":{"start":{"line":151,"column":4},"end":{"line":151,"column":null}}},"fnMap":{"0":{"name":"(anonymous_0)","decl":{"start":{"line":18,"column":2},"end":{"line":18,"column":9}},"loc":{"start":{"line":18,"column":30},"end":{"line":28,"column":null}},"line":18},"1":{"name":"(anonymous_1)","decl":{"start":{"line":21,"column":14},"end":{"line":21,"column":19}},"loc":{"start":{"line":21,"column":26},"end":{"line":25,"column":8}},"line":21},"2":{"name":"(anonymous_2)","decl":{"start":{"line":40,"column":2},"end":{"line":40,"column":9}},"loc":{"start":{"line":40,"column":27},"end":{"line":48,"column":null}},"line":40},"3":{"name":"(anonymous_3)","decl":{"start":{"line":59,"column":2},"end":{"line":59,"column":9}},"loc":{"start":{"line":59,"column":24},"end":{"line":72,"column":null}},"line":59},"4":{"name":"(anonymous_4)","decl":{"start":{"line":70,"column":7},"end":{"line":70,"column":12}},"loc":{"start":{"line":70,"column":18},"end":{"line":70,"column":109}},"line":70},"5":{"name":"shouldContinue","decl":{"start":{"line":91,"column":9},"end":{"line":91,"column":24}},"loc":{"start":{"line":91,"column":64},"end":{"line":98,"column":null}},"line":91},"6":{"name":"callModel","decl":{"start":{"line":100,"column":15},"end":{"line":100,"column":25}},"loc":{"start":{"line":100,"column":65},"end":{"line":104,"column":null}},"line":100},"7":{"name":"runAgent","decl":{"start":{"line":118,"column":22},"end":{"line":118,"column":31}},"loc":{"start":{"line":118,"column":100},"end":{"line":153,"column":null}},"line":118},"8":{"name":"(anonymous_8)","decl":{"start":{"line":124,"column":23},"end":{"line":124,"column":28}},"loc":{"start":{"line":124,"column":35},"end":{"line":128,"column":10}},"line":124}},"branchMap":{"0":{"loc":{"start":{"line":14,"column":21},"end":{"line":14,"column":null}},"type":"binary-expr","locations":[{"start":{"line":14,"column":21},"end":{"line":14,"column":49}},{"start":{"line":14,"column":49},"end":{"line":14,"column":null}}],"line":14},"1":{"loc":{"start":{"line":15,"column":19},"end":{"line":15,"column":null}},"type":"binary-expr","locations":[{"start":{"line":15,"column":19},"end":{"line":15,"column":45}},{"start":{"line":15,"column":45},"end":{"line":15,"column":null}}],"line":15},"2":{"loc":{"start":{"line":19,"column":48},"end":{"line":19,"column":60}},"type":"binary-expr","locations":[{"start":{"line":19,"column":48},"end":{"line":19,"column":57}},{"start":{"line":19,"column":57},"end":{"line":19,"column":60}}],"line":19},"3":{"loc":{"start":{"line":45,"column":4},"end":{"line":45,"column":null}},"type":"if","locations":[{"start":{"line":45,"column":4},"end":{"line":45,"column":null}},{"start":{},"end":{}}],"line":45},"4":{"loc":{"start":{"line":46,"column":17},"end":{"line":46,"column":null}},"type":"binary-expr","locations":[{"start":{"line":46,"column":17},"end":{"line":46,"column":52}},{"start":{"line":46,"column":52},"end":{"line":46,"column":null}}],"line":46},"5":{"loc":{"start":{"line":68,"column":4},"end":{"line":68,"column":null}},"type":"if","locations":[{"start":{"line":68,"column":4},"end":{"line":68,"column":null}},{"start":{},"end":{}}],"line":68},"6":{"loc":{"start":{"line":70,"column":77},"end":{"line":70,"column":107}},"type":"binary-expr","locations":[{"start":{"line":70,"column":77},"end":{"line":70,"column":97}},{"start":{"line":70,"column":97},"end":{"line":70,"column":107}}],"line":70},"7":{"loc":{"start":{"line":94,"column":2},"end":{"line":96,"column":null}},"type":"if","locations":[{"start":{"line":94,"column":2},"end":{"line":96,"column":null}},{"start":{},"end":{}}],"line":94},"8":{"loc":{"start":{"line":121,"column":4},"end":{"line":132,"column":null}},"type":"if","locations":[{"start":{"line":121,"column":4},"end":{"line":132,"column":null}},{"start":{},"end":{}}],"line":121},"9":{"loc":{"start":{"line":131,"column":6},"end":{"line":131,"column":null}},"type":"if","locations":[{"start":{"line":131,"column":6},"end":{"line":131,"column":null}},{"start":{},"end":{}}],"line":131},"10":{"loc":{"start":{"line":135,"column":2},"end":{"line":135,"column":null}},"type":"cond-expr","locations":[{"start":{"line":135,"column":24},"end":{"line":135,"column":76}},{"start":{"line":135,"column":76},"end":{"line":135,"column":null}}],"line":135},"11":{"loc":{"start":{"line":147,"column":11},"end":{"line":147,"column":null}},"type":"binary-expr","locations":[{"start":{"line":147,"column":11},"end":{"line":147,"column":45}},{"start":{"line":147,"column":45},"end":{"line":147,"column":null}}],"line":147},"12":{"loc":{"start":{"line":149,"column":20},"end":{"line":149,"column":null}},"type":"cond-expr","locations":[{"start":{"line":149,"column":45},"end":{"line":149,"column":61}},{"start":{"line":149,"column":61},"end":{"line":149,"column":null}}],"line":149}},"s":{"0":1,"1":1,"2":1,"3":1,"4":1,"5":1,"6":1,"7":1,"8":2,"9":2,"10":1,"11":1,"12":2,"13":1,"14":2,"15":2,"16":1,"17":1,"18":2,"19":1,"20":1,"21":1,"22":5,"23":5,"24":5,"25":4,"26":1,"27":0,"28":0,"29":0,"30":1,"31":1,"32":3,"33":3,"34":3,"35":1,"36":1,"37":1,"38":1,"39":1,"40":3,"41":3,"42":3,"43":2,"44":2,"45":1,"46":1,"47":1},"f":{"0":1,"1":1,"2":2,"3":2,"4":2,"5":5,"6":0,"7":3,"8":1},"b":{"0":[1,1],"1":[1,1],"2":[1,0],"3":[1,1],"4":[1,0],"5":[1,1],"6":[2,0],"7":[4,1],"8":[1,2],"9":[1,0],"10":[1,2],"11":[2,0],"12":[1,0]},"meta":{"lastBranch":13,"lastFunction":9,"lastStatement":48,"seen":{"s:12:6:12:Infinity":0,"s:14:21:14:Infinity":1,"b:14:21:14:49:14:49:14:Infinity":0,"s:15:19:15:Infinity":2,"b:15:19:15:45:15:45:15:Infinity":1,"s:17:6:37:Infinity":3,"f:18:2:18:9":0,"s:19:20:19:Infinity":4,"b:19:48:19:57:19:57:19:60":2,"s:20:4:27:Infinity":5,"f:21:14:21:19":1,"s:21:26:25:8":6,"s:39:6:56:Infinity":7,"f:40:2:40:9":2,"s:41:20:44:Infinity":8,"b:45:4:45:Infinity:undefined:undefined:undefined:undefined":3,"s:45:4:45:Infinity":9,"s:45:18:45:Infinity":10,"s:46:17:46:Infinity":11,"b:46:17:46:52:46:52:46:Infinity":4,"s:47:4:47:Infinity":12,"s:58:6:80:Infinity":13,"f:59:2:59:9":3,"s:60:20:67:Infinity":14,"b:68:4:68:Infinity:undefined:undefined:undefined:undefined":5,"s:68:4:68:Infinity":15,"s:68:18:68:Infinity":16,"s:69:4:71:Infinity":17,"f:70:7:70:12":4,"s:70:18:70:109":18,"b:70:77:70:97:70:97:70:107":6,"s:82:14:82:Infinity":19,"s:83:17:83:Infinity":20,"s:85:14:89:Infinity":21,"f:91:9:91:24":5,"s:92:23:92:Infinity":22,"s:93:22:93:Infinity":23,"b:94:2:96:Infinity:undefined:undefined:undefined:undefined":7,"s:94:2:96:Infinity":24,"s:95:4:95:Infinity":25,"s:97:2:97:Infinity":26,"f:100:15:100:25":6,"s:101:23:101:Infinity":27,"s:102:19:102:Infinity":28,"s:103:2:103:Infinity":29,"s:106:17:114:Infinity":30,"s:116:12:116:Infinity":31,"f:118:22:118:31":7,"s:119:2:152:Infinity":32,"s:120:35:120:Infinity":33,"b:121:4:132:Infinity:undefined:undefined:undefined:undefined":8,"s:121:4:132:Infinity":34,"s:122:29:122:Infinity":35,"s:123:12:130:Infinity":36,"f:124:23:124:28":8,"s:124:35:128:10":37,"b:131:6:131:Infinity:undefined:undefined:undefined:undefined":9,"s:131:6:131:Infinity":38,"s:131:19:131:Infinity":39,"s:134:26:135:Infinity":40,"b:135:24:135:76:135:76:135:Infinity":10,"s:138:18:143:Infinity":41,"s:145:19:145:Infinity":42,"s:146:24:146:Infinity":43,"s:147:4:147:Infinity":44,"b:147:11:147:45:147:45:147:Infinity":11,"s:149:20:149:Infinity":45,"b:149:45:149:61:149:61:149:Infinity":12,"s:150:4:150:Infinity":46,"s:151:4:151:Infinity":47},"fnNames":{}}}
,"E:\\KITS-portel\\backend\\src\\agents\\researchGraph.ts": {"path":"E:\\KITS-portel\\backend\\src\\agents\\researchGraph.ts","statementMap":{"0":{"start":{"line":7,"column":6},"end":{"line":7,"column":null}},"1":{"start":{"line":9,"column":23},"end":{"line":9,"column":null}},"2":{"start":{"line":10,"column":20},"end":{"line":10,"column":null}},"3":{"start":{"line":12,"column":30},"end":{"line":62,"column":null}},"4":{"start":{"line":65,"column":14},"end":{"line":65,"column":null}},"5":{"start":{"line":66,"column":2},"end":{"line":66,"column":null}},"6":{"start":{"line":70,"column":2},"end":{"line":70,"column":null}},"7":{"start":{"line":74,"column":16},"end":{"line":74,"column":null}},"8":{"start":{"line":75,"column":21},"end":{"line":75,"column":null}},"9":{"start":{"line":75,"column":41},"end":{"line":75,"column":65}},"10":{"start":{"line":76,"column":2},"end":{"line":76,"column":null}},"11":{"start":{"line":76,"column":29},"end":{"line":76,"column":null}},"12":{"start":{"line":78,"column":18},"end":{"line":78,"column":null}},"13":{"start":{"line":78,"column":55},"end":{"line":78,"column":63}},"14":{"start":{"line":80,"column":41},"end":{"line":80,"column":null}},"15":{"start":{"line":81,"column":2},"end":{"line":89,"column":null}},"16":{"start":{"line":81,"column":15},"end":{"line":81,"column":18}},"17":{"start":{"line":82,"column":4},"end":{"line":82,"column":null}},"18":{"start":{"line":82,"column":41},"end":{"line":82,"column":null}},"19":{"start":{"line":83,"column":18},"end":{"line":83,"column":null}},"20":{"start":{"line":83,"column":55},"end":{"line":83,"column":63}},"21":{"start":{"line":84,"column":40},"end":{"line":84,"column":null}},"22":{"start":{"line":85,"column":4},"end":{"line":87,"column":null}},"23":{"start":{"line":85,"column":17},"end":{"line":85,"column":20}},"24":{"start":{"line":86,"column":6},"end":{"line":86,"column":null}},"25":{"start":{"line":88,"column":4},"end":{"line":88,"column":null}},"26":{"start":{"line":91,"column":2},"end":{"line":91,"column":null}},"27":{"start":{"line":95,"column":21},"end":{"line":95,"column":null}},"28":{"start":{"line":96,"column":18},"end":{"line":96,"column":null}},"29":{"start":{"line":98,"column":2},"end":{"line":101,"column":null}},"30":{"start":{"line":99,"column":23},"end":{"line":99,"column":null}},"31":{"start":{"line":100,"column":4},"end":{"line":100,"column":null}},"32":{"start":{"line":100,"column":20},"end":{"line":100,"column":null}},"33":{"start":{"line":103,"column":2},"end":{"line":103,"column":null}},"34":{"start":{"line":106,"column":23},"end":{"line":106,"column":null}},"35":{"start":{"line":109,"column":26},"end":{"line":109,"column":null}},"36":{"start":{"line":110,"column":2},"end":{"line":117,"column":null}},"37":{"start":{"line":111,"column":4},"end":{"line":116,"column":null}},"38":{"start":{"line":112,"column":6},"end":{"line":115,"column":null}},"39":{"start":{"line":118,"column":2},"end":{"line":118,"column":null}},"40":{"start":{"line":122,"column":41},"end":{"line":122,"column":null}},"41":{"start":{"line":123,"column":2},"end":{"line":128,"column":null}},"42":{"start":{"line":124,"column":16},"end":{"line":124,"column":null}},"43":{"start":{"line":125,"column":4},"end":{"line":127,"column":null}},"44":{"start":{"line":126,"column":6},"end":{"line":126,"column":null}},"45":{"start":{"line":129,"column":2},"end":{"line":129,"column":null}},"46":{"start":{"line":132,"column":18},"end":{"line":132,"column":null}},"47":{"start":{"line":134,"column":29},"end":{"line":197,"column":null}},"48":{"start":{"line":138,"column":23},"end":{"line":138,"column":null}},"49":{"start":{"line":139,"column":20},"end":{"line":139,"column":null}},"50":{"start":{"line":142,"column":23},"end":{"line":142,"column":null}},"51":{"start":{"line":143,"column":20},"end":{"line":143,"column":null}},"52":{"start":{"line":146,"column":23},"end":{"line":146,"column":null}},"53":{"start":{"line":147,"column":20},"end":{"line":147,"column":null}},"54":{"start":{"line":150,"column":23},"end":{"line":150,"column":null}},"55":{"start":{"line":151,"column":20},"end":{"line":151,"column":null}},"56":{"start":{"line":154,"column":23},"end":{"line":154,"column":null}},"57":{"start":{"line":155,"column":20},"end":{"line":155,"column":null}},"58":{"start":{"line":166,"column":23},"end":{"line":166,"column":null}},"59":{"start":{"line":167,"column":19},"end":{"line":167,"column":null}},"60":{"start":{"line":170,"column":23},"end":{"line":170,"column":null}},"61":{"start":{"line":171,"column":19},"end":{"line":171,"column":null}},"62":{"start":{"line":174,"column":23},"end":{"line":174,"column":null}},"63":{"start":{"line":175,"column":19},"end":{"line":175,"column":null}},"64":{"start":{"line":178,"column":23},"end":{"line":178,"column":null}},"65":{"start":{"line":179,"column":20},"end":{"line":179,"column":null}},"66":{"start":{"line":182,"column":23},"end":{"line":182,"column":null}},"67":{"start":{"line":183,"column":19},"end":{"line":183,"column":null}},"68":{"start":{"line":186,"column":23},"end":{"line":186,"column":null}},"69":{"start":{"line":187,"column":19},"end":{"line":187,"column":null}},"70":{"start":{"line":190,"column":23},"end":{"line":190,"column":null}},"71":{"start":{"line":191,"column":19},"end":{"line":191,"column":null}},"72":{"start":{"line":194,"column":23},"end":{"line":194,"column":null}},"73":{"start":{"line":195,"column":19},"end":{"line":195,"column":null}},"74":{"start":{"line":202,"column":2},"end":{"line":202,"column":null}},"75":{"start":{"line":203,"column":2},"end":{"line":203,"column":null}},"76":{"start":{"line":207,"column":2},"end":{"line":207,"column":null}},"77":{"start":{"line":208,"column":2},"end":{"line":208,"column":null}},"78":{"start":{"line":212,"column":18},"end":{"line":212,"column":null}},"79":{"start":{"line":213,"column":8},"end":{"line":213,"column":null}},"80":{"start":{"line":215,"column":18},"end":{"line":215,"column":null}},"81":{"start":{"line":215,"column":42},"end":{"line":215,"column":57}},"82":{"start":{"line":216,"column":2},"end":{"line":228,"column":null}},"83":{"start":{"line":217,"column":14},"end":{"line":217,"column":null}},"84":{"start":{"line":218,"column":4},"end":{"line":227,"column":null}},"85":{"start":{"line":219,"column":19},"end":{"line":219,"column":null}},"86":{"start":{"line":220,"column":19},"end":{"line":220,"column":null}},"87":{"start":{"line":221,"column":6},"end":{"line":221,"column":null}},"88":{"start":{"line":222,"column":6},"end":{"line":222,"column":null}},"89":{"start":{"line":223,"column":6},"end":{"line":223,"column":null}},"90":{"start":{"line":225,"column":6},"end":{"line":225,"column":null}},"91":{"start":{"line":226,"column":6},"end":{"line":226,"column":null}},"92":{"start":{"line":229,"column":2},"end":{"line":229,"column":null}},"93":{"start":{"line":233,"column":2},"end":{"line":245,"column":null}},"94":{"start":{"line":234,"column":17},"end":{"line":234,"column":null}},"95":{"start":{"line":235,"column":4},"end":{"line":241,"column":null}},"96":{"start":{"line":236,"column":17},"end":{"line":236,"column":null}},"97":{"start":{"line":237,"column":12},"end":{"line":237,"column":null}},"98":{"start":{"line":238,"column":12},"end":{"line":238,"column":null}},"99":{"start":{"line":239,"column":6},"end":{"line":239,"column":null}},"100":{"start":{"line":239,"column":27},"end":{"line":239,"column":null}},"101":{"start":{"line":240,"column":6},"end":{"line":240,"column":null}},"102":{"start":{"line":242,"column":4},"end":{"line":242,"column":null}},"103":{"start":{"line":243,"column":20},"end":{"line":243,"column":null}},"104":{"start":{"line":244,"column":4},"end":{"line":244,"column":null}},"105":{"start":{"line":246,"column":2},"end":{"line":246,"column":null}},"106":{"start":{"line":250,"column":18},"end":{"line":250,"column":null}},"107":{"start":{"line":250,"column":42},"end":{"line":250,"column":57}},"108":{"start":{"line":251,"column":19},"end":{"line":251,"column":null}},"109":{"start":{"line":251,"column":33},"end":{"line":251,"column":77}},"110":{"start":{"line":252,"column":2},"end":{"line":254,"column":null}},"111":{"start":{"line":253,"column":4},"end":{"line":253,"column":null}},"112":{"start":{"line":255,"column":2},"end":{"line":255,"column":null}},"113":{"start":{"line":259,"column":2},"end":{"line":259,"column":null}},"114":{"start":{"line":260,"column":60},"end":{"line":260,"column":null}},"115":{"start":{"line":261,"column":2},"end":{"line":265,"column":null}},"116":{"start":{"line":262,"column":4},"end":{"line":264,"column":null}},"117":{"start":{"line":263,"column":6},"end":{"line":263,"column":null}},"118":{"start":{"line":266,"column":8},"end":{"line":266,"column":null}},"119":{"start":{"line":268,"column":39},"end":{"line":268,"column":null}},"120":{"start":{"line":269,"column":19},"end":{"line":269,"column":null}},"121":{"start":{"line":271,"column":8},"end":{"line":273,"column":null}},"122":{"start":{"line":273,"column":26},"end":{"line":273,"column":34}},"123":{"start":{"line":275,"column":2},"end":{"line":295,"column":null}},"124":{"start":{"line":276,"column":15},"end":{"line":276,"column":null}},"125":{"start":{"line":277,"column":4},"end":{"line":282,"column":null}},"126":{"start":{"line":278,"column":6},"end":{"line":278,"column":null}},"127":{"start":{"line":280,"column":6},"end":{"line":280,"column":null}},"128":{"start":{"line":281,"column":6},"end":{"line":281,"column":null}},"129":{"start":{"line":283,"column":19},"end":{"line":283,"column":null}},"130":{"start":{"line":284,"column":22},"end":{"line":284,"column":null}},"131":{"start":{"line":285,"column":19},"end":{"line":285,"column":null}},"132":{"start":{"line":285,"column":49},"end":{"line":285,"column":82}},"133":{"start":{"line":286,"column":4},"end":{"line":286,"column":null}},"134":{"start":{"line":287,"column":4},"end":{"line":290,"column":null}},"135":{"start":{"line":288,"column":6},"end":{"line":288,"column":null}},"136":{"start":{"line":289,"column":6},"end":{"line":289,"column":null}},"137":{"start":{"line":291,"column":4},"end":{"line":294,"column":null}},"138":{"start":{"line":292,"column":6},"end":{"line":292,"column":null}},"139":{"start":{"line":293,"column":6},"end":{"line":293,"column":null}},"140":{"start":{"line":297,"column":2},"end":{"line":299,"column":null}},"141":{"start":{"line":298,"column":4},"end":{"line":298,"column":null}},"142":{"start":{"line":301,"column":2},"end":{"line":301,"column":null}},"143":{"start":{"line":302,"column":2},"end":{"line":302,"column":null}},"144":{"start":{"line":304,"column":2},"end":{"line":304,"column":null}},"145":{"start":{"line":308,"column":8},"end":{"line":308,"column":null}},"146":{"start":{"line":309,"column":2},"end":{"line":309,"column":null}},"147":{"start":{"line":310,"column":2},"end":{"line":310,"column":null}},"148":{"start":{"line":311,"column":2},"end":{"line":313,"column":null}},"149":{"start":{"line":312,"column":4},"end":{"line":312,"column":null}},"150":{"start":{"line":314,"column":2},"end":{"line":314,"column":null}},"151":{"start":{"line":318,"column":20},"end":{"line":318,"column":null}},"152":{"start":{"line":319,"column":2},"end":{"line":322,"column":null}},"153":{"start":{"line":320,"column":4},"end":{"line":320,"column":null}},"154":{"start":{"line":321,"column":4},"end":{"line":321,"column":null}},"155":{"start":{"line":323,"column":2},"end":{"line":323,"column":null}},"156":{"start":{"line":327,"column":2},"end":{"line":327,"column":null}},"157":{"start":{"line":328,"column":2},"end":{"line":328,"column":null}},"158":{"start":{"line":329,"column":2},"end":{"line":329,"column":null}},"159":{"start":{"line":330,"column":2},"end":{"line":330,"column":null}},"160":{"start":{"line":331,"column":2},"end":{"line":331,"column":null}},"161":{"start":{"line":335,"column":2},"end":{"line":338,"column":null}},"162":{"start":{"line":336,"column":4},"end":{"line":336,"column":null}},"163":{"start":{"line":337,"column":4},"end":{"line":337,"column":null}},"164":{"start":{"line":339,"column":2},"end":{"line":339,"column":null}},"165":{"start":{"line":343,"column":18},"end":{"line":343,"column":null}},"166":{"start":{"line":344,"column":2},"end":{"line":354,"column":null}},"167":{"start":{"line":345,"column":17},"end":{"line":345,"column":null}},"168":{"start":{"line":346,"column":17},"end":{"line":346,"column":null}},"169":{"start":{"line":347,"column":16},"end":{"line":347,"column":null}},"170":{"start":{"line":348,"column":4},"end":{"line":348,"column":null}},"171":{"start":{"line":349,"column":4},"end":{"line":349,"column":null}},"172":{"start":{"line":350,"column":4},"end":{"line":350,"column":null}},"173":{"start":{"line":352,"column":4},"end":{"line":352,"column":null}},"174":{"start":{"line":353,"column":4},"end":{"line":353,"column":null}},"175":{"start":{"line":355,"column":2},"end":{"line":355,"column":null}},"176":{"start":{"line":359,"column":18},"end":{"line":359,"column":null}},"177":{"start":{"line":360,"column":2},"end":{"line":368,"column":null}},"178":{"start":{"line":361,"column":17},"end":{"line":361,"column":null}},"179":{"start":{"line":362,"column":17},"end":{"line":362,"column":null}},"180":{"start":{"line":363,"column":4},"end":{"line":363,"column":null}},"181":{"start":{"line":364,"column":4},"end":{"line":364,"column":null}},"182":{"start":{"line":366,"column":4},"end":{"line":366,"column":null}},"183":{"start":{"line":367,"column":4},"end":{"line":367,"column":null}},"184":{"start":{"line":369,"column":2},"end":{"line":369,"column":null}},"185":{"start":{"line":370,"column":2},"end":{"line":370,"column":null}},"186":{"start":{"line":373,"column":17},"end":{"line":380,"column":null}},"187":{"start":{"line":382,"column":0},"end":{"line":382,"column":null}},"188":{"start":{"line":383,"column":0},"end":{"line":383,"column":null}},"189":{"start":{"line":384,"column":0},"end":{"line":387,"column":null}},"190":{"start":{"line":388,"column":0},"end":{"line":388,"column":null}},"191":{"start":{"line":389,"column":0},"end":{"line":392,"column":null}},"192":{"start":{"line":393,"column":0},"end":{"line":396,"column":null}},"193":{"start":{"line":397,"column":0},"end":{"line":397,"column":null}},"194":{"start":{"line":398,"column":0},"end":{"line":398,"column":null}},"195":{"start":{"line":400,"column":12},"end":{"line":400,"column":null}},"196":{"start":{"line":424,"column":2},"end":{"line":424,"column":null}},"197":{"start":{"line":426,"column":51},"end":{"line":442,"column":null}},"198":{"start":{"line":444,"column":21},"end":{"line":444,"column":null}},"199":{"start":{"line":446,"column":2},"end":{"line":446,"column":null}},"200":{"start":{"line":448,"column":2},"end":{"line":459,"column":null}}},"fnMap":{"0":{"name":"columnForId","decl":{"start":{"line":64,"column":9},"end":{"line":64,"column":21}},"loc":{"start":{"line":64,"column":58},"end":{"line":67,"column":null}},"line":64},"1":{"name":"isSeparatorLine","decl":{"start":{"line":69,"column":9},"end":{"line":69,"column":25}},"loc":{"start":{"line":69,"column":48},"end":{"line":71,"column":null}},"line":69},"2":{"name":"parseMarkdownTable","decl":{"start":{"line":73,"column":9},"end":{"line":73,"column":28}},"loc":{"start":{"line":73,"column":68},"end":{"line":92,"column":null}},"line":73},"3":{"name":"(anonymous_3)","decl":{"start":{"line":75,"column":27},"end":{"line":75,"column":35}},"loc":{"start":{"line":75,"column":41},"end":{"line":75,"column":65}},"line":75},"4":{"name":"(anonymous_4)","decl":{"start":{"line":78,"column":44},"end":{"line":78,"column":49}},"loc":{"start":{"line":78,"column":55},"end":{"line":78,"column":63}},"line":78},"5":{"name":"(anonymous_5)","decl":{"start":{"line":83,"column":44},"end":{"line":83,"column":49}},"loc":{"start":{"line":83,"column":55},"end":{"line":83,"column":63}},"line":83},"6":{"name":"extractJson","decl":{"start":{"line":94,"column":9},"end":{"line":94,"column":21}},"loc":{"start":{"line":94,"column":44},"end":{"line":104,"column":null}},"line":94},"7":{"name":"buildDatasetTable","decl":{"start":{"line":108,"column":9},"end":{"line":108,"column":27}},"loc":{"start":{"line":108,"column":86},"end":{"line":119,"column":null}},"line":108},"8":{"name":"rowsToRecord","decl":{"start":{"line":121,"column":9},"end":{"line":121,"column":22}},"loc":{"start":{"line":121,"column":78},"end":{"line":130,"column":null}},"line":121},"9":{"name":"(anonymous_9)","decl":{"start":{"line":138,"column":4},"end":{"line":138,"column":14}},"loc":{"start":{"line":138,"column":23},"end":{"line":138,"column":null}},"line":138},"10":{"name":"(anonymous_10)","decl":{"start":{"line":139,"column":4},"end":{"line":139,"column":20}},"loc":{"start":{"line":139,"column":20},"end":{"line":139,"column":null}},"line":139},"11":{"name":"(anonymous_11)","decl":{"start":{"line":142,"column":4},"end":{"line":142,"column":14}},"loc":{"start":{"line":142,"column":23},"end":{"line":142,"column":null}},"line":142},"12":{"name":"(anonymous_12)","decl":{"start":{"line":143,"column":4},"end":{"line":143,"column":20}},"loc":{"start":{"line":143,"column":20},"end":{"line":143,"column":null}},"line":143},"13":{"name":"(anonymous_13)","decl":{"start":{"line":146,"column":4},"end":{"line":146,"column":14}},"loc":{"start":{"line":146,"column":23},"end":{"line":146,"column":null}},"line":146},"14":{"name":"(anonymous_14)","decl":{"start":{"line":147,"column":4},"end":{"line":147,"column":20}},"loc":{"start":{"line":147,"column":20},"end":{"line":147,"column":null}},"line":147},"15":{"name":"(anonymous_15)","decl":{"start":{"line":150,"column":4},"end":{"line":150,"column":14}},"loc":{"start":{"line":150,"column":23},"end":{"line":150,"column":null}},"line":150},"16":{"name":"(anonymous_16)","decl":{"start":{"line":151,"column":4},"end":{"line":151,"column":20}},"loc":{"start":{"line":151,"column":20},"end":{"line":151,"column":null}},"line":151},"17":{"name":"(anonymous_17)","decl":{"start":{"line":154,"column":4},"end":{"line":154,"column":14}},"loc":{"start":{"line":154,"column":23},"end":{"line":154,"column":null}},"line":154},"18":{"name":"(anonymous_18)","decl":{"start":{"line":155,"column":4},"end":{"line":155,"column":20}},"loc":{"start":{"line":155,"column":20},"end":{"line":155,"column":null}},"line":155},"19":{"name":"(anonymous_19)","decl":{"start":{"line":166,"column":4},"end":{"line":166,"column":14}},"loc":{"start":{"line":166,"column":23},"end":{"line":166,"column":null}},"line":166},"20":{"name":"(anonymous_20)","decl":{"start":{"line":167,"column":4},"end":{"line":167,"column":19}},"loc":{"start":{"line":167,"column":19},"end":{"line":167,"column":null}},"line":167},"21":{"name":"(anonymous_21)","decl":{"start":{"line":170,"column":4},"end":{"line":170,"column":14}},"loc":{"start":{"line":170,"column":23},"end":{"line":170,"column":null}},"line":170},"22":{"name":"(anonymous_22)","decl":{"start":{"line":171,"column":4},"end":{"line":171,"column":19}},"loc":{"start":{"line":171,"column":19},"end":{"line":171,"column":null}},"line":171},"23":{"name":"(anonymous_23)","decl":{"start":{"line":174,"column":4},"end":{"line":174,"column":14}},"loc":{"start":{"line":174,"column":23},"end":{"line":174,"column":null}},"line":174},"24":{"name":"(anonymous_24)","decl":{"start":{"line":175,"column":4},"end":{"line":175,"column":19}},"loc":{"start":{"line":175,"column":19},"end":{"line":175,"column":null}},"line":175},"25":{"name":"(anonymous_25)","decl":{"start":{"line":178,"column":4},"end":{"line":178,"column":14}},"loc":{"start":{"line":178,"column":23},"end":{"line":178,"column":null}},"line":178},"26":{"name":"(anonymous_26)","decl":{"start":{"line":179,"column":4},"end":{"line":179,"column":20}},"loc":{"start":{"line":179,"column":20},"end":{"line":179,"column":null}},"line":179},"27":{"name":"(anonymous_27)","decl":{"start":{"line":182,"column":4},"end":{"line":182,"column":14}},"loc":{"start":{"line":182,"column":23},"end":{"line":182,"column":null}},"line":182},"28":{"name":"(anonymous_28)","decl":{"start":{"line":183,"column":4},"end":{"line":183,"column":19}},"loc":{"start":{"line":183,"column":19},"end":{"line":183,"column":null}},"line":183},"29":{"name":"(anonymous_29)","decl":{"start":{"line":186,"column":4},"end":{"line":186,"column":14}},"loc":{"start":{"line":186,"column":23},"end":{"line":186,"column":null}},"line":186},"30":{"name":"(anonymous_30)","decl":{"start":{"line":187,"column":4},"end":{"line":187,"column":19}},"loc":{"start":{"line":187,"column":19},"end":{"line":187,"column":null}},"line":187},"31":{"name":"(anonymous_31)","decl":{"start":{"line":190,"column":4},"end":{"line":190,"column":14}},"loc":{"start":{"line":190,"column":23},"end":{"line":190,"column":null}},"line":190},"32":{"name":"(anonymous_32)","decl":{"start":{"line":191,"column":4},"end":{"line":191,"column":19}},"loc":{"start":{"line":191,"column":19},"end":{"line":191,"column":null}},"line":191},"33":{"name":"(anonymous_33)","decl":{"start":{"line":194,"column":4},"end":{"line":194,"column":14}},"loc":{"start":{"line":194,"column":23},"end":{"line":194,"column":null}},"line":194},"34":{"name":"(anonymous_34)","decl":{"start":{"line":195,"column":4},"end":{"line":195,"column":19}},"loc":{"start":{"line":195,"column":19},"end":{"line":195,"column":null}},"line":195},"35":{"name":"log","decl":{"start":{"line":201,"column":9},"end":{"line":201,"column":13}},"loc":{"start":{"line":201,"column":54},"end":{"line":204,"column":null}},"line":201},"36":{"name":"bump","decl":{"start":{"line":206,"column":9},"end":{"line":206,"column":14}},"loc":{"start":{"line":206,"column":53},"end":{"line":209,"column":null}},"line":206},"37":{"name":"researchNode","decl":{"start":{"line":211,"column":15},"end":{"line":211,"column":28}},"loc":{"start":{"line":211,"column":75},"end":{"line":230,"column":null}},"line":211},"38":{"name":"(anonymous_38)","decl":{"start":{"line":215,"column":28},"end":{"line":215,"column":36}},"loc":{"start":{"line":215,"column":42},"end":{"line":215,"column":57}},"line":215},"39":{"name":"validateResearchNode","decl":{"start":{"line":232,"column":15},"end":{"line":232,"column":36}},"loc":{"start":{"line":232,"column":83},"end":{"line":247,"column":null}},"line":232},"40":{"name":"routeAfterValidate","decl":{"start":{"line":249,"column":9},"end":{"line":249,"column":28}},"loc":{"start":{"line":249,"column":74},"end":{"line":256,"column":null}},"line":249},"41":{"name":"(anonymous_41)","decl":{"start":{"line":250,"column":28},"end":{"line":250,"column":36}},"loc":{"start":{"line":250,"column":42},"end":{"line":250,"column":57}},"line":250},"42":{"name":"(anonymous_42)","decl":{"start":{"line":251,"column":27},"end":{"line":251,"column":33}},"loc":{"start":{"line":251,"column":33},"end":{"line":251,"column":77}},"line":251},"43":{"name":"consolidateNode","decl":{"start":{"line":258,"column":15},"end":{"line":258,"column":31}},"loc":{"start":{"line":258,"column":78},"end":{"line":305,"column":null}},"line":258},"44":{"name":"(anonymous_44)","decl":{"start":{"line":273,"column":15},"end":{"line":273,"column":20}},"loc":{"start":{"line":273,"column":26},"end":{"line":273,"column":34}},"line":273},"45":{"name":"(anonymous_45)","decl":{"start":{"line":285,"column":41},"end":{"line":285,"column":49}},"loc":{"start":{"line":285,"column":49},"end":{"line":285,"column":82}},"line":285},"46":{"name":"gateNode","decl":{"start":{"line":307,"column":15},"end":{"line":307,"column":24}},"loc":{"start":{"line":307,"column":71},"end":{"line":315,"column":null}},"line":307},"47":{"name":"routeAfterGate","decl":{"start":{"line":317,"column":9},"end":{"line":317,"column":24}},"loc":{"start":{"line":317,"column":70},"end":{"line":324,"column":null}},"line":317},"48":{"name":"dbWriteNode","decl":{"start":{"line":326,"column":15},"end":{"line":326,"column":27}},"loc":{"start":{"line":326,"column":74},"end":{"line":332,"column":null}},"line":326},"49":{"name":"routeAfterDb","decl":{"start":{"line":334,"column":9},"end":{"line":334,"column":22}},"loc":{"start":{"line":334,"column":66},"end":{"line":340,"column":null}},"line":334},"50":{"name":"skillsNode","decl":{"start":{"line":342,"column":15},"end":{"line":342,"column":26}},"loc":{"start":{"line":342,"column":73},"end":{"line":356,"column":null}},"line":342},"51":{"name":"hiringNode","decl":{"start":{"line":358,"column":15},"end":{"line":358,"column":26}},"loc":{"start":{"line":358,"column":73},"end":{"line":371,"column":null}},"line":358},"52":{"name":"runResearchPipeline","decl":{"start":{"line":423,"column":22},"end":{"line":423,"column":42}},"loc":{"start":{"line":423,"column":84},"end":{"line":460,"column":null}},"line":423}},"branchMap":{"0":{"loc":{"start":{"line":10,"column":29},"end":{"line":10,"column":61}},"type":"binary-expr","locations":[{"start":{"line":10,"column":29},"end":{"line":10,"column":56}},{"start":{"line":10,"column":56},"end":{"line":10,"column":61}}],"line":10},"1":{"loc":{"start":{"line":66,"column":9},"end":{"line":66,"column":null}},"type":"cond-expr","locations":[{"start":{"line":66,"column":58},"end":{"line":66,"column":87}},{"start":{"line":66,"column":87},"end":{"line":66,"column":null}}],"line":66},"2":{"loc":{"start":{"line":66,"column":9},"end":{"line":66,"column":58}},"type":"binary-expr","locations":[{"start":{"line":66,"column":9},"end":{"line":66,"column":21}},{"start":{"line":66,"column":21},"end":{"line":66,"column":58}}],"line":66},"3":{"loc":{"start":{"line":76,"column":2},"end":{"line":76,"column":null}},"type":"if","locations":[{"start":{"line":76,"column":2},"end":{"line":76,"column":null}},{"start":{},"end":{}}],"line":76},"4":{"loc":{"start":{"line":82,"column":4},"end":{"line":82,"column":null}},"type":"if","locations":[{"start":{"line":82,"column":4},"end":{"line":82,"column":null}},{"start":{},"end":{}}],"line":82},"5":{"loc":{"start":{"line":86,"column":25},"end":{"line":86,"column":null}},"type":"binary-expr","locations":[{"start":{"line":86,"column":25},"end":{"line":86,"column":41}},{"start":{"line":86,"column":41},"end":{"line":86,"column":null}}],"line":86},"6":{"loc":{"start":{"line":96,"column":18},"end":{"line":96,"column":null}},"type":"cond-expr","locations":[{"start":{"line":96,"column":31},"end":{"line":96,"column":55}},{"start":{"line":96,"column":55},"end":{"line":96,"column":null}}],"line":96},"7":{"loc":{"start":{"line":98,"column":2},"end":{"line":101,"column":null}},"type":"if","locations":[{"start":{"line":98,"column":2},"end":{"line":101,"column":null}},{"start":{},"end":{}}],"line":98},"8":{"loc":{"start":{"line":98,"column":6},"end":{"line":98,"column":64}},"type":"binary-expr","locations":[{"start":{"line":98,"column":6},"end":{"line":98,"column":36}},{"start":{"line":98,"column":36},"end":{"line":98,"column":64}}],"line":98},"9":{"loc":{"start":{"line":100,"column":4},"end":{"line":100,"column":null}},"type":"if","locations":[{"start":{"line":100,"column":4},"end":{"line":100,"column":null}},{"start":{},"end":{}}],"line":100},"10":{"loc":{"start":{"line":113,"column":13},"end":{"line":113,"column":27}},"type":"binary-expr","locations":[{"start":{"line":113,"column":13},"end":{"line":113,"column":24}},{"start":{"line":113,"column":24},"end":{"line":113,"column":27}}],"line":113},"11":{"loc":{"start":{"line":113,"column":32},"end":{"line":113,"column":52}},"type":"binary-expr","locations":[{"start":{"line":113,"column":32},"end":{"line":113,"column":49}},{"start":{"line":113,"column":49},"end":{"line":113,"column":52}}],"line":113},"12":{"loc":{"start":{"line":113,"column":57},"end":{"line":113,"column":72}},"type":"binary-expr","locations":[{"start":{"line":113,"column":57},"end":{"line":113,"column":69}},{"start":{"line":113,"column":69},"end":{"line":113,"column":72}}],"line":113},"13":{"loc":{"start":{"line":114,"column":13},"end":{"line":114,"column":34}},"type":"binary-expr","locations":[{"start":{"line":114,"column":13},"end":{"line":114,"column":31}},{"start":{"line":114,"column":31},"end":{"line":114,"column":34}}],"line":114},"14":{"loc":{"start":{"line":114,"column":39},"end":{"line":114,"column":73}},"type":"binary-expr","locations":[{"start":{"line":114,"column":39},"end":{"line":114,"column":70}},{"start":{"line":114,"column":70},"end":{"line":114,"column":73}}],"line":114},"15":{"loc":{"start":{"line":124,"column":28},"end":{"line":124,"column":41}},"type":"binary-expr","locations":[{"start":{"line":124,"column":28},"end":{"line":124,"column":39}},{"start":{"line":124,"column":39},"end":{"line":124,"column":41}}],"line":124},"16":{"loc":{"start":{"line":125,"column":4},"end":{"line":127,"column":null}},"type":"if","locations":[{"start":{"line":125,"column":4},"end":{"line":127,"column":null}},{"start":{},"end":{}}],"line":125},"17":{"loc":{"start":{"line":126,"column":21},"end":{"line":126,"column":54}},"type":"binary-expr","locations":[{"start":{"line":126,"column":21},"end":{"line":126,"column":52}},{"start":{"line":126,"column":52},"end":{"line":126,"column":54}}],"line":126},"18":{"loc":{"start":{"line":138,"column":23},"end":{"line":138,"column":null}},"type":"binary-expr","locations":[{"start":{"line":138,"column":23},"end":{"line":138,"column":28}},{"start":{"line":138,"column":28},"end":{"line":138,"column":null}}],"line":138},"19":{"loc":{"start":{"line":142,"column":23},"end":{"line":142,"column":null}},"type":"binary-expr","locations":[{"start":{"line":142,"column":23},"end":{"line":142,"column":28}},{"start":{"line":142,"column":28},"end":{"line":142,"column":null}}],"line":142},"20":{"loc":{"start":{"line":146,"column":23},"end":{"line":146,"column":null}},"type":"binary-expr","locations":[{"start":{"line":146,"column":23},"end":{"line":146,"column":28}},{"start":{"line":146,"column":28},"end":{"line":146,"column":null}}],"line":146},"21":{"loc":{"start":{"line":150,"column":23},"end":{"line":150,"column":null}},"type":"binary-expr","locations":[{"start":{"line":150,"column":23},"end":{"line":150,"column":28}},{"start":{"line":150,"column":28},"end":{"line":150,"column":null}}],"line":150},"22":{"loc":{"start":{"line":154,"column":23},"end":{"line":154,"column":null}},"type":"binary-expr","locations":[{"start":{"line":154,"column":23},"end":{"line":154,"column":28}},{"start":{"line":154,"column":28},"end":{"line":154,"column":null}}],"line":154},"23":{"loc":{"start":{"line":166,"column":23},"end":{"line":166,"column":null}},"type":"binary-expr","locations":[{"start":{"line":166,"column":23},"end":{"line":166,"column":28}},{"start":{"line":166,"column":28},"end":{"line":166,"column":null}}],"line":166},"24":{"loc":{"start":{"line":170,"column":23},"end":{"line":170,"column":null}},"type":"binary-expr","locations":[{"start":{"line":170,"column":23},"end":{"line":170,"column":28}},{"start":{"line":170,"column":28},"end":{"line":170,"column":null}}],"line":170},"25":{"loc":{"start":{"line":174,"column":23},"end":{"line":174,"column":null}},"type":"binary-expr","locations":[{"start":{"line":174,"column":23},"end":{"line":174,"column":28}},{"start":{"line":174,"column":28},"end":{"line":174,"column":null}}],"line":174},"26":{"loc":{"start":{"line":178,"column":23},"end":{"line":178,"column":null}},"type":"binary-expr","locations":[{"start":{"line":178,"column":23},"end":{"line":178,"column":28}},{"start":{"line":178,"column":28},"end":{"line":178,"column":null}}],"line":178},"27":{"loc":{"start":{"line":182,"column":23},"end":{"line":182,"column":null}},"type":"binary-expr","locations":[{"start":{"line":182,"column":23},"end":{"line":182,"column":28}},{"start":{"line":182,"column":28},"end":{"line":182,"column":null}}],"line":182},"28":{"loc":{"start":{"line":186,"column":23},"end":{"line":186,"column":null}},"type":"binary-expr","locations":[{"start":{"line":186,"column":23},"end":{"line":186,"column":28}},{"start":{"line":186,"column":28},"end":{"line":186,"column":null}}],"line":186},"29":{"loc":{"start":{"line":190,"column":23},"end":{"line":190,"column":null}},"type":"binary-expr","locations":[{"start":{"line":190,"column":23},"end":{"line":190,"column":28}},{"start":{"line":190,"column":28},"end":{"line":190,"column":null}}],"line":190},"30":{"loc":{"start":{"line":194,"column":23},"end":{"line":194,"column":null}},"type":"binary-expr","locations":[{"start":{"line":194,"column":23},"end":{"line":194,"column":28}},{"start":{"line":194,"column":28},"end":{"line":194,"column":null}}],"line":194},"31":{"loc":{"start":{"line":207,"column":25},"end":{"line":207,"column":53}},"type":"binary-expr","locations":[{"start":{"line":207,"column":25},"end":{"line":207,"column":48}},{"start":{"line":207,"column":48},"end":{"line":207,"column":53}}],"line":207},"32":{"loc":{"start":{"line":226,"column":65},"end":{"line":226,"column":115}},"type":"cond-expr","locations":[{"start":{"line":226,"column":88},"end":{"line":226,"column":102}},{"start":{"line":226,"column":102},"end":{"line":226,"column":115}}],"line":226},"33":{"loc":{"start":{"line":235,"column":20},"end":{"line":235,"column":48}},"type":"binary-expr","locations":[{"start":{"line":235,"column":20},"end":{"line":235,"column":44}},{"start":{"line":235,"column":44},"end":{"line":235,"column":48}}],"line":235},"34":{"loc":{"start":{"line":236,"column":17},"end":{"line":236,"column":null}},"type":"binary-expr","locations":[{"start":{"line":236,"column":17},"end":{"line":236,"column":28}},{"start":{"line":236,"column":28},"end":{"line":236,"column":null}}],"line":236},"35":{"loc":{"start":{"line":238,"column":21},"end":{"line":238,"column":54}},"type":"binary-expr","locations":[{"start":{"line":238,"column":21},"end":{"line":238,"column":52}},{"start":{"line":238,"column":52},"end":{"line":238,"column":54}}],"line":238},"36":{"loc":{"start":{"line":239,"column":6},"end":{"line":239,"column":null}},"type":"if","locations":[{"start":{"line":239,"column":6},"end":{"line":239,"column":null}},{"start":{},"end":{}}],"line":239},"37":{"loc":{"start":{"line":239,"column":12},"end":{"line":239,"column":27}},"type":"binary-expr","locations":[{"start":{"line":239,"column":12},"end":{"line":239,"column":19}},{"start":{"line":239,"column":19},"end":{"line":239,"column":27}}],"line":239},"38":{"loc":{"start":{"line":243,"column":20},"end":{"line":243,"column":null}},"type":"cond-expr","locations":[{"start":{"line":243,"column":44},"end":{"line":243,"column":51}},{"start":{"line":243,"column":51},"end":{"line":243,"column":null}}],"line":243},"39":{"loc":{"start":{"line":251,"column":40},"end":{"line":251,"column":66}},"type":"binary-expr","locations":[{"start":{"line":251,"column":40},"end":{"line":251,"column":61}},{"start":{"line":251,"column":61},"end":{"line":251,"column":66}}],"line":251},"40":{"loc":{"start":{"line":252,"column":2},"end":{"line":254,"column":null}},"type":"if","locations":[{"start":{"line":252,"column":2},"end":{"line":254,"column":null}},{"start":{},"end":{}}],"line":252},"41":{"loc":{"start":{"line":252,"column":6},"end":{"line":252,"column":38}},"type":"binary-expr","locations":[{"start":{"line":252,"column":6},"end":{"line":252,"column":28}},{"start":{"line":252,"column":28},"end":{"line":252,"column":38}}],"line":252},"42":{"loc":{"start":{"line":262,"column":4},"end":{"line":264,"column":null}},"type":"if","locations":[{"start":{"line":262,"column":4},"end":{"line":264,"column":null}},{"start":{},"end":{}}],"line":262},"43":{"loc":{"start":{"line":272,"column":4},"end":{"line":272,"column":67}},"type":"binary-expr","locations":[{"start":{"line":272,"column":4},"end":{"line":272,"column":43}},{"start":{"line":272,"column":43},"end":{"line":272,"column":67}}],"line":272},"44":{"loc":{"start":{"line":280,"column":54},"end":{"line":280,"column":104}},"type":"cond-expr","locations":[{"start":{"line":280,"column":77},"end":{"line":280,"column":91}},{"start":{"line":280,"column":91},"end":{"line":280,"column":104}}],"line":280},"45":{"loc":{"start":{"line":285,"column":56},"end":{"line":285,"column":74}},"type":"binary-expr","locations":[{"start":{"line":285,"column":56},"end":{"line":285,"column":72}},{"start":{"line":285,"column":72},"end":{"line":285,"column":74}}],"line":285},"46":{"loc":{"start":{"line":287,"column":4},"end":{"line":290,"column":null}},"type":"if","locations":[{"start":{"line":287,"column":4},"end":{"line":290,"column":null}},{"start":{},"end":{}}],"line":287},"47":{"loc":{"start":{"line":291,"column":4},"end":{"line":294,"column":null}},"type":"if","locations":[{"start":{"line":291,"column":4},"end":{"line":294,"column":null}},{"start":{},"end":{}}],"line":291},"48":{"loc":{"start":{"line":297,"column":2},"end":{"line":299,"column":null}},"type":"if","locations":[{"start":{"line":297,"column":2},"end":{"line":299,"column":null}},{"start":{},"end":{}}],"line":297},"49":{"loc":{"start":{"line":308,"column":36},"end":{"line":308,"column":54}},"type":"binary-expr","locations":[{"start":{"line":308,"column":36},"end":{"line":308,"column":52}},{"start":{"line":308,"column":52},"end":{"line":308,"column":54}}],"line":308},"50":{"loc":{"start":{"line":311,"column":2},"end":{"line":313,"column":null}},"type":"if","locations":[{"start":{"line":311,"column":2},"end":{"line":313,"column":null}},{"start":{},"end":{}}],"line":311},"51":{"loc":{"start":{"line":319,"column":2},"end":{"line":322,"column":null}},"type":"if","locations":[{"start":{"line":319,"column":2},"end":{"line":322,"column":null}},{"start":{},"end":{}}],"line":319},"52":{"loc":{"start":{"line":319,"column":6},"end":{"line":319,"column":71}},"type":"binary-expr","locations":[{"start":{"line":319,"column":6},"end":{"line":319,"column":20}},{"start":{"line":319,"column":6},"end":{"line":319,"column":71}}],"line":319},"53":{"loc":{"start":{"line":319,"column":20},"end":{"line":319,"column":58}},"type":"binary-expr","locations":[{"start":{"line":319,"column":20},"end":{"line":319,"column":53}},{"start":{"line":319,"column":53},"end":{"line":319,"column":58}}],"line":319},"54":{"loc":{"start":{"line":335,"column":2},"end":{"line":338,"column":null}},"type":"if","locations":[{"start":{"line":335,"column":2},"end":{"line":338,"column":null}},{"start":{},"end":{}}],"line":335},"55":{"loc":{"start":{"line":335,"column":6},"end":{"line":335,"column":86}},"type":"binary-expr","locations":[{"start":{"line":335,"column":6},"end":{"line":335,"column":38}},{"start":{"line":335,"column":26},"end":{"line":335,"column":86}}],"line":335},"56":{"loc":{"start":{"line":335,"column":38},"end":{"line":335,"column":73}},"type":"binary-expr","locations":[{"start":{"line":335,"column":38},"end":{"line":335,"column":68}},{"start":{"line":335,"column":68},"end":{"line":335,"column":73}}],"line":335},"57":{"loc":{"start":{"line":347,"column":16},"end":{"line":347,"column":null}},"type":"binary-expr","locations":[{"start":{"line":347,"column":16},"end":{"line":347,"column":27}},{"start":{"line":347,"column":27},"end":{"line":347,"column":null}}],"line":347},"58":{"loc":{"start":{"line":352,"column":41},"end":{"line":352,"column":91}},"type":"cond-expr","locations":[{"start":{"line":352,"column":64},"end":{"line":352,"column":78}},{"start":{"line":352,"column":78},"end":{"line":352,"column":91}}],"line":352},"59":{"loc":{"start":{"line":353,"column":36},"end":{"line":353,"column":86}},"type":"cond-expr","locations":[{"start":{"line":353,"column":59},"end":{"line":353,"column":73}},{"start":{"line":353,"column":73},"end":{"line":353,"column":86}}],"line":353},"60":{"loc":{"start":{"line":366,"column":41},"end":{"line":366,"column":91}},"type":"cond-expr","locations":[{"start":{"line":366,"column":64},"end":{"line":366,"column":78}},{"start":{"line":366,"column":78},"end":{"line":366,"column":91}}],"line":366},"61":{"loc":{"start":{"line":367,"column":36},"end":{"line":367,"column":86}},"type":"cond-expr","locations":[{"start":{"line":367,"column":59},"end":{"line":367,"column":73}},{"start":{"line":367,"column":73},"end":{"line":367,"column":86}}],"line":367}},"s":{"0":1,"1":1,"2":1,"3":1,"4":22,"5":22,"6":69,"7":29,"8":29,"9":98,"10":29,"11":0,"12":29,"13":131,"14":29,"15":29,"16":29,"17":69,"18":29,"19":40,"20":190,"21":40,"22":40,"23":40,"24":110,"25":40,"26":69,"27":4,"28":4,"29":4,"30":0,"31":0,"32":0,"33":4,"34":1,"35":4,"36":4,"37":6,"38":9,"39":4,"40":12,"41":12,"42":20,"43":20,"44":17,"45":12,"46":1,"47":1,"48":0,"49":0,"50":0,"51":0,"52":0,"53":0,"54":0,"55":0,"56":0,"57":0,"58":0,"59":0,"60":0,"61":0,"62":0,"63":0,"64":0,"65":0,"66":0,"67":0,"68":0,"69":0,"70":0,"71":0,"72":0,"73":0,"74":49,"75":49,"76":25,"77":25,"78":7,"79":7,"80":7,"81":21,"82":7,"83":21,"84":21,"85":21,"86":17,"87":17,"88":17,"89":17,"90":4,"91":4,"92":7,"93":1,"94":3,"95":3,"96":2,"97":2,"98":2,"99":2,"100":0,"101":2,"102":3,"103":3,"104":3,"105":1,"106":3,"107":9,"108":3,"109":2,"110":3,"111":1,"112":2,"113":4,"114":4,"115":4,"116":12,"117":6,"118":4,"119":4,"120":4,"121":4,"122":12,"123":4,"124":12,"125":12,"126":12,"127":0,"128":0,"129":12,"130":12,"131":12,"132":1956,"133":12,"134":12,"135":5,"136":5,"137":12,"138":0,"139":0,"140":4,"141":0,"142":4,"143":4,"144":4,"145":2,"146":2,"147":2,"148":2,"149":1,"150":2,"151":2,"152":2,"153":1,"154":1,"155":1,"156":0,"157":0,"158":0,"159":0,"160":0,"161":2,"162":1,"163":1,"164":1,"165":0,"166":0,"167":0,"168":0,"169":0,"170":0,"171":0,"172":0,"173":0,"174":0,"175":0,"176":5,"177":5,"178":5,"179":4,"180":4,"181":4,"182":1,"183":1,"184":5,"185":5,"186":1,"187":1,"188":1,"189":1,"190":1,"191":1,"192":1,"193":1,"194":1,"195":1,"196":1,"197":1,"198":1,"199":1,"200":1},"f":{"0":22,"1":69,"2":29,"3":98,"4":131,"5":190,"6":4,"7":4,"8":12,"9":0,"10":0,"11":0,"12":0,"13":0,"14":0,"15":0,"16":0,"17":0,"18":0,"19":0,"20":0,"21":0,"22":0,"23":0,"24":0,"25":0,"26":0,"27":0,"28":0,"29":0,"30":0,"31":0,"32":0,"33":0,"34":0,"35":49,"36":25,"37":7,"38":21,"39":1,"40":3,"41":9,"42":2,"43":4,"44":12,"45":1956,"46":2,"47":2,"48":0,"49":2,"50":0,"51":5,"52":1},"b":{"0":[1,1],"1":[19,3],"2":[22,22],"3":[0,29],"4":[29,40],"5":[110,0],"6":[2,2],"7":[0,4],"8":[4,1],"9":[0,0],"10":[9,0],"11":[9,9],"12":[9,9],"13":[9,9],"14":[9,0],"15":[20,0],"16":[17,3],"17":[17,0],"18":[0,0],"19":[0,0],"20":[0,0],"21":[0,0],"22":[0,0],"23":[0,0],"24":[0,0],"25":[0,0],"26":[0,0],"27":[0,0],"28":[0,0],"29":[0,0],"30":[0,0],"31":[25,21],"32":[4,0],"33":[3,2],"34":[2,0],"35":[2,0],"36":[0,2],"37":[2,2],"38":[0,3],"39":[2,0],"40":[1,2],"41":[3,2],"42":[6,6],"43":[4,4],"44":[0,0],"45":[1956,1939],"46":[5,7],"47":[0,12],"48":[0,4],"49":[2,0],"50":[1,1],"51":[1,1],"52":[2,1],"53":[1,0],"54":[1,1],"55":[2,1],"56":[1,0],"57":[0,0],"58":[0,0],"59":[0,0],"60":[1,0],"61":[1,0]},"meta":{"lastBranch":62,"lastFunction":53,"lastStatement":201,"seen":{"s:7:6:7:Infinity":0,"s:9:23:9:Infinity":1,"s:10:20:10:Infinity":2,"b:10:29:10:56:10:56:10:61":0,"s:12:30:62:Infinity":3,"f:64:9:64:21":0,"s:65:14:65:Infinity":4,"s:66:2:66:Infinity":5,"b:66:58:66:87:66:87:66:Infinity":1,"b:66:9:66:21:66:21:66:58":2,"f:69:9:69:25":1,"s:70:2:70:Infinity":6,"f:73:9:73:28":2,"s:74:16:74:Infinity":7,"s:75:21:75:Infinity":8,"f:75:27:75:35":3,"s:75:41:75:65":9,"b:76:2:76:Infinity:undefined:undefined:undefined:undefined":3,"s:76:2:76:Infinity":10,"s:76:29:76:Infinity":11,"s:78:18:78:Infinity":12,"f:78:44:78:49":4,"s:78:55:78:63":13,"s:80:41:80:Infinity":14,"s:81:2:89:Infinity":15,"s:81:15:81:18":16,"b:82:4:82:Infinity:undefined:undefined:undefined:undefined":4,"s:82:4:82:Infinity":17,"s:82:41:82:Infinity":18,"s:83:18:83:Infinity":19,"f:83:44:83:49":5,"s:83:55:83:63":20,"s:84:40:84:Infinity":21,"s:85:4:87:Infinity":22,"s:85:17:85:20":23,"s:86:6:86:Infinity":24,"b:86:25:86:41:86:41:86:Infinity":5,"s:88:4:88:Infinity":25,"s:91:2:91:Infinity":26,"f:94:9:94:21":6,"s:95:21:95:Infinity":27,"s:96:18:96:Infinity":28,"b:96:31:96:55:96:55:96:Infinity":6,"b:98:2:101:Infinity:undefined:undefined:undefined:undefined":7,"s:98:2:101:Infinity":29,"b:98:6:98:36:98:36:98:64":8,"s:99:23:99:Infinity":30,"b:100:4:100:Infinity:undefined:undefined:undefined:undefined":9,"s:100:4:100:Infinity":31,"s:100:20:100:Infinity":32,"s:103:2:103:Infinity":33,"s:106:23:106:Infinity":34,"f:108:9:108:27":7,"s:109:26:109:Infinity":35,"s:110:2:117:Infinity":36,"s:111:4:116:Infinity":37,"s:112:6:115:Infinity":38,"b:113:13:113:24:113:24:113:27":10,"b:113:32:113:49:113:49:113:52":11,"b:113:57:113:69:113:69:113:72":12,"b:114:13:114:31:114:31:114:34":13,"b:114:39:114:70:114:70:114:73":14,"s:118:2:118:Infinity":39,"f:121:9:121:22":8,"s:122:41:122:Infinity":40,"s:123:2:128:Infinity":41,"s:124:16:124:Infinity":42,"b:124:28:124:39:124:39:124:41":15,"b:125:4:127:Infinity:undefined:undefined:undefined:undefined":16,"s:125:4:127:Infinity":43,"s:126:6:126:Infinity":44,"b:126:21:126:52:126:52:126:54":17,"s:129:2:129:Infinity":45,"s:132:18:132:Infinity":46,"s:134:29:197:Infinity":47,"f:138:4:138:14":9,"s:138:23:138:Infinity":48,"b:138:23:138:28:138:28:138:Infinity":18,"f:139:4:139:20":10,"s:139:20:139:Infinity":49,"f:142:4:142:14":11,"s:142:23:142:Infinity":50,"b:142:23:142:28:142:28:142:Infinity":19,"f:143:4:143:20":12,"s:143:20:143:Infinity":51,"f:146:4:146:14":13,"s:146:23:146:Infinity":52,"b:146:23:146:28:146:28:146:Infinity":20,"f:147:4:147:20":14,"s:147:20:147:Infinity":53,"f:150:4:150:14":15,"s:150:23:150:Infinity":54,"b:150:23:150:28:150:28:150:Infinity":21,"f:151:4:151:20":16,"s:151:20:151:Infinity":55,"f:154:4:154:14":17,"s:154:23:154:Infinity":56,"b:154:23:154:28:154:28:154:Infinity":22,"f:155:4:155:20":18,"s:155:20:155:Infinity":57,"f:166:4:166:14":19,"s:166:23:166:Infinity":58,"b:166:23:166:28:166:28:166:Infinity":23,"f:167:4:167:19":20,"s:167:19:167:Infinity":59,"f:170:4:170:14":21,"s:170:23:170:Infinity":60,"b:170:23:170:28:170:28:170:Infinity":24,"f:171:4:171:19":22,"s:171:19:171:Infinity":61,"f:174:4:174:14":23,"s:174:23:174:Infinity":62,"b:174:23:174:28:174:28:174:Infinity":25,"f:175:4:175:19":24,"s:175:19:175:Infinity":63,"f:178:4:178:14":25,"s:178:23:178:Infinity":64,"b:178:23:178:28:178:28:178:Infinity":26,"f:179:4:179:20":26,"s:179:20:179:Infinity":65,"f:182:4:182:14":27,"s:182:23:182:Infinity":66,"b:182:23:182:28:182:28:182:Infinity":27,"f:183:4:183:19":28,"s:183:19:183:Infinity":67,"f:186:4:186:14":29,"s:186:23:186:Infinity":68,"b:186:23:186:28:186:28:186:Infinity":28,"f:187:4:187:19":30,"s:187:19:187:Infinity":69,"f:190:4:190:14":31,"s:190:23:190:Infinity":70,"b:190:23:190:28:190:28:190:Infinity":29,"f:191:4:191:19":32,"s:191:19:191:Infinity":71,"f:194:4:194:14":33,"s:194:23:194:Infinity":72,"b:194:23:194:28:194:28:194:Infinity":30,"f:195:4:195:19":34,"s:195:19:195:Infinity":73,"f:201:9:201:13":35,"s:202:2:202:Infinity":74,"s:203:2:203:Infinity":75,"f:206:9:206:14":36,"s:207:2:207:Infinity":76,"b:207:25:207:48:207:48:207:53":31,"s:208:2:208:Infinity":77,"f:211:15:211:28":37,"s:212:18:212:Infinity":78,"s:213:8:213:Infinity":79,"s:215:18:215:Infinity":80,"f:215:28:215:36":38,"s:215:42:215:57":81,"s:216:2:228:Infinity":82,"s:217:14:217:Infinity":83,"s:218:4:227:Infinity":84,"s:219:19:219:Infinity":85,"s:220:19:220:Infinity":86,"s:221:6:221:Infinity":87,"s:222:6:222:Infinity":88,"s:223:6:223:Infinity":89,"s:225:6:225:Infinity":90,"s:226:6:226:Infinity":91,"b:226:88:226:102:226:102:226:115":32,"s:229:2:229:Infinity":92,"f:232:15:232:36":39,"s:233:2:245:Infinity":93,"s:234:17:234:Infinity":94,"s:235:4:241:Infinity":95,"b:235:20:235:44:235:44:235:48":33,"s:236:17:236:Infinity":96,"b:236:17:236:28:236:28:236:Infinity":34,"s:237:12:237:Infinity":97,"s:238:12:238:Infinity":98,"b:238:21:238:52:238:52:238:54":35,"b:239:6:239:Infinity:undefined:undefined:undefined:undefined":36,"s:239:6:239:Infinity":99,"b:239:12:239:19:239:19:239:27":37,"s:239:27:239:Infinity":100,"s:240:6:240:Infinity":101,"s:242:4:242:Infinity":102,"s:243:20:243:Infinity":103,"b:243:44:243:51:243:51:243:Infinity":38,"s:244:4:244:Infinity":104,"s:246:2:246:Infinity":105,"f:249:9:249:28":40,"s:250:18:250:Infinity":106,"f:250:28:250:36":41,"s:250:42:250:57":107,"s:251:19:251:Infinity":108,"f:251:27:251:33":42,"s:251:33:251:77":109,"b:251:40:251:61:251:61:251:66":39,"b:252:2:254:Infinity:undefined:undefined:undefined:undefined":40,"s:252:2:254:Infinity":110,"b:252:6:252:28:252:28:252:38":41,"s:253:4:253:Infinity":111,"s:255:2:255:Infinity":112,"f:258:15:258:31":43,"s:259:2:259:Infinity":113,"s:260:60:260:Infinity":114,"s:261:2:265:Infinity":115,"b:262:4:264:Infinity:undefined:undefined:undefined:undefined":42,"s:262:4:264:Infinity":116,"s:263:6:263:Infinity":117,"s:266:8:266:Infinity":118,"s:268:39:268:Infinity":119,"s:269:19:269:Infinity":120,"s:271:8:273:Infinity":121,"b:272:4:272:43:272:43:272:67":43,"f:273:15:273:20":44,"s:273:26:273:34":122,"s:275:2:295:Infinity":123,"s:276:15:276:Infinity":124,"s:277:4:282:Infinity":125,"s:278:6:278:Infinity":126,"s:280:6:280:Infinity":127,"b:280:77:280:91:280:91:280:104":44,"s:281:6:281:Infinity":128,"s:283:19:283:Infinity":129,"s:284:22:284:Infinity":130,"s:285:19:285:Infinity":131,"f:285:41:285:49":45,"s:285:49:285:82":132,"b:285:56:285:72:285:72:285:74":45,"s:286:4:286:Infinity":133,"b:287:4:290:Infinity:undefined:undefined:undefined:undefined":46,"s:287:4:290:Infinity":134,"s:288:6:288:Infinity":135,"s:289:6:289:Infinity":136,"b:291:4:294:Infinity:undefined:undefined:undefined:undefined":47,"s:291:4:294:Infinity":137,"s:292:6:292:Infinity":138,"s:293:6:293:Infinity":139,"b:297:2:299:Infinity:undefined:undefined:undefined:undefined":48,"s:297:2:299:Infinity":140,"s:298:4:298:Infinity":141,"s:301:2:301:Infinity":142,"s:302:2:302:Infinity":143,"s:304:2:304:Infinity":144,"f:307:15:307:24":46,"s:308:8:308:Infinity":145,"b:308:36:308:52:308:52:308:54":49,"s:309:2:309:Infinity":146,"s:310:2:310:Infinity":147,"b:311:2:313:Infinity:undefined:undefined:undefined:undefined":50,"s:311:2:313:Infinity":148,"s:312:4:312:Infinity":149,"s:314:2:314:Infinity":150,"f:317:9:317:24":47,"s:318:20:318:Infinity":151,"b:319:2:322:Infinity:undefined:undefined:undefined:undefined":51,"s:319:2:322:Infinity":152,"b:319:6:319:20:319:6:319:71":52,"b:319:20:319:53:319:53:319:58":53,"s:320:4:320:Infinity":153,"s:321:4:321:Infinity":154,"s:323:2:323:Infinity":155,"f:326:15:326:27":48,"s:327:2:327:Infinity":156,"s:328:2:328:Infinity":157,"s:329:2:329:Infinity":158,"s:330:2:330:Infinity":159,"s:331:2:331:Infinity":160,"f:334:9:334:22":49,"b:335:2:338:Infinity:undefined:undefined:undefined:undefined":54,"s:335:2:338:Infinity":161,"b:335:6:335:38:335:26:335:86":55,"b:335:38:335:68:335:68:335:73":56,"s:336:4:336:Infinity":162,"s:337:4:337:Infinity":163,"s:339:2:339:Infinity":164,"f:342:15:342:26":50,"s:343:18:343:Infinity":165,"s:344:2:354:Infinity":166,"s:345:17:345:Infinity":167,"s:346:17:346:Infinity":168,"s:347:16:347:Infinity":169,"b:347:16:347:27:347:27:347:Infinity":57,"s:348:4:348:Infinity":170,"s:349:4:349:Infinity":171,"s:350:4:350:Infinity":172,"s:352:4:352:Infinity":173,"b:352:64:352:78:352:78:352:91":58,"s:353:4:353:Infinity":174,"b:353:59:353:73:353:73:353:86":59,"s:355:2:355:Infinity":175,"f:358:15:358:26":51,"s:359:18:359:Infinity":176,"s:360:2:368:Infinity":177,"s:361:17:361:Infinity":178,"s:362:17:362:Infinity":179,"s:363:4:363:Infinity":180,"s:364:4:364:Infinity":181,"s:366:4:366:Infinity":182,"b:366:64:366:78:366:78:366:91":60,"s:367:4:367:Infinity":183,"b:367:59:367:73:367:73:367:86":61,"s:369:2:369:Infinity":184,"s:370:2:370:Infinity":185,"s:373:17:380:Infinity":186,"s:382:0:382:Infinity":187,"s:383:0:383:Infinity":188,"s:384:0:387:Infinity":189,"s:388:0:388:Infinity":190,"s:389:0:392:Infinity":191,"s:393:0:396:Infinity":192,"s:397:0:397:Infinity":193,"s:398:0:398:Infinity":194,"s:400:12:400:Infinity":195,"f:423:22:423:42":52,"s:424:2:424:Infinity":196,"s:426:51:442:Infinity":197,"s:444:21:444:Infinity":198,"s:446:2:446:Infinity":199,"s:448:2:459:Infinity":200},"fnNames":{}}}
,"E:\\KITS-portel\\backend\\src\\lib\\auth.ts": {"path":"E:\\KITS-portel\\backend\\src\\lib\\auth.ts","statementMap":{"0":{"start":{"line":13,"column":27},"end":{"line":13,"column":null}},"1":{"start":{"line":14,"column":22},"end":{"line":14,"column":null}},"2":{"start":{"line":15,"column":19},"end":{"line":15,"column":null}},"3":{"start":{"line":16,"column":27},"end":{"line":16,"column":null}},"4":{"start":{"line":21,"column":17},"end":{"line":21,"column":null}},"5":{"start":{"line":22,"column":2},"end":{"line":24,"column":null}},"6":{"start":{"line":23,"column":4},"end":{"line":23,"column":null}},"7":{"start":{"line":25,"column":2},"end":{"line":25,"column":null}},"8":{"start":{"line":29,"column":25},"end":{"line":29,"column":null}},"9":{"start":{"line":40,"column":2},"end":{"line":42,"column":null}},"10":{"start":{"line":41,"column":4},"end":{"line":41,"column":null}},"11":{"start":{"line":43,"column":2},"end":{"line":43,"column":null}},"12":{"start":{"line":56,"column":2},"end":{"line":56,"column":null}},"13":{"start":{"line":72,"column":51},"end":{"line":76,"column":null}},"14":{"start":{"line":78,"column":2},"end":{"line":81,"column":null}},"15":{"start":{"line":91,"column":2},"end":{"line":109,"column":null}},"16":{"start":{"line":92,"column":20},"end":{"line":94,"column":null}},"17":{"start":{"line":96,"column":4},"end":{"line":98,"column":null}},"18":{"start":{"line":97,"column":6},"end":{"line":97,"column":null}},"19":{"start":{"line":100,"column":4},"end":{"line":106,"column":null}},"20":{"start":{"line":108,"column":4},"end":{"line":108,"column":null}},"21":{"start":{"line":122,"column":2},"end":{"line":129,"column":null}},"22":{"start":{"line":123,"column":18},"end":{"line":123,"column":null}},"23":{"start":{"line":124,"column":16},"end":{"line":124,"column":null}},"24":{"start":{"line":125,"column":4},"end":{"line":125,"column":null}},"25":{"start":{"line":127,"column":4},"end":{"line":127,"column":null}},"26":{"start":{"line":128,"column":4},"end":{"line":128,"column":null}},"27":{"start":{"line":138,"column":2},"end":{"line":148,"column":null}},"28":{"start":{"line":139,"column":18},"end":{"line":139,"column":null}},"29":{"start":{"line":140,"column":16},"end":{"line":140,"column":null}},"30":{"start":{"line":141,"column":19},"end":{"line":141,"column":null}},"31":{"start":{"line":142,"column":4},"end":{"line":142,"column":null}},"32":{"start":{"line":144,"column":4},"end":{"line":144,"column":null}},"33":{"start":{"line":147,"column":4},"end":{"line":147,"column":null}},"34":{"start":{"line":164,"column":2},"end":{"line":172,"column":null}}},"fnMap":{"0":{"name":"getJwtSecret","decl":{"start":{"line":20,"column":9},"end":{"line":20,"column":32}},"loc":{"start":{"line":20,"column":32},"end":{"line":26,"column":null}},"line":20},"1":{"name":"hashPassword","decl":{"start":{"line":39,"column":22},"end":{"line":39,"column":35}},"loc":{"start":{"line":39,"column":70},"end":{"line":44,"column":null}},"line":39},"2":{"name":"verifyPassword","decl":{"start":{"line":52,"column":22},"end":{"line":52,"column":null}},"loc":{"start":{"line":55,"column":20},"end":{"line":57,"column":null}},"line":55},"3":{"name":"generateJWT","decl":{"start":{"line":67,"column":16},"end":{"line":67,"column":null}},"loc":{"start":{"line":71,"column":10},"end":{"line":82,"column":null}},"line":71},"4":{"name":"verifyJWT","decl":{"start":{"line":90,"column":16},"end":{"line":90,"column":26}},"loc":{"start":{"line":90,"column":60},"end":{"line":110,"column":null}},"line":90},"5":{"name":"revokeToken","decl":{"start":{"line":118,"column":22},"end":{"line":118,"column":null}},"loc":{"start":{"line":121,"column":17},"end":{"line":130,"column":null}},"line":121},"6":{"name":"isTokenRevoked","decl":{"start":{"line":137,"column":22},"end":{"line":137,"column":37}},"loc":{"start":{"line":137,"column":70},"end":{"line":149,"column":null}},"line":137},"7":{"name":"sanitizeUser","decl":{"start":{"line":155,"column":16},"end":{"line":155,"column":29}},"loc":{"start":{"line":163,"column":37},"end":{"line":173,"column":null}},"line":163}},"branchMap":{"0":{"loc":{"start":{"line":22,"column":2},"end":{"line":24,"column":null}},"type":"if","locations":[{"start":{"line":22,"column":2},"end":{"line":24,"column":null}},{"start":{},"end":{}}],"line":22},"1":{"loc":{"start":{"line":40,"column":2},"end":{"line":42,"column":null}},"type":"if","locations":[{"start":{"line":40,"column":2},"end":{"line":42,"column":null}},{"start":{},"end":{}}],"line":40},"2":{"loc":{"start":{"line":40,"column":6},"end":{"line":40,"column":40}},"type":"binary-expr","locations":[{"start":{"line":40,"column":6},"end":{"line":40,"column":19}},{"start":{"line":40,"column":19},"end":{"line":40,"column":40}}],"line":40},"3":{"loc":{"start":{"line":96,"column":4},"end":{"line":98,"column":null}},"type":"if","locations":[{"start":{"line":96,"column":4},"end":{"line":98,"column":null}},{"start":{},"end":{}}],"line":96},"4":{"loc":{"start":{"line":96,"column":8},"end":{"line":96,"column":57}},"type":"binary-expr","locations":[{"start":{"line":96,"column":8},"end":{"line":96,"column":24}},{"start":{"line":96,"column":24},"end":{"line":96,"column":42}},{"start":{"line":96,"column":42},"end":{"line":96,"column":57}}],"line":96},"5":{"loc":{"start":{"line":104,"column":11},"end":{"line":104,"column":null}},"type":"binary-expr","locations":[{"start":{"line":104,"column":11},"end":{"line":104,"column":26}},{"start":{"line":104,"column":26},"end":{"line":104,"column":null}}],"line":104},"6":{"loc":{"start":{"line":105,"column":11},"end":{"line":105,"column":null}},"type":"binary-expr","locations":[{"start":{"line":105,"column":11},"end":{"line":105,"column":26}},{"start":{"line":105,"column":26},"end":{"line":105,"column":null}}],"line":105},"7":{"loc":{"start":{"line":120,"column":2},"end":{"line":120,"column":null}},"type":"default-arg","locations":[{"start":{"line":120,"column":26},"end":{"line":120,"column":null}}],"line":120},"8":{"loc":{"start":{"line":169,"column":18},"end":{"line":169,"column":null}},"type":"binary-expr","locations":[{"start":{"line":169,"column":18},"end":{"line":169,"column":38}},{"start":{"line":169,"column":38},"end":{"line":169,"column":null}}],"line":169},"9":{"loc":{"start":{"line":170,"column":15},"end":{"line":170,"column":null}},"type":"binary-expr","locations":[{"start":{"line":170,"column":15},"end":{"line":170,"column":48}},{"start":{"line":170,"column":48},"end":{"line":170,"column":null}}],"line":170}},"s":{"0":3,"1":3,"2":3,"3":3,"4":5,"5":5,"6":0,"7":5,"8":3,"9":2,"10":1,"11":1,"12":2,"13":2,"14":2,"15":3,"16":3,"17":3,"18":1,"19":1,"20":1,"21":2,"22":2,"23":1,"24":1,"25":1,"26":1,"27":3,"28":3,"29":2,"30":2,"31":2,"32":1,"33":1,"34":4},"f":{"0":5,"1":2,"2":2,"3":2,"4":3,"5":2,"6":3,"7":4},"b":{"0":[0,5],"1":[1,1],"2":[2,1],"3":[1,2],"4":[3,2,1],"5":[1,0],"6":[3,0],"7":[2],"8":[4,3],"9":[4,3]},"meta":{"lastBranch":10,"lastFunction":8,"lastStatement":35,"seen":{"s:13:27:13:Infinity":0,"s:14:22:14:Infinity":1,"s:15:19:15:Infinity":2,"s:16:27:16:Infinity":3,"f:20:9:20:32":0,"s:21:17:21:Infinity":4,"b:22:2:24:Infinity:undefined:undefined:undefined:undefined":0,"s:22:2:24:Infinity":5,"s:23:4:23:Infinity":6,"s:25:2:25:Infinity":7,"s:29:25:29:Infinity":8,"f:39:22:39:35":1,"b:40:2:42:Infinity:undefined:undefined:undefined:undefined":1,"s:40:2:42:Infinity":9,"b:40:6:40:19:40:19:40:40":2,"s:41:4:41:Infinity":10,"s:43:2:43:Infinity":11,"f:52:22:52:Infinity":2,"s:56:2:56:Infinity":12,"f:67:16:67:Infinity":3,"s:72:51:76:Infinity":13,"s:78:2:81:Infinity":14,"f:90:16:90:26":4,"s:91:2:109:Infinity":15,"s:92:20:94:Infinity":16,"b:96:4:98:Infinity:undefined:undefined:undefined:undefined":3,"s:96:4:98:Infinity":17,"b:96:8:96:24:96:24:96:42:96:42:96:57":4,"s:97:6:97:Infinity":18,"s:100:4:106:Infinity":19,"b:104:11:104:26:104:26:104:Infinity":5,"b:105:11:105:26:105:26:105:Infinity":6,"s:108:4:108:Infinity":20,"f:118:22:118:Infinity":5,"b:120:26:120:Infinity":7,"s:122:2:129:Infinity":21,"s:123:18:123:Infinity":22,"s:124:16:124:Infinity":23,"s:125:4:125:Infinity":24,"s:127:4:127:Infinity":25,"s:128:4:128:Infinity":26,"f:137:22:137:37":6,"s:138:2:148:Infinity":27,"s:139:18:139:Infinity":28,"s:140:16:140:Infinity":29,"s:141:19:141:Infinity":30,"s:142:4:142:Infinity":31,"s:144:4:144:Infinity":32,"s:147:4:147:Infinity":33,"f:155:16:155:29":7,"s:164:2:172:Infinity":34,"b:169:18:169:38:169:38:169:Infinity":8,"b:170:15:170:48:170:48:170:Infinity":9},"fnNames":{}}}
,"E:\\KITS-portel\\backend\\src\\lib\\db.ts": {"path":"E:\\KITS-portel\\backend\\src\\lib\\db.ts","statementMap":{"0":{"start":{"line":8,"column":24},"end":{"line":8,"column":null}},"1":{"start":{"line":18,"column":2},"end":{"line":22,"column":null}},"2":{"start":{"line":27,"column":2},"end":{"line":28,"column":null}},"3":{"start":{"line":32,"column":2},"end":{"line":32,"column":null}},"4":{"start":{"line":33,"column":2},"end":{"line":33,"column":null}},"5":{"start":{"line":34,"column":2},"end":{"line":34,"column":null}},"6":{"start":{"line":37,"column":0},"end":{"line":37,"column":null}},"7":{"start":{"line":37,"column":27},"end":{"line":37,"column":51}},"8":{"start":{"line":38,"column":0},"end":{"line":38,"column":null}},"9":{"start":{"line":38,"column":28},"end":{"line":38,"column":53}}},"fnMap":{"0":{"name":"createPrismaClient","decl":{"start":{"line":17,"column":16},"end":{"line":17,"column":51}},"loc":{"start":{"line":17,"column":51},"end":{"line":23,"column":null}},"line":17},"1":{"name":"handleShutdown","decl":{"start":{"line":31,"column":15},"end":{"line":31,"column":30}},"loc":{"start":{"line":31,"column":46},"end":{"line":35,"column":null}},"line":31},"2":{"name":"(anonymous_2)","decl":{"start":{"line":37,"column":11},"end":{"line":37,"column":27}},"loc":{"start":{"line":37,"column":27},"end":{"line":37,"column":51}},"line":37},"3":{"name":"(anonymous_3)","decl":{"start":{"line":38,"column":11},"end":{"line":38,"column":28}},"loc":{"start":{"line":38,"column":28},"end":{"line":38,"column":53}},"line":38}},"branchMap":{"0":{"loc":{"start":{"line":19,"column":4},"end":{"line":21,"column":null}},"type":"cond-expr","locations":[{"start":{"line":20,"column":8},"end":{"line":20,"column":null}},{"start":{"line":21,"column":8},"end":{"line":21,"column":null}}],"line":19},"1":{"loc":{"start":{"line":27,"column":2},"end":{"line":28,"column":null}},"type":"binary-expr","locations":[{"start":{"line":27,"column":2},"end":{"line":27,"column":null}},{"start":{"line":28,"column":3},"end":{"line":28,"column":null}}],"line":27}},"s":{"0":1,"1":3,"2":1,"3":0,"4":0,"5":0,"6":1,"7":0,"8":1,"9":0},"f":{"0":3,"1":0,"2":0,"3":0},"b":{"0":[0,3],"1":[1,1]},"meta":{"lastBranch":2,"lastFunction":4,"lastStatement":10,"seen":{"s:8:24:8:Infinity":0,"f:17:16:17:51":0,"s:18:2:22:Infinity":1,"b:20:8:20:Infinity:21:8:21:Infinity":0,"s:27:2:28:Infinity":2,"b:27:2:27:Infinity:28:3:28:Infinity":1,"f:31:15:31:30":1,"s:32:2:32:Infinity":3,"s:33:2:33:Infinity":4,"s:34:2:34:Infinity":5,"s:37:0:37:Infinity":6,"f:37:11:37:27":2,"s:37:27:37:51":7,"s:38:0:38:Infinity":8,"f:38:11:38:28":3,"s:38:28:38:53":9},"fnNames":{}}}
,"E:\\KITS-portel\\backend\\src\\lib\\llm.ts": {"path":"E:\\KITS-portel\\backend\\src\\lib\\llm.ts","statementMap":{"0":{"start":{"line":4,"column":6},"end":{"line":4,"column":null}},"1":{"start":{"line":6,"column":19},"end":{"line":6,"column":null}},"2":{"start":{"line":7,"column":21},"end":{"line":7,"column":null}},"3":{"start":{"line":9,"column":33},"end":{"line":9,"column":null}},"4":{"start":{"line":12,"column":2},"end":{"line":22,"column":null}},"5":{"start":{"line":13,"column":4},"end":{"line":15,"column":null}},"6":{"start":{"line":14,"column":6},"end":{"line":14,"column":null}},"7":{"start":{"line":16,"column":4},"end":{"line":21,"column":null}},"8":{"start":{"line":23,"column":2},"end":{"line":23,"column":null}},"9":{"start":{"line":30,"column":16},"end":{"line":30,"column":null}},"10":{"start":{"line":31,"column":2},"end":{"line":47,"column":null}},"11":{"start":{"line":32,"column":18},"end":{"line":32,"column":null}},"12":{"start":{"line":33,"column":74},"end":{"line":33,"column":null}},"13":{"start":{"line":34,"column":4},"end":{"line":36,"column":null}},"14":{"start":{"line":35,"column":6},"end":{"line":35,"column":null}},"15":{"start":{"line":37,"column":4},"end":{"line":37,"column":null}},"16":{"start":{"line":38,"column":21},"end":{"line":38,"column":null}},"17":{"start":{"line":39,"column":10},"end":{"line":39,"column":null}},"18":{"start":{"line":40,"column":20},"end":{"line":40,"column":null}},"19":{"start":{"line":41,"column":4},"end":{"line":41,"column":null}},"20":{"start":{"line":42,"column":4},"end":{"line":42,"column":null}},"21":{"start":{"line":44,"column":20},"end":{"line":44,"column":null}},"22":{"start":{"line":45,"column":4},"end":{"line":45,"column":null}},"23":{"start":{"line":46,"column":4},"end":{"line":46,"column":null}},"24":{"start":{"line":54,"column":16},"end":{"line":54,"column":null}},"25":{"start":{"line":55,"column":2},"end":{"line":76,"column":null}},"26":{"start":{"line":56,"column":18},"end":{"line":56,"column":null}},"27":{"start":{"line":57,"column":19},"end":{"line":60,"column":null}},"28":{"start":{"line":62,"column":23},"end":{"line":62,"column":null}},"29":{"start":{"line":63,"column":4},"end":{"line":67,"column":null}},"30":{"start":{"line":64,"column":19},"end":{"line":64,"column":null}},"31":{"start":{"line":65,"column":6},"end":{"line":65,"column":null}},"32":{"start":{"line":66,"column":6},"end":{"line":66,"column":null}},"33":{"start":{"line":66,"column":19},"end":{"line":66,"column":null}},"34":{"start":{"line":69,"column":10},"end":{"line":69,"column":null}},"35":{"start":{"line":70,"column":4},"end":{"line":70,"column":null}},"36":{"start":{"line":71,"column":4},"end":{"line":71,"column":null}},"37":{"start":{"line":73,"column":20},"end":{"line":73,"column":null}},"38":{"start":{"line":74,"column":4},"end":{"line":74,"column":null}},"39":{"start":{"line":75,"column":4},"end":{"line":75,"column":null}}},"fnMap":{"0":{"name":"getGroqModel","decl":{"start":{"line":11,"column":9},"end":{"line":11,"column":34}},"loc":{"start":{"line":11,"column":34},"end":{"line":24,"column":null}},"line":11},"1":{"name":"generateResponse","decl":{"start":{"line":26,"column":22},"end":{"line":26,"column":null}},"loc":{"start":{"line":29,"column":19},"end":{"line":48,"column":null}},"line":29},"2":{"name":"generateStreamingResponse","decl":{"start":{"line":50,"column":22},"end":{"line":50,"column":null}},"loc":{"start":{"line":53,"column":19},"end":{"line":77,"column":null}},"line":53}},"branchMap":{"0":{"loc":{"start":{"line":6,"column":19},"end":{"line":6,"column":null}},"type":"binary-expr","locations":[{"start":{"line":6,"column":19},"end":{"line":6,"column":45}},{"start":{"line":6,"column":45},"end":{"line":6,"column":null}}],"line":6},"1":{"loc":{"start":{"line":7,"column":21},"end":{"line":7,"column":null}},"type":"binary-expr","locations":[{"start":{"line":7,"column":21},"end":{"line":7,"column":49}},{"start":{"line":7,"column":49},"end":{"line":7,"column":null}}],"line":7},"2":{"loc":{"start":{"line":12,"column":2},"end":{"line":22,"column":null}},"type":"if","locations":[{"start":{"line":12,"column":2},"end":{"line":22,"column":null}},{"start":{},"end":{}}],"line":12},"3":{"loc":{"start":{"line":13,"column":4},"end":{"line":15,"column":null}},"type":"if","locations":[{"start":{"line":13,"column":4},"end":{"line":15,"column":null}},{"start":{},"end":{}}],"line":13},"4":{"loc":{"start":{"line":34,"column":4},"end":{"line":36,"column":null}},"type":"if","locations":[{"start":{"line":34,"column":4},"end":{"line":36,"column":null}},{"start":{},"end":{}}],"line":34},"5":{"loc":{"start":{"line":44,"column":20},"end":{"line":44,"column":null}},"type":"cond-expr","locations":[{"start":{"line":44,"column":45},"end":{"line":44,"column":61}},{"start":{"line":44,"column":61},"end":{"line":44,"column":null}}],"line":44},"6":{"loc":{"start":{"line":66,"column":6},"end":{"line":66,"column":null}},"type":"if","locations":[{"start":{"line":66,"column":6},"end":{"line":66,"column":null}},{"start":{},"end":{}}],"line":66},"7":{"loc":{"start":{"line":73,"column":20},"end":{"line":73,"column":null}},"type":"cond-expr","locations":[{"start":{"line":73,"column":45},"end":{"line":73,"column":61}},{"start":{"line":73,"column":61},"end":{"line":73,"column":null}}],"line":73}},"s":{"0":2,"1":2,"2":2,"3":2,"4":1,"5":1,"6":1,"7":0,"8":0,"9":1,"10":1,"11":1,"12":1,"13":1,"14":0,"15":0,"16":0,"17":0,"18":0,"19":0,"20":0,"21":1,"22":1,"23":1,"24":0,"25":0,"26":0,"27":0,"28":0,"29":0,"30":0,"31":0,"32":0,"33":0,"34":0,"35":0,"36":0,"37":0,"38":0,"39":0},"f":{"0":1,"1":1,"2":0},"b":{"0":[2,1],"1":[2,1],"2":[1,0],"3":[1,0],"4":[0,1],"5":[1,0],"6":[0,0],"7":[0,0]},"meta":{"lastBranch":8,"lastFunction":3,"lastStatement":40,"seen":{"s:4:6:4:Infinity":0,"s:6:19:6:Infinity":1,"b:6:19:6:45:6:45:6:Infinity":0,"s:7:21:7:Infinity":2,"b:7:21:7:49:7:49:7:Infinity":1,"s:9:33:9:Infinity":3,"f:11:9:11:34":0,"b:12:2:22:Infinity:undefined:undefined:undefined:undefined":2,"s:12:2:22:Infinity":4,"b:13:4:15:Infinity:undefined:undefined:undefined:undefined":3,"s:13:4:15:Infinity":5,"s:14:6:14:Infinity":6,"s:16:4:21:Infinity":7,"s:23:2:23:Infinity":8,"f:26:22:26:Infinity":1,"s:30:16:30:Infinity":9,"s:31:2:47:Infinity":10,"s:32:18:32:Infinity":11,"s:33:74:33:Infinity":12,"b:34:4:36:Infinity:undefined:undefined:undefined:undefined":4,"s:34:4:36:Infinity":13,"s:35:6:35:Infinity":14,"s:37:4:37:Infinity":15,"s:38:21:38:Infinity":16,"s:39:10:39:Infinity":17,"s:40:20:40:Infinity":18,"
[...]
:22},"end":{"line":117,"column":null}},"36":{"start":{"line":118,"column":17},"end":{"line":118,"column":null}},"37":{"start":{"line":119,"column":2},"end":{"line":119,"column":null}},"38":{"start":{"line":119,"column":14},"end":{"line":119,"column":null}},"39":{"start":{"line":121,"column":2},"end":{"line":202,"column":null}},"40":{"start":{"line":124,"column":4},"end":{"line":194,"column":null}},"41":{"start":{"line":125,"column":29},"end":{"line":125,"column":null}},"42":{"start":{"line":126,"column":24},"end":{"line":126,"column":null}},"43":{"start":{"line":128,"column":18},"end":{"line":150,"column":null}},"44":{"start":{"line":152,"column":6},"end":{"line":161,"column":null}},"45":{"start":{"line":152,"column":32},"end":{"line":161,"column":8}},"46":{"start":{"line":163,"column":18},"end":{"line":182,"column":null}},"47":{"start":{"line":184,"column":6},"end":{"line":193,"column":null}},"48":{"start":{"line":184,"column":32},"end":{"line":193,"column":8}},"49":{"start":{"line":196,"column":4},"end":{"line":196,"column":null}},"50":{"start":{"line":197,"column":4},"end":{"line":197,"column":null}},"51":{"start":{"line":199,"column":20},"end":{"line":199,"column":null}},"52":{"start":{"line":200,"column":4},"end":{"line":200,"column":null}},"53":{"start":{"line":201,"column":4},"end":{"line":201,"column":null}},"54":{"start":{"line":212,"column":2},"end":{"line":216,"column":null}},"55":{"start":{"line":213,"column":4},"end":{"line":213,"column":null}},"56":{"start":{"line":215,"column":4},"end":{"line":215,"column":null}},"57":{"start":{"line":218,"column":2},"end":{"line":220,"column":null}},"58":{"start":{"line":219,"column":4},"end":{"line":219,"column":null}},"59":{"start":{"line":222,"column":23},"end":{"line":226,"column":null}},"60":{"start":{"line":223,"column":11},"end":{"line":225,"column":null}},"61":{"start":{"line":228,"column":2},"end":{"line":228,"column":null}},"62":{"start":{"line":235,"column":22},"end":{"line":235,"column":null}},"63":{"start":{"line":236,"column":17},"end":{"line":236,"column":null}},"64":{"start":{"line":237,"column":2},"end":{"line":237,"column":null}},"65":{"start":{"line":237,"column":14},"end":{"line":237,"column":null}},"66":{"start":{"line":239,"column":2},"end":{"line":295,"column":null}},"67":{"start":{"line":240,"column":24},"end":{"line":264,"column":null}},"68":{"start":{"line":266,"column":28},"end":{"line":266,"column":null}},"69":{"start":{"line":268,"column":23},"end":{"line":268,"column":null}},"70":{"start":{"line":270,"column":4},"end":{"line":272,"column":null}},"71":{"start":{"line":271,"column":6},"end":{"line":271,"column":null}},"72":{"start":{"line":274,"column":4},"end":{"line":282,"column":null}},"73":{"start":{"line":275,"column":23},"end":{"line":275,"column":null}},"74":{"start":{"line":276,"column":28},"end":{"line":276,"column":null}},"75":{"start":{"line":277,"column":6},"end":{"line":281,"column":null}},"76":{"start":{"line":278,"column":8},"end":{"line":278,"column":null}},"77":{"start":{"line":280,"column":8},"end":{"line":280,"column":null}},"78":{"start":{"line":284,"column":19},"end":{"line":287,"column":null}},"79":{"start":{"line":285,"column":50},"end":{"line":285,"column":94}},"80":{"start":{"line":286,"column":22},"end":{"line":286,"column":47}},"81":{"start":{"line":289,"column":4},"end":{"line":289,"column":null}},"82":{"start":{"line":290,"column":4},"end":{"line":290,"column":null}},"83":{"start":{"line":292,"column":20},"end":{"line":292,"column":null}},"84":{"start":{"line":293,"column":4},"end":{"line":293,"column":null}},"85":{"start":{"line":294,"column":4},"end":{"line":294,"column":null}}},"fnMap":{"0":{"name":"cacheKey","decl":{"start":{"line":12,"column":9},"end":{"line":12,"column":18}},"loc":{"start":{"line":12,"column":73},"end":{"line":14,"column":null}},"line":12},"1":{"name":"getCached","decl":{"start":{"line":16,"column":15},"end":{"line":16,"column":28}},"loc":{"start":{"line":16,"column":60},"end":{"line":24,"column":null}},"line":16},"2":{"name":"setCache","decl":{"start":{"line":26,"column":15},"end":{"line":26,"column":27}},"loc":{"start":{"line":26,"column":65},"end":{"line":33,"column":null}},"line":26},"3":{"name":"semanticSearch","decl":{"start":{"line":35,"column":22},"end":{"line":35,"column":null}},"loc":{"start":{"line":39,"column":30},"end":{"line":111,"column":null}},"line":39},"4":{"name":"(anonymous_4)","decl":{"start":{"line":52,"column":22},"end":{"line":52,"column":39}},"loc":{"start":{"line":52,"column":39},"end":{"line":52,"column":59}},"line":52},"5":{"name":"(anonymous_5)","decl":{"start":{"line":83,"column":51},"end":{"line":83,"column":56}},"loc":{"start":{"line":83,"column":63},"end":{"line":92,"column":8}},"line":83},"6":{"name":"searchByCompanyId","decl":{"start":{"line":113,"column":22},"end":{"line":113,"column":null}},"loc":{"start":{"line":116,"column":30},"end":{"line":203,"column":null}},"line":116},"7":{"name":"(anonymous_7)","decl":{"start":{"line":152,"column":20},"end":{"line":152,"column":25}},"loc":{"start":{"line":152,"column":32},"end":{"line":161,"column":8}},"line":152},"8":{"name":"(anonymous_8)","decl":{"start":{"line":184,"column":20},"end":{"line":184,"column":25}},"loc":{"start":{"line":184,"column":32},"end":{"line":193,"column":8}},"line":184},"9":{"name":"getContextForQuery","decl":{"start":{"line":205,"column":22},"end":{"line":205,"column":null}},"loc":{"start":{"line":209,"column":19},"end":{"line":229,"column":null}},"line":209},"10":{"name":"(anonymous_10)","decl":{"start":{"line":222,"column":31},"end":{"line":222,"column":null}},"loc":{"start":{"line":223,"column":11},"end":{"line":225,"column":null}},"line":223},"11":{"name":"searchCompanies","decl":{"start":{"line":231,"column":22},"end":{"line":231,"column":null}},"loc":{"start":{"line":234,"column":81},"end":{"line":296,"column":null}},"line":234},"12":{"name":"(anonymous_12)","decl":{"start":{"line":285,"column":7},"end":{"line":285,"column":12}},"loc":{"start":{"line":285,"column":50},"end":{"line":285,"column":94}},"line":285},"13":{"name":"(anonymous_13)","decl":{"start":{"line":286,"column":7},"end":{"line":286,"column":13}},"loc":{"start":{"line":286,"column":22},"end":{"line":286,"column":47}},"line":286}},"branchMap":{"0":{"loc":{"start":{"line":20,"column":11},"end":{"line":20,"column":null}},"type":"cond-expr","locations":[{"start":{"line":20,"column":21},"end":{"line":20,"column":48}},{"start":{"line":20,"column":48},"end":{"line":20,"column":null}}],"line":20},"1":{"loc":{"start":{"line":37,"column":2},"end":{"line":37,"column":null}},"type":"default-arg","locations":[{"start":{"line":37,"column":18},"end":{"line":37,"column":null}}],"line":37},"2":{"loc":{"start":{"line":38,"column":2},"end":{"line":38,"column":null}},"type":"default-arg","locations":[{"start":{"line":38,"column":22},"end":{"line":38,"column":null}}],"line":38},"3":{"loc":{"start":{"line":42,"column":2},"end":{"line":45,"column":null}},"type":"if","locations":[{"start":{"line":42,"column":2},"end":{"line":45,"column":null}},{"start":{},"end":{}}],"line":42},"4":{"loc":{"start":{"line":90,"column":20},"end":{"line":90,"column":null}},"type":"binary-expr","locations":[{"start":{"line":90,"column":20},"end":{"line":90,"column":42}},{"start":{"line":90,"column":42},"end":{"line":90,"column":null}}],"line":90},"5":{"loc":{"start":{"line":106,"column":20},"end":{"line":106,"column":null}},"type":"cond-expr","locations":[{"start":{"line":106,"column":45},"end":{"line":106,"column":61}},{"start":{"line":106,"column":61},"end":{"line":106,"column":null}}],"line":106},"6":{"loc":{"start":{"line":117,"column":53},"end":{"line":117,"column":67}},"type":"binary-expr","locations":[{"start":{"line":117,"column":53},"end":{"line":117,"column":62}},{"start":{"line":117,"column":62},"end":{"line":117,"column":67}}],"line":117},"7":{"loc":{"start":{"line":119,"column":2},"end":{"line":119,"column":null}},"type":"if","locations":[{"start":{"line":119,"column":2},"end":{"line":119,"column":null}},{"start":{},"end":{}}],"line":119},"8":{"loc":{"start":{"line":124,"column":4},"end":{"line":194,"column":null}},"type":"if","locations":[{"start":{"line":124,"column":4},"end":{"line":194,"column":null}},{"start":{"line":162,"column":11},"end":{"line":194,"column":null}}],"line":124},"9":{"loc":{"start":{"line":159,"column":20},"end":{"line":159,"column":null}},"type":"binary-expr","locations":[{"start":{"line":159,"column":20},"end":{"line":159,"column":42}},{"start":{"line":159,"column":42},"end":{"line":159,"column":null}}],"line":159},"10":{"loc":{"start":{"line":191,"column":20},"end":{"line":191,"column":null}},"type":"binary-expr","locations":[{"start":{"line":191,"column":20},"end":{"line":191,"column":42}},{"start":{"line":191,"column":42},"end":{"line":191,"column":null}}],"line":191},"11":{"loc":{"start":{"line":199,"column":20},"end":{"line":199,"column":null}},"type":"cond-expr","locations":[{"start":{"line":199,"column":45},"end":{"line":199,"column":61}},{"start":{"line":199,"column":61},"end":{"line":199,"column":null}}],"line":199},"12":{"loc":{"start":{"line":208,"column":2},"end":{"line":208,"column":null}},"type":"default-arg","locations":[{"start":{"line":208,"column":18},"end":{"line":208,"column":null}}],"line":208},"13":{"loc":{"start":{"line":212,"column":2},"end":{"line":216,"column":null}},"type":"if","locations":[{"start":{"line":212,"column":2},"end":{"line":216,"column":null}},{"start":{"line":214,"column":9},"end":{"line":216,"column":null}}],"line":212},"14":{"loc":{"start":{"line":218,"column":2},"end":{"line":220,"column":null}},"type":"if","locations":[{"start":{"line":218,"column":2},"end":{"line":220,"column":null}},{"start":{},"end":{}}],"line":218},"15":{"loc":{"start":{"line":233,"column":2},"end":{"line":233,"column":null}},"type":"default-arg","locations":[{"start":{"line":233,"column":18},"end":{"line":233,"column":null}}],"line":233},"16":{"loc":{"start":{"line":237,"column":2},"end":{"line":237,"column":null}},"type":"if","locations":[{"start":{"line":237,"column":2},"end":{"line":237,"column":null}},{"start":{},"end":{}}],"line":237},"17":{"loc":{"start":{"line":277,"column":6},"end":{"line":281,"column":null}},"type":"if","locations":[{"start":{"line":277,"column":6},"end":{"line":281,"column":null}},{"start":{"line":279,"column":13},"end":{"line":281,"column":null}}],"line":277},"18":{"loc":{"start":{"line":292,"column":20},"end":{"line":292,"column":null}},"type":"cond-expr","locations":[{"start":{"line":292,"column":45},"end":{"line":292,"column":61}},{"start":{"line":292,"column":61},"end":{"line":292,"column":null}}],"line":292}},"s":{"0":3,"1":3,"2":3,"3":22,"4":22,"5":22,"6":22,"7":21,"8":1,"9":16,"10":16,"11":16,"12":12,"13":12,"14":12,"15":1,"16":1,"17":11,"18":11,"19":11,"20":11,"21":11,"22":0,"23":11,"24":11,"25":10,"26":10,"27":11,"28":10,"29":10,"30":10,"31":11,"32":1,"33":1,"34":1,"35":5,"36":5,"37":5,"38":1,"39":4,"40":4,"41":3,"42":3,"43":3,"44":2,"45":2,"46":1,"47":1,"48":1,"49":3,"50":3,"51":1,"52":1,"53":1,"54":4,"55":1,"56":3,"57":4,"58":1,"59":3,"60":4,"61":3,"62":5,"63":5,"64":5,"65":1,"66":4,"67":4,"68":3,"69":3,"70":3,"71":23,"72":3,"73":3,"74":3,"75":3,"76":1,"77":2,"78":3,"79":25,"80":22,"81":3,"82":3,"83":1,"84":1,"85":1},"f":{"0":22,"1":22,"2":16,"3":12,"4":0,"5":11,"6":5,"7":2,"8":1,"9":4,"10":4,"11":5,"12":25,"13":22},"b":{"0":[3,18],"1":[12],"2":[12],"3":[1,11],"4":[11,3],"5":[1,0],"6":[5,1],"7":[1,4],"8":[3,1],"9":[2,0],"10":[1,0],"11":[1,0],"12":[4],"13":[1,3],"14":[1,3],"15":[5],"16":[1,4],"17":[1,2],"18":[1,0]},"meta":{"lastBranch":19,"lastFunction":14,"lastStatement":86,"seen":{"s:7:6:7:Infinity":0,"s:9:18:9:Infinity":1,"s:10:23:10:Infinity":2,"f:12:9:12:18":0,"s:13:2:13:Infinity":3,"f:16:15:16:28":1,"s:17:2:23:Infinity":4,"s:18:18:18:Infinity":5,"s:19:19:19:Infinity":6,"s:20:4:20:Infinity":7,"b:20:21:20:48:20:48:20:Infinity":0,"s:22:4:22:Infinity":8,"f:26:15:26:27":2,"s:27:2:32:Infinity":9,"s:28:18:28:Infinity":10,"s:29:4:29:Infinity":11,"f:35:22:35:Infinity":3,"b:37:18:37:Infinity":1,"b:38:22:38:Infinity":2,"s:40:16:40:Infinity":12,"s:41:17:41:Infinity":13,"b:42:2:45:Infinity:undefined:undefined:undefined:undefined":3,"s:42:2:45:Infinity":14,"s:43:4:43:Infinity":15,"s:44:4:44:Infinity":16,"s:47:2:110:Infinity":17,"s:48:27:48:Infinity":18,"s:49:22:49:Infinity":19,"s:51:23:51:Infinity":20,"s:52:22:52:Infinity":21,"f:52:22:52:39":4,"s:52:39:52:59":22,"s:54:4:104:Infinity":23,"s:55:22:79:Infinity":24,"s:81:6:81:Infinity":25,"s:83:43:92:Infinity":26,"f:83:51:83:56":5,"s:83:63:92:8":27,"b:90:20:90:42:90:42:90:Infinity":4,"s:94:6:94:Infinity":28,"s:96:6:99:Infinity":29,"s:101:6:101:Infinity":30,"s:103:6:103:Infinity":31,"s:106:20:106:Infinity":32,"b:106:45:106:61:106:61:106:Infinity":5,"s:107:4:107:Infinity":33,"s:109:4:109:Infinity":34,"f:113:22:113:Infinity":6,"s:117:22:117:Infinity":35,"b:117:53:117:62:117:62:117:67":6,"s:118:17:118:Infinity":36,"b:119:2:119:Infinity:undefined:undefined:undefined:undefined":7,"s:119:2:119:Infinity":37,"s:119:14:119:Infinity":38,"s:121:2:202:Infinity":39,"b:124:4:194:Infinity:162:11:194:Infinity":8,"s:124:4:194:Infinity":40,"s:125:29:125:Infinity":41,"s:126:24:126:Infinity":42,"s:128:18:150:Infinity":43,"s:152:6:161:Infinity":44,"f:152:20:152:25":7,"s:152:32:161:8":45,"b:159:20:159:42:159:42:159:Infinity":9,"s:163:18:182:Infinity":46,"s:184:6:193:Infinity":47,"f:184:20:184:25":8,"s:184:32:193:8":48,"b:191:20:191:42:191:42:191:Infinity":10,"s:196:4:196:Infinity":49,"s:197:4:197:Infinity":50,"s:199:20:199:Infinity":51,"b:199:45:199:61:199:61:199:Infinity":11,"s:200:4:200:Infinity":52,"s:201:4:201:Infinity":53,"f:205:22:205:Infinity":9,"b:208:18:208:Infinity":12,"b:212:2:216:Infinity:214:9:216:Infinity":13,"s:212:2:216:Infinity":54,"s:213:4:213:Infinity":55,"s:215:4:215:Infinity":56,"b:218:2:220:Infinity:undefined:undefined:undefined:undefined":14,"s:218:2:220:Infinity":57,"s:219:4:219:Infinity":58,"s:222:23:226:Infinity":59,"f:222:31:222:Infinity":10,"s:223:11:225:Infinity":60,"s:228:2:228:Infinity":61,"f:231:22:231:Infinity":11,"b:233:18:233:Infinity":15,"s:235:22:235:Infinity":62,"s:236:17:236:Infinity":63,"b:237:2:237:Infinity:undefined:undefined:undefined:undefined":16,"s:237:2:237:Infinity":64,"s:237:14:237:Infinity":65,"s:239:2:295:Infinity":66,"s:240:24:264:Infinity":67,"s:266:28:266:Infinity":68,"s:268:23:268:Infinity":69,"s:270:4:272:Infinity":70,"s:271:6:271:Infinity":71,"s:274:4:282:Infinity":72,"s:275:23:275:Infinity":73,"s:276:28:276:Infinity":74,"b:277:6:281:Infinity:279:13:281:Infinity":17,"s:277:6:281:Infinity":75,"s:278:8:278:Infinity":76,"s:280:8:280:Infinity":77,"s:284:19:287:Infinity":78,"f:285:7:285:12":12,"s:285:50:285:94":79,"f:286:7:286:13":13,"s:286:22:286:47":80,"s:289:4:289:Infinity":81,"s:290:4:290:Infinity":82,"s:292:20:292:Infinity":83,"b:292:45:292:61:292:61:292:Infinity":18,"s:293:4:293:Infinity":84,"s:294:4:294:Infinity":85},"fnNames":{}}}
,"E:\\KITS-portel\\backend\\src\\types\\ai.ts": {"path":"E:\\KITS-portel\\backend\\src\\types\\ai.ts","statementMap":{"0":{"start":{"line":104,"column":59},"end":{"line":108,"column":null}},"1":{"start":{"line":110,"column":32},"end":{"line":113,"column":null}},"2":{"start":{"line":114,"column":34},"end":{"line":117,"column":null}}},"fnMap":{},"branchMap":{"0":{"loc":{"start":{"line":111,"column":2},"end":{"line":111,"column":null}},"type":"binary-expr","locations":[{"start":{"line":111,"column":2},"end":{"line":111,"column":34}},{"start":{"line":111,"column":34},"end":{"line":111,"column":null}}],"line":111},"1":{"loc":{"start":{"line":115,"column":2},"end":{"line":115,"column":null}},"type":"binary-expr","locations":[{"start":{"line":115,"column":2},"end":{"line":115,"column":36}},{"start":{"line":115,"column":36},"end":{"line":115,"column":null}}],"line":115}},"s":{"0":1,"1":1,"2":1},"f":{},"b":{"0":[1,1],"1":[1,1]},"meta":{"lastBranch":2,"lastFunction":0,"lastStatement":3,"seen":{"s:104:59:108:Infinity":0,"s:110:32:113:Infinity":1,"b:111:2:111:34:111:34:111:Infinity":0,"s:114:34:117:Infinity":2,"b:115:2:115:36:115:36:115:Infinity":1},"fnNames":{}}}
,"E:\\KITS-portel\\backend\\src\\types\\auth.ts": {"path":"E:\\KITS-portel\\backend\\src\\types\\auth.ts","statementMap":{},"fnMap":{},"branchMap":{},"s":{},"f":{},"b":{},"meta":{"lastBranch":0,"lastFunction":0,"lastStatement":0,"seen":{},"fnNames":{}}}
,"E:\\KITS-portel\\backend\\src\\utils\\prompts.ts": {"path":"E:\\KITS-portel\\backend\\src\\utils\\prompts.ts","statementMap":{"0":{"start":{"line":11,"column":2},"end":{"line":11,"column":null}},"1":{"start":{"line":38,"column":2},"end":{"line":48,"column":null}},"2":{"start":{"line":62,"column":2},"end":{"line":67,"column":null}},"3":{"start":{"line":80,"column":2},"end":{"line":90,"column":null}},"4":{"start":{"line":107,"column":2},"end":{"line":125,"column":null}},"5":{"start":{"line":140,"column":16},"end":{"line":140,"column":null}},"6":{"start":{"line":141,"column":2},"end":{"line":145,"column":null}},"7":{"start":{"line":142,"column":18},"end":{"line":142,"column":null}},"8":{"start":{"line":143,"column":4},"end":{"line":143,"column":null}},"9":{"start":{"line":143,"column":50},"end":{"line":143,"column":null}},"10":{"start":{"line":144,"column":4},"end":{"line":144,"column":null}},"11":{"start":{"line":146,"column":2},"end":{"line":146,"column":null}}},"fnMap":{"0":{"name":"buildSystemPrompt","decl":{"start":{"line":10,"column":16},"end":{"line":10,"column":44}},"loc":{"start":{"line":10,"column":44},"end":{"line":27,"column":null}},"line":10},"1":{"name":"buildRagPrompt","decl":{"start":{"line":33,"column":16},"end":{"line":33,"column":null}},"loc":{"start":{"line":37,"column":10},"end":{"line":51,"column":null}},"line":37},"2":{"name":"buildCompanyQuestionPrompt","decl":{"start":{"line":57,"column":16},"end":{"line":57,"column":null}},"loc":{"start":{"line":61,"column":10},"end":{"line":70,"column":null}},"line":61},"3":{"name":"buildSkillGapPrompt","decl":{"start":{"line":75,"column":16},"end":{"line":75,"column":null}},"loc":{"start":{"line":79,"column":10},"end":{"line":96,"column":null}},"line":79},"4":{"name":"buildInterviewPrepPrompt","decl":{"start":{"line":101,"column":16},"end":{"line":101,"column":null}},"loc":{"start":{"line":106,"column":10},"end":{"line":126,"column":null}},"line":106},"5":{"name":"buildContextFromResults","decl":{"start":{"line":132,"column":16},"end":{"line":132,"column":null}},"loc":{"start":{"line":139,"column":10},"end":{"line":147,"column":null}},"line":139}},"branchMap":{"0":{"loc":{"start":{"line":138,"column":2},"end":{"line":138,"column":null}},"type":"default-arg","locations":[{"start":{"line":138,"column":21},"end":{"line":138,"column":null}}],"line":138},"1":{"loc":{"start":{"line":143,"column":4},"end":{"line":143,"column":null}},"type":"if","locations":[{"start":{"line":143,"column":4},"end":{"line":143,"column":null}},{"start":{},"end":{}}],"line":143},"2":{"loc":{"start":{"line":146,"column":9},"end":{"line":146,"column":null}},"type":"binary-expr","locations":[{"start":{"line":146,"column":9},"end":{"line":146,"column":20}},{"start":{"line":146,"column":20},"end":{"line":146,"column":null}}],"line":146}},"s":{"0":8,"1":8,"2":3,"3":7,"4":8,"5":13,"6":13,"7":29,"8":29,"9":2,"10":27,"11":13},"f":{"0":8,"1":8,"2":3,"3":7,"4":8,"5":13},"b":{"0":[13],"1":[2,27],"2":[13,3]},"meta":{"lastBranch":3,"lastFunction":6,"lastStatement":12,"seen":{"f:10:16:10:44":0,"s:11:2:11:Infinity":0,"f:33:16:33:Infinity":1,"s:38:2:48:Infinity":1,"f:57:16:57:Infinity":2,"s:62:2:67:Infinity":2,"f:75:16:75:Infinity":3,"s:80:2:90:Infinity":3,"f:101:16:101:Infinity":4,"s:107:2:125:Infinity":4,"f:132:16:132:Infinity":5,"b:138:21:138:Infinity":0,"s:140:16:140:Infinity":5,"s:141:2:145:Infinity":6,"s:142:18:142:Infinity":7,"b:143:4:143:Infinity:undefined:undefined:undefined:undefined":1,"s:143:4:143:Infinity":8,"s:143:50:143:Infinity":9,"s:144:4:144:Infinity":10,"s:146:2:146:Infinity":11,"b:146:9:146:20:146:20:146:Infinity":2},"fnNames":{}}}
}
