TN:
SF:src\agents\placementAgent.ts
FN:18,(anonymous_0)
FN:21,(anonymous_1)
FN:40,(anonymous_2)
FN:59,(anonymous_3)
FN:70,(anonymous_4)
FN:91,shouldContinue
FN:100,callModel
FN:118,runAgent
FN:124,(anonymous_8)
FNF:9
FNH:8
FNDA:1,(anonymous_0)
FNDA:1,(anonymous_1)
FNDA:2,(anonymous_2)
FNDA:2,(anonymous_3)
FNDA:2,(anonymous_4)
FNDA:5,shouldContinue
FNDA:0,callModel
FNDA:3,runAgent
FNDA:1,(anonymous_8)
DA:12,1
DA:14,1
DA:15,1
DA:17,1
DA:19,1
DA:20,1
DA:21,1
DA:39,1
DA:41,2
DA:45,2
DA:46,1
DA:47,2
DA:58,1
DA:60,2
DA:68,2
DA:69,1
DA:70,2
DA:82,1
DA:83,1
DA:85,1
DA:92,5
DA:93,5
DA:94,5
DA:95,4
DA:97,1
DA:101,0
DA:102,0
DA:103,0
DA:106,1
DA:116,1
DA:119,3
DA:120,3
DA:121,3
DA:122,1
DA:123,1
DA:124,1
DA:131,1
DA:134,3
DA:138,3
DA:145,3
DA:146,2
DA:147,2
DA:149,1
DA:150,1
DA:151,1
LF:45
LH:42
BRDA:14,0,0,1
BRDA:14,0,1,1
BRDA:15,1,0,1
BRDA:15,1,1,1
BRDA:19,2,0,1
BRDA:19,2,1,0
BRDA:45,3,0,1
BRDA:45,3,1,1
BRDA:46,4,0,1
BRDA:46,4,1,0
BRDA:68,5,0,1
BRDA:68,5,1,1
BRDA:70,6,0,2
BRDA:70,6,1,0
BRDA:94,7,0,4
BRDA:94,7,1,1
BRDA:121,8,0,1
BRDA:121,8,1,2
BRDA:131,9,0,1
BRDA:131,9,1,0
BRDA:135,10,0,1
BRDA:135,10,1,2
BRDA:147,11,0,2
BRDA:147,11,1,0
BRDA:149,12,0,1
BRDA:149,12,1,0
BRF:26
BRH:20
end_of_record
TN:
SF:src\agents\researchGraph.ts
FN:64,columnForId
FN:69,isSeparatorLine
FN:73,parseMarkdownTable
FN:75,(anonymous_3)
FN:78,(anonymous_4)
FN:83,(anonymous_5)
FN:94,extractJson
FN:108,buildDatasetTable
FN:121,rowsToRecord
FN:138,(anonymous_9)
FN:139,(anonymous_10)
FN:142,(anonymous_11)
FN:143,(anonymous_12)
FN:146,(anonymous_13)
FN:147,(anonymous_14)
FN:150,(anonymous_15)
FN:151,(anonymous_16)
FN:154,(anonymous_17)
FN:155,(anonymous_18)
FN:166,(anonymous_19)
FN:167,(anonymous_20)
FN:170,(anonymous_21)
FN:171,(anonymous_22)
FN:174,(anonymous_23)
FN:175,(anonymous_24)
FN:178,(anonymous_25)
FN:179,(anonymous_26)
FN:182,(anonymous_27)
FN:183,(anonymous_28)
FN:186,(anonymous_29)
FN:187,(anonymous_30)
FN:190,(anonymous_31)
FN:191,(anonymous_32)
FN:194,(anonymous_33)
FN:195,(anonymous_34)
FN:201,log
FN:206,bump
FN:211,researchNode
FN:215,(anonymous_38)
FN:232,validateResearchNode
FN:249,routeAfterValidate
FN:250,(anonymous_41)
FN:251,(anonymous_42)
FN:258,consolidateNode
FN:273,(anonymous_44)
FN:285,(anonymous_45)
FN:307,gateNode
FN:317,routeAfterGate
FN:326,dbWriteNode
FN:334,routeAfterDb
FN:342,skillsNode
FN:358,hiringNode
FN:423,runResearchPipeline
FNF:53
FNH:25
FNDA:22,columnForId
FNDA:69,isSeparatorLine
FNDA:29,parseMarkdownTable
FNDA:98,(anonymous_3)
FNDA:131,(anonymous_4)
FNDA:190,(anonymous_5)
FNDA:4,extractJson
FNDA:4,buildDatasetTable
FNDA:12,rowsToRecord
FNDA:0,(anonymous_9)
FNDA:0,(anonymous_10)
FNDA:0,(anonymous_11)
FNDA:0,(anonymous_12)
FNDA:0,(anonymous_13)
FNDA:0,(anonymous_14)
FNDA:0,(anonymous_15)
FNDA:0,(anonymous_16)
FNDA:0,(anonymous_17)
FNDA:0,(anonymous_18)
FNDA:0,(anonymous_19)
FNDA:0,(anonymous_20)
FNDA:0,(anonymous_21)
FNDA:0,(anonymous_22)
FNDA:0,(anonymous_23)
FNDA:0,(anonymous_24)
FNDA:0,(anonymous_25)
FNDA:0,(anonymous_26)
FNDA:0,(anonymous_27)
FNDA:0,(anonymous_28)
FNDA:0,(anonymous_29)
FNDA:0,(anonymous_30)
FNDA:0,(anonymous_31)
FNDA:0,(anonymous_32)
FNDA:0,(anonymous_33)
FNDA:0,(anonymous_34)
FNDA:49,log
FNDA:25,bump
FNDA:7,researchNode
FNDA:21,(anonymous_38)
FNDA:1,validateResearchNode
FNDA:3,routeAfterValidate
FNDA:9,(anonymous_41)
FNDA:2,(anonymous_42)
FNDA:4,consolidateNode
FNDA:12,(anonymous_44)
FNDA:1956,(anonymous_45)
FNDA:2,gateNode
FNDA:2,routeAfterGate
FNDA:0,dbWriteNode
FNDA:2,routeAfterDb
FNDA:0,skillsNode
FNDA:5,hiringNode
FNDA:1,runResearchPipeline
DA:7,1
DA:9,1
DA:10,1
DA:12,1
DA:65,22
DA:66,22
DA:70,69
DA:74,29
DA:75,98
DA:76,29
DA:78,131
DA:80,29
DA:81,29
DA:82,69
DA:83,190
DA:84,40
DA:85,40
DA:86,110
DA:88,40
DA:91,69
DA:95,4
DA:96,4
DA:98,4
DA:99,0
DA:100,0
DA:103,4
DA:106,1
DA:109,4
DA:110,4
DA:111,6
DA:112,9
DA:118,4
DA:122,12
DA:123,12
DA:124,20
DA:125,20
DA:126,17
DA:129,12
DA:132,1
DA:134,1
DA:138,0
DA:139,0
DA:142,0
DA:143,0
DA:146,0
DA:147,0
DA:150,0
DA:151,0
DA:154,0
DA:155,0
DA:166,0
DA:167,0
DA:170,0
DA:171,0
DA:174,0
DA:175,0
DA:178,0
DA:179,0
DA:182,0
DA:183,0
DA:186,0
DA:187,0
DA:190,0
DA:191,0
DA:194,0
DA:195,0
DA:202,49
DA:203,49
DA:207,25
DA:208,25
DA:212,7
DA:213,7
DA:215,21
DA:216,7
DA:217,21
DA:218,21
DA:219,21
DA:220,17
DA:221,17
DA:222,17
DA:223,17
DA:225,4
DA:226,4
DA:229,7
DA:233,1
DA:234,3
DA:235,3
DA:236,2
DA:237,2
DA:238,2
DA:239,2
DA:240,2
DA:242,3
DA:243,3
DA:244,3
DA:246,1
DA:250,9
DA:251,3
DA:252,3
DA:253,1
DA:255,2
DA:259,4
DA:260,4
DA:261,4
DA:262,12
DA:263,6
DA:266,4
DA:268,4
DA:269,4
DA:271,4
DA:273,12
DA:275,4
DA:276,12
DA:277,12
DA:278,12
DA:280,0
DA:281,0
DA:283,12
DA:284,12
DA:285,1956
DA:286,12
DA:287,12
DA:288,5
DA:289,5
DA:291,12
DA:292,0
DA:293,0
DA:297,4
DA:298,0
DA:301,4
DA:302,4
DA:304,4
DA:308,2
DA:309,2
DA:310,2
DA:311,2
DA:312,1
DA:314,2
DA:318,2
DA:319,2
DA:320,1
DA:321,1
DA:323,1
DA:327,0
DA:328,0
DA:329,0
DA:330,0
DA:331,0
DA:335,2
DA:336,1
DA:337,1
DA:339,1
DA:343,0
DA:344,0
DA:345,0
DA:346,0
DA:347,0
DA:348,0
DA:349,0
DA:350,0
DA:352,0
DA:353,0
DA:355,0
DA:359,5
DA:360,5
DA:361,5
DA:362,4
DA:363,4
DA:364,4
DA:366,1
DA:367,1
DA:369,5
DA:370,5
DA:373,1
DA:382,1
DA:383,1
DA:384,1
DA:388,1
DA:389,1
DA:393,1
DA:397,1
DA:398,1
DA:400,1
DA:424,1
DA:426,1
DA:444,1
DA:446,1
DA:448,1
LF:188
LH:139
BRDA:10,0,0,1
BRDA:10,0,1,1
BRDA:66,1,0,19
BRDA:66,1,1,3
BRDA:66,2,0,22
BRDA:66,2,1,22
BRDA:76,3,0,0
BRDA:76,3,1,29
BRDA:82,4,0,29
BRDA:82,4,1,40
BRDA:86,5,0,110
BRDA:86,5,1,0
BRDA:96,6,0,2
BRDA:96,6,1,2
BRDA:98,7,0,0
BRDA:98,7,1,4
BRDA:98,8,0,4
BRDA:98,8,1,1
BRDA:100,9,0,0
BRDA:100,9,1,0
BRDA:113,10,0,9
BRDA:113,10,1,0
BRDA:113,11,0,9
BRDA:113,11,1,9
BRDA:113,12,0,9
BRDA:113,12,1,9
BRDA:114,13,0,9
BRDA:114,13,1,9
BRDA:114,14,0,9
BRDA:114,14,1,0
BRDA:124,15,0,20
BRDA:124,15,1,0
BRDA:125,16,0,17
BRDA:125,16,1,3
BRDA:126,17,0,17
BRDA:126,17,1,0
BRDA:138,18,0,0
BRDA:138,18,1,0
BRDA:142,19,0,0
BRDA:142,19,1,0
BRDA:146,20,0,0
BRDA:146,20,1,0
BRDA:150,21,0,0
BRDA:150,21,1,0
BRDA:154,22,0,0
BRDA:154,22,1,0
BRDA:166,23,0,0
BRDA:166,23,1,0
BRDA:170,24,0,0
BRDA:170,24,1,0
BRDA:174,25,0,0
BRDA:174,25,1,0
BRDA:178,26,0,0
BRDA:178,26,1,0
BRDA:182,27,0,0
BRDA:182,27,1,0
BRDA:186,28,0,0
BRDA:186,28,1,0
BRDA:190,29,0,0
BRDA:190,29,1,0
BRDA:194,30,0,0
BRDA:194,30,1,0
BRDA:207,31,0,25
BRDA:207,31,1,21
BRDA:226,32,0,4
BRDA:226,32,1,0
BRDA:235,33,0,3
BRDA:235,33,1,2
BRDA:236,34,0,2
BRDA:236,34,1,0
BRDA:238,35,0,2
BRDA:238,35,1,0
BRDA:239,36,0,0
BRDA:239,36,1,2
BRDA:239,37,0,2
BRDA:239,37,1,2
BRDA:243,38,0,0
BRDA:243,38,1,3
BRDA:251,39,0,2
BRDA:251,39,1,0
BRDA:252,40,0,1
BRDA:252,40,1,2
BRDA:252,41,0,3
BRDA:252,41,1,2
BRDA:262,42,0,6
BRDA:262,42,1,6
BRDA:272,43,0,4
BRDA:272,43,1,4
BRDA:280,44,0,0
BRDA:280,44,1,0
BRDA:285,45,0,1956
BRDA:285,45,1,1939
BRDA:287,46,0,5
BRDA:287,46,1,7
BRDA:291,47,0,0
BRDA:291,47,1,12
BRDA:297,48,0,0
BRDA:297,48,1,4
BRDA:308,49,0,2
BRDA:308,49,1,0
BRDA:311,50,0,1
BRDA:311,50,1,1
BRDA:319,51,0,1
BRDA:319,51,1,1
BRDA:319,52,0,2
BRDA:319,52,1,1
BRDA:319,53,0,1
BRDA:319,53,1,0
BRDA:335,54,0,1
BRDA:335,54,1,1
BRDA:335,55,0,2
BRDA:335,55,1,1
BRDA:335,56,0,1
BRDA:335,56,1,0
BRDA:347,57,0,0
BRDA:347,57,1,0
BRDA:352,58,0,0
BRDA:352,58,1,0
BRDA:353,59,0,0
BRDA:353,59,1,0
BRDA:366,60,0,1
BRDA:366,60,1,0
BRDA:367,61,0,1
BRDA:367,61,1,0
BRF:124
BRH:68
end_of_record
TN:
SF:src\lib\auth.ts
FN:20,getJwtSecret
FN:39,hashPassword
FN:52,verifyPassword
FN:67,generateJWT
FN:90,verifyJWT
FN:118,revokeToken
FN:137,isTokenRevoked
FN:155,sanitizeUser
FNF:8
FNH:8
FNDA:5,getJwtSecret
FNDA:2,hashPassword
FNDA:2,verifyPassword
FNDA:2,generateJWT
FNDA:3,verifyJWT
FNDA:2,revokeToken
FNDA:3,isTokenRevoked
FNDA:4,sanitizeUser
DA:13,3
DA:14,3
DA:15,3
DA:16,3
DA:21,5
DA:22,5
DA:23,0
DA:25,5
DA:29,3
DA:40,2
DA:41,1
DA:43,1
DA:56,2
DA:72,2
DA:78,2
DA:91,3
DA:92,3
DA:96,3
DA:97,1
DA:100,1
DA:108,1
DA:122,2
DA:123,2
DA:124,1
DA:125,1
DA:127,1
DA:128,1
DA:138,3
DA:139,3
DA:140,2
DA:141,2
DA:142,2
DA:144,1
DA:147,1
DA:164,4
LF:35
LH:34
BRDA:22,0,0,0
BRDA:22,0,1,5
BRDA:40,1,0,1
BRDA:40,1,1,1
BRDA:40,2,0,2
BRDA:40,2,1,1
BRDA:96,3,0,1
BRDA:96,3,1,2
BRDA:96,4,0,3
BRDA:96,4,1,2
BRDA:96,4,2,1
BRDA:104,5,0,1
BRDA:104,5,1,0
BRDA:105,6,0,3
BRDA:105,6,1,0
BRDA:120,7,0,2
BRDA:169,8,0,4
BRDA:169,8,1,3
BRDA:170,9,0,4
BRDA:170,9,1,3
BRF:20
BRH:17
end_of_record
TN:
SF:src\lib\db.ts
FN:17,createPrismaClient
FN:31,handleShutdown
FN:37,(anonymous_2)
FN:38,(anonymous_3)
FNF:4
FNH:1
FNDA:3,createPrismaClient
FNDA:0,handleShutdown
FNDA:0,(anonymous_2)
FNDA:0,(anonymous_3)
DA:8,1
DA:18,3
DA:27,1
DA:32,0
DA:33,0
DA:34,0
DA:37,1
DA:38,1
LF:8
LH:5
BRDA:19,0,0,0
BRDA:19,0,1,3
BRDA:27,1,0,1
BRDA:27,1,1,1
BRF:4
BRH:3
end_of_record
TN:
SF:src\lib\llm.ts
FN:11,getGroqModel
FN:26,generateResponse
FN:50,generateStreamingResponse
FNF:3
FNH:2
FNDA:1,getGroqModel
FNDA:1,generateResponse
FNDA:0,generateStreamingResponse
DA:4,2
DA:6,2
DA:7,2
DA:9,2
DA:12,1
DA:13,1
DA:14,1
DA:16,0
DA:23,0
DA:30,1
DA:31,1
DA:32,1
DA:33,1
DA:34,1
DA:35,0
DA:37,0
DA:38,0
DA:39,0
DA:40,0
DA:41,0
DA:42,0
DA:44,1
DA:45,1
DA:46,1
DA:54,0
DA:55,0
DA:56,0
DA:57,0
DA:62,0
DA:63,0
DA:64,0
DA:65,0
DA:66,0
DA:69,0
DA:70,0
DA:71,0
DA:73,0
DA:74,0
DA:75,0
LF:39
LH:15
BRDA:6,0,0,2
BRDA:6,0,1,1
BRDA:7,1,0,2
BRDA:7,1,1,1
BRDA:12,2,0,1
BRDA:12,2,1,0
BRDA:13,3,0,1
BRDA:13,3,1,0
BRDA:34,4,0,0
BRDA:34,4,1,1
BRDA:44,5,0,1
BRDA:44,5,1,0
BRDA:66,6,0,0
BRDA:66,6,1,0
BRDA:73,7,0,0
BRDA:73,7,1,0
BRF:16
BRH:8
end_of_record
TN:
SF:src\lib\ollama.ts
FN:12,generateEmbedding
FN:29,checkOllamaHealth
FN:32,(anonymous_2)
FNF:3
FNH:0
FNDA:0,generateEmbedding
FNDA:0,checkOllamaHealth
FNDA:0,(anonymous_2)
DA:4,1
DA:6,1
DA:13,0
DA:14,0
DA:15,0
DA:19,0
DA:20,0
DA:21,0
DA:23,0
DA:24,0
DA:25,0
DA:30,0
DA:31,0
DA:32,0
DA:33,0
DA:35,0
DA:36,0
DA:38,0
DA:40,0
DA:41,0
DA:42,0
LF:21
LH:2
BRDA:7,0,0,1
BRDA:7,0,1,1
BRDA:8,1,0,1
BRDA:8,1,1,1
BRDA:9,2,0,1
BRDA:9,2,1,1
BRDA:23,3,0,0
BRDA:23,3,1,0
BRDA:33,4,0,0
BRDA:33,4,1,0
BRDA:33,5,0,0
BRDA:33,5,1,0
BRDA:35,6,0,0
BRDA:35,6,1,0
BRDA:40,7,0,0
BRDA:40,7,1,0
BRF:16
BRH:6
end_of_record
TN:
SF:src\lib\prompts.ts
FN:10,load
FN:14,render
FNF:2
FNH:2
FNDA:4,load
FNDA:3,render
DA:5,1
DA:6,1
DA:8,1
DA:11,4
DA:15,3
DA:16,3
DA:17,3
DA:19,3
LF:8
LH:8
BRDA:8,0,0,1
BRDA:8,0,1,1
BRDA:14,1,0,3
BRF:3
BRH:3
end_of_record
TN:
SF:src\lib\providers.ts
FN:17,(anonymous_0)
FN:20,openrouterLlm
FN:30,openrouterAltLlm
FN:40,groqLlm
FN:49,geminiLlm
FN:65,invoke
FN:71,(anonymous_6)
FN:74,(anonymous_7)
FN:79,invokeWithFallback
FNF:9
FNH:3
FNDA:9,(anonymous_0)
FNDA:0,openrouterLlm
FNDA:0,openrouterAltLlm
FNDA:0,groqLlm
FNDA:0,geminiLlm
FNDA:3,invoke
FNDA:0,(anonymous_6)
FNDA:0,(anonymous_7)
FNDA:1,invokeWithFallback
DA:4,5
DA:6,5
DA:7,5
DA:8,5
DA:9,5
DA:10,5
DA:11,5
DA:12,5
DA:13,5
DA:15,5
DA:17,9
DA:21,0
DA:22,0
DA:31,0
DA:32,0
DA:41,0
DA:42,0
DA:50,0
DA:51,0
DA:58,5
DA:66,3
DA:67,3
DA:68,3
DA:70,0
DA:71,0
DA:72,0
DA:73,0
DA:74,0
DA:75,0
DA:80,1
DA:81,1
DA:83,1
DA:84,1
DA:85,1
DA:86,1
DA:87,1
DA:89,0
LF:37
LH:22
BRDA:6,0,0,5
BRDA:6,0,1,0
BRDA:7,1,0,5
BRDA:7,1,1,5
BRDA:8,2,0,5
BRDA:8,2,1,5
BRDA:9,3,0,5
BRDA:9,3,1,0
BRDA:10,4,0,5
BRDA:10,4,1,5
BRDA:11,5,0,5
BRDA:11,5,1,0
BRDA:12,6,0,5
BRDA:12,6,1,5
BRDA:13,7,0,5
BRDA:13,7,1,5
BRDA:15,8,0,5
BRDA:15,8,1,0
BRDA:67,9,0,3
BRDA:67,9,1,0
BRDA:73,10,0,0
BRDA:73,10,1,0
BRDA:74,11,0,0
BRDA:74,11,1,0
BRDA:74,12,0,0
BRDA:74,12,1,0
BRDA:83,13,0,1
BRDA:83,13,1,0
BRDA:85,14,0,1
BRDA:85,14,1,0
BRF:30
BRH:17
end_of_record
TN:
SF:src\lib\redis.ts
FN:17,buildRedisClient
FN:21,(anonymous_1)
FN:30,(anonymous_2)
FN:34,(anonymous_3)
FN:38,(anonymous_4)
FN:42,(anonymous_5)
FN:46,(anonymous_6)
FN:60,getRedisClient
FN:69,(anonymous_8)
FN:76,(anonymous_9)
FNF:10
FNH:0
FNDA:0,buildRedisClient
FNDA:0,(anonymous_1)
FNDA:0,(anonymous_2)
FNDA:0,(anonymous_3)
FNDA:0,(anonymous_4)
FNDA:0,(anonymous_5)
FNDA:0,(anonymous_6)
FNDA:0,getRedisClient
FNDA:0,(anonymous_8)
FNDA:0,(anonymous_9)
DA:10,0
DA:18,0
DA:23,0
DA:24,0
DA:30,0
DA:31,0
DA:34,0
DA:35,0
DA:38,0
DA:39,0
DA:42,0
DA:43,0
DA:46,0
DA:47,0
DA:50,0
DA:54,0
DA:61,0
DA:62,0
DA:63,0
DA:65,0
DA:69,0
DA:70,0
DA:71,0
DA:72,0
DA:76,0
DA:77,0
DA:78,0
DA:79,0
LF:28
LH:0
BRDA:10,0,0,0
BRDA:10,0,1,0
BRDA:61,1,0,0
BRDA:61,1,1,0
BRDA:70,2,0,0
BRDA:70,2,1,0
BRDA:77,3,0,0
BRDA:77,3,1,0
BRF:8
BRH:0
end_of_record
TN:
SF:src\lib\validation\gate.ts
FN:16,loadMetadata
FN:24,loadMasterCases
FN:48,errorsOnly
FN:49,(anonymous_3)
FN:52,checkRecord
FN:80,(anonymous_5)
FN:101,runDataQualityGate
FN:104,(anonymous_7)
FNF:8
FNH:8
FNDA:12,loadMetadata
FNDA:10,loadMasterCases
FNDA:6,errorsOnly
FNDA:8,(anonymous_3)
FNDA:7,checkRecord
FNDA:9,(anonymous_5)
FNDA:3,runDataQualityGate
FNDA:3,(anonymous_7)
DA:8,14
DA:9,14
DA:11,14
DA:13,14
DA:14,14
DA:17,12
DA:18,11
DA:19,11
DA:21,12
DA:25,10
DA:26,9
DA:27,9
DA:29,10
DA:49,8
DA:53,7
DA:54,7
DA:55,7
DA:57,7
DA:58,7
DA:59,7
DA:61,7
DA:62,8
DA:63,8
DA:65,7
DA:66,7
DA:67,6
DA:80,9
DA:81,1
DA:82,1
DA:84,1
DA:85,1
DA:86,1
DA:98,7
DA:102,3
DA:103,3
DA:104,3
DA:106,3
LF:37
LH:37
BRDA:11,0,0,14
BRDA:11,0,1,14
BRDA:17,1,0,11
BRDA:17,1,1,1
BRDA:25,2,0,9
BRDA:25,2,1,1
BRDA:63,3,0,1
BRDA:63,3,1,7
BRDA:66,4,0,6
BRDA:66,4,1,1
BRDA:71,5,0,4
BRDA:71,5,1,2
BRDA:82,6,0,0
BRDA:82,6,1,1
BRDA:85,7,0,1
BRDA:85,7,1,0
BRF:16
BRH:14
end_of_record
TN:
SF:src\lib\validation\registry.ts
FN:7,evaluatePredicate
FN:16,applicableCases
FN:17,(anonymous_2)
FN:20,runRulesForValue
FN:26,(anonymous_4)
FN:34,runGlobalRules
FN:39,(anonymous_6)
FN:40,(anonymous_7)
FNF:8
FNH:8
FNDA:13,evaluatePredicate
FNDA:9,applicableCases
FNDA:13,(anonymous_2)
FNDA:4,runRulesForValue
FNDA:4,(anonymous_4)
FNDA:4,runGlobalRules
FNDA:5,(anonymous_6)
FNDA:4,(anonymous_7)
DA:5,1
DA:8,13
DA:9,13
DA:10,13
DA:12,1
DA:17,13
DA:25,4
DA:26,4
DA:27,4
DA:28,4
DA:29,3
DA:30,3
DA:39,5
DA:40,4
DA:41,4
DA:42,4
DA:43,3
DA:44,3
LF:18
LH:18
BRDA:28,0,0,1
BRDA:28,0,1,3
BRDA:42,1,0,1
BRDA:42,1,1,3
BRF:4
BRH:4
end_of_record
TN:
SF:src\lib\validation\rules.ts
FN:9,isBlank
FN:13,split
FN:17,(anonymous_2)
FN:18,(anonymous_3)
FN:21,values
FN:30,(anonymous_5)
FN:34,(anonymous_6)
FN:43,(anonymous_7)
FN:50,(anonymous_8)
FN:57,(anonymous_9)
FN:65,(anonymous_10)
FN:69,(anonymous_11)
FN:72,(anonymous_12)
FN:78,(anonymous_13)
FN:89,(anonymous_14)
FN:101,(anonymous_15)
FN:106,(anonymous_16)
FN:111,(anonymous_17)
FN:117,(anonymous_18)
FN:122,(anonymous_19)
FN:129,(anonymous_20)
FN:137,(anonymous_21)
FN:145,(anonymous_22)
FN:154,(anonymous_23)
FN:162,(anonymous_24)
FN:173,(anonymous_25)
FN:183,(anonymous_26)
FN:184,(anonymous_27)
FN:196,(anonymous_28)
FN:198,(anonymous_29)
FN:199,(anonymous_30)
FN:203,(anonymous_31)
FN:204,(anonymous_32)
FN:204,(anonymous_33)
FN:208,(anonymous_34)
FN:209,(anonymous_35)
FN:210,(anonymous_36)
FNF:37
FNH:37
FNDA:51,isBlank
FNDA:7,split
FNDA:16,(anonymous_2)
FNDA:16,(anonymous_3)
FNDA:16,values
FNDA:3,(anonymous_5)
FNDA:4,(anonymous_6)
FNDA:3,(anonymous_7)
FNDA:3,(anonymous_8)
FNDA:3,(anonymous_9)
FNDA:2,(anonymous_10)
FNDA:5,(anonymous_11)
FNDA:2,(anonymous_12)
FNDA:2,(anonymous_13)
FNDA:4,(anonymous_14)
FNDA:2,(anonymous_15)
FNDA:3,(anonymous_16)
FNDA:3,(anonymous_17)
FNDA:2,(anonymous_18)
FNDA:2,(anonymous_19)
FNDA:2,(anonymous_20)
FNDA:2,(anonymous_21)
FNDA:2,(anonymous_22)
FNDA:2,(anonymous_23)
FNDA:3,(anonymous_24)
FNDA:3,(anonymous_25)
FNDA:3,(anonymous_26)
FNDA:9,(anonymous_27)
FNDA:2,(anonymous_28)
FNDA:3,(anonymous_29)
FNDA:1,(anonymous_30)
FNDA:2,(anonymous_31)
FNDA:4,(anonymous_32)
FNDA:1,(anonymous_33)
FNDA:2,(anonymous_34)
FNDA:2,(anonymous_35)
FNDA:4,(anonymous_36)
DA:3,1
DA:5,1
DA:6,1
DA:7,1
DA:10,51
DA:14,7
DA:15,7
DA:17,16
DA:18,16
DA:22,16
DA:23,0
DA:25,16
DA:30,1
DA:31,3
DA:34,1
DA:35,4
DA:36,3
DA:43,1
DA:44,3
DA:45,2
DA:50,1
DA:51,3
DA:52,3
DA:53,3
DA:54,3
DA:57,1
DA:58,3
DA:59,3
DA:60,3
DA:61,2
DA:62,2
DA:65,1
DA:66,2
DA:67,2
DA:68,2
DA:69,5
DA:72,1
DA:73,2
DA:74,2
DA:75,2
DA:78,1
DA:79,2
DA:80,2
DA:81,2
DA:82,4
DA:83,1
DA:86,1
DA:89,1
DA:90,4
DA:91,3
DA:92,3
DA:93,4
DA:94,4
DA:95,2
DA:96,1
DA:101,1
DA:102,2
DA:103,2
DA:106,1
DA:107,3
DA:108,3
DA:111,1
DA:112,3
DA:113,3
DA:114,3
DA:117,1
DA:118,2
DA:119,2
DA:122,1
DA:123,2
DA:124,2
DA:129,1
DA:130,2
DA:131,2
DA:132,2
DA:134,1
DA:137,1
DA:138,2
DA:139,2
DA:140,2
DA:142,1
DA:145,1
DA:146,2
DA:147,2
DA:148,2
DA:149,2
DA:151,1
DA:154,1
DA:155,2
DA:156,2
DA:157,2
DA:159,1
DA:162,1
DA:163,3
DA:164,3
DA:165,3
DA:166,3
DA:167,2
DA:168,2
DA:170,1
DA:173,1
DA:174,3
DA:175,3
DA:176,2
DA:177,2
DA:178,2
DA:180,1
DA:183,1
DA:184,9
DA:185,3
DA:186,3
DA:187,3
DA:189,2
DA:194,1
DA:196,1
DA:197,2
DA:198,3
DA:199,1
DA:200,2
DA:203,1
DA:204,4
DA:205,2
DA:208,1
DA:209,2
DA:210,4
DA:211,2
DA:216,1
DA:240,1
LF:128
LH:127
BRDA:14,0,0,7
BRDA:14,0,1,1
BRDA:22,1,0,0
BRDA:22,1,1,16
BRDA:31,2,0,1
BRDA:31,2,1,2
BRDA:35,3,0,1
BRDA:35,3,1,3
BRDA:36,4,0,2
BRDA:36,4,1,1
BRDA:44,5,0,1
BRDA:44,5,1,2
BRDA:45,6,0,1
BRDA:45,6,1,1
BRDA:51,7,0,0
BRDA:51,7,1,3
BRDA:53,8,0,3
BRDA:53,8,1,1
BRDA:54,9,0,2
BRDA:54,9,1,1
BRDA:58,10,0,0
BRDA:58,10,1,3
BRDA:60,11,0,1
BRDA:60,11,1,2
BRDA:62,12,0,1
BRDA:62,12,1,1
BRDA:66,13,0,0
BRDA:66,13,1,2
BRDA:67,14,0,2
BRDA:67,14,1,0
BRDA:69,15,0,1
BRDA:69,15,1,1
BRDA:73,16,0,0
BRDA:73,16,1,2
BRDA:74,17,0,2
BRDA:74,17,1,0
BRDA:75,18,0,1
BRDA:75,18,1,1
BRDA:79,19,0,0
BRDA:79,19,1,2
BRDA:82,20,0,1
BRDA:82,20,1,3
BRDA:90,21,0,1
BRDA:90,21,1,3
BRDA:92,22,0,3
BRDA:92,22,1,1
BRDA:94,23,0,1
BRDA:94,23,1,3
BRDA:95,24,0,1
BRDA:95,24,1,1
BRDA:95,25,0,2
BRDA:95,25,1,2
BRDA:102,26,0,0
BRDA:102,26,1,2
BRDA:103,27,0,1
BRDA:103,27,1,1
BRDA:107,28,0,0
BRDA:107,28,1,3
BRDA:108,29,0,2
BRDA:108,29,1,1
BRDA:112,30,0,0
BRDA:112,30,1,3
BRDA:114,31,0,2
BRDA:114,31,1,1
BRDA:118,32,0,0
BRDA:118,32,1,2
BRDA:119,33,0,1
BRDA:119,33,1,1
BRDA:123,34,0,0
BRDA:123,34,1,2
BRDA:124,35,0,1
BRDA:124,35,1,1
BRDA:130,36,0,0
BRDA:130,36,1,2
BRDA:132,37,0,1
BRDA:132,37,1,1
BRDA:138,38,0,0
BRDA:138,38,1,2
BRDA:140,39,0,1
BRDA:140,39,1,1
BRDA:146,40,0,0
BRDA:146,40,1,2
BRDA:149,41,0,1
BRDA:149,41,1,1
BRDA:155,42,0,0
BRDA:155,42,1,2
BRDA:157,43,0,1
BRDA:157,43,1,1
BRDA:163,44,0,0
BRDA:163,44,1,3
BRDA:166,45,0,1
BRDA:166,45,1,2
BRDA:168,46,0,1
BRDA:168,46,1,1
BRDA:168,47,0,2
BRDA:168,47,1,2
BRDA:175,48,0,1
BRDA:175,48,1,2
BRDA:175,49,0,3
BRDA:175,49,1,2
BRDA:178,50,0,1
BRDA:178,50,1,1
BRDA:184,51,0,3
BRDA:184,51,1,0
BRDA:185,52,0,0
BRDA:185,52,1,3
BRDA:185,53,0,3
BRDA:185,53,1,3
BRDA:187,54,0,1
BRDA:187,54,1,2
BRDA:198,55,0,3
BRDA:198,55,1,3
BRDA:198,56,0,3
BRDA:198,56,1,0
BRDA:200,57,0,1
BRDA:200,57,1,1
BRDA:205,58,0,1
BRDA:205,58,1,1
BRDA:211,59,0,1
BRDA:211,59,1,1
BRF:120
BRH:99
end_of_record
TN:
SF:src\lib\validation\types.ts
FNF:0
FNH:0
LF:0
LH:0
BRF:0
BRH:0
end_of_record
TN:
SF:src\middleware\auth.ts
FN:31,requireAuth
FN:57,(anonymous_1)
FN:69,(anonymous_2)
FN:92,requireRole
FN:93,(anonymous_4)
FN:125,extractToken
FNF:6
FNH:6
FNDA:6,requireAuth
FNDA:4,(anonymous_1)
FNDA:1,(anonymous_2)
FNDA:11,requireRole
FNDA:19,(anonymous_4)
FNDA:6,extractToken
DA:36,6
DA:38,6
DA:39,1
DA:43,1
DA:46,5
DA:48,5
DA:49,1
DA:53,1
DA:57,4
DA:58,4
DA:59,3
DA:60,1
DA:64,1
DA:67,2
DA:68,2
DA:70,1
DA:71,1
DA:93,11
DA:98,19
DA:99,1
DA:103,1
DA:106,18
DA:107,2
DA:111,2
DA:114,16
DA:127,6
DA:128,6
DA:129,4
DA:133,2
DA:134,6
DA:135,1
DA:138,1
LF:32
LH:32
BRDA:38,0,0,1
BRDA:38,0,1,5
BRDA:48,1,0,1
BRDA:48,1,1,4
BRDA:59,2,0,1
BRDA:59,2,1,2
BRDA:98,3,0,1
BRDA:98,3,1,18
BRDA:106,4,0,2
BRDA:106,4,1,16
BRDA:128,5,0,4
BRDA:128,5,1,2
BRDA:134,6,0,1
BRDA:134,6,1,5
BRDA:134,7,0,6
BRDA:134,7,1,1
BRF:16
BRH:16
end_of_record
TN:
SF:src\routes\admin.ts
FN:14,(anonymous_0)
FN:23,(anonymous_1)
FN:33,(anonymous_2)
FN:47,(anonymous_3)
FN:79,(anonymous_4)
FN:88,(anonymous_5)
FN:90,(anonymous_6)
FN:92,(anonymous_7)
FN:104,(anonymous_8)
FN:120,(anonymous_9)
FN:136,(anonymous_10)
FN:168,(anonymous_11)
FNF:12
FNH:11
FNDA:2,(anonymous_0)
FNDA:1,(anonymous_1)
FNDA:1,(anonymous_2)
FNDA:3,(anonymous_3)
FNDA:1,(anonymous_4)
FNDA:1,(anonymous_5)
FNDA:1,(anonymous_6)
FNDA:0,(anonymous_7)
FNDA:3,(anonymous_8)
FNDA:1,(anonymous_9)
FNDA:2,(anonymous_10)
FNDA:3,(anonymous_11)
DA:11,1
DA:12,1
DA:14,1
DA:15,2
DA:16,2
DA:23,1
DA:24,1
DA:25,0
DA:28,1
DA:33,1
DA:41,1
DA:42,1
DA:43,1
DA:47,1
DA:48,3
DA:49,3
DA:50,3
DA:51,3
DA:52,3
DA:53,3
DA:54,3
DA:56,3
DA:57,3
DA:58,3
DA:59,3
DA:60,0
DA:61,0
DA:62,0
DA:63,0
DA:66,3
DA:77,2
DA:79,1
DA:82,1
DA:83,1
DA:84,1
DA:88,1
DA:89,1
DA:90,1
DA:91,1
DA:93,0
DA:96,1
DA:98,0
DA:99,0
DA:100,0
DA:104,1
DA:105,3
DA:106,3
DA:107,2
DA:109,2
DA:114,1
DA:115,1
DA:116,1
DA:120,1
DA:121,1
DA:122,1
DA:123,1
DA:125,1
DA:130,0
DA:131,0
DA:132,0
DA:136,1
DA:137,2
DA:138,2
DA:139,2
DA:140,1
DA:142,1
DA:143,1
DA:144,1
DA:145,1
DA:146,1
DA:147,1
DA:148,0
DA:150,1
DA:162,1
DA:163,1
DA:164,1
DA:168,1
DA:169,3
DA:170,3
DA:171,3
DA:172,2
DA:173,1
DA:174,1
DA:177,1
DA:179,1
DA:190,1
DA:192,1
DA:194,1
DA:195,1
DA:196,1
LF:90
LH:77
BRDA:35,0,0,1
BRDA:35,0,1,0
BRDA:35,1,0,1
BRDA:35,1,1,0
BRDA:41,2,0,1
BRDA:41,2,1,0
BRDA:53,3,0,3
BRDA:53,3,1,3
BRDA:54,4,0,3
BRDA:54,4,1,3
BRDA:57,5,0,1
BRDA:57,5,1,2
BRDA:58,6,0,1
BRDA:58,6,1,2
BRDA:59,7,0,0
BRDA:59,7,1,3
BRDA:59,8,0,3
BRDA:59,8,1,3
BRDA:61,9,0,0
BRDA:61,9,1,0
BRDA:62,10,0,0
BRDA:62,10,1,0
BRDA:79,11,0,1
BRDA:79,11,1,0
BRDA:79,12,0,1
BRDA:79,12,1,0
BRDA:82,13,0,1
BRDA:82,13,1,0
BRDA:98,14,0,0
BRDA:98,14,1,0
BRDA:111,15,0,1
BRDA:111,15,1,1
BRDA:114,16,0,1
BRDA:114,16,1,0
BRDA:130,17,0,0
BRDA:130,17,1,0
BRDA:153,18,0,1
BRDA:153,18,1,0
BRDA:162,19,0,1
BRDA:162,19,1,0
BRDA:172,20,0,1
BRDA:172,20,1,1
BRDA:194,21,0,1
BRDA:194,21,1,0
BRF:44
BRH:25
end_of_record
TN:
SF:src\routes\ai-assistant.ts
FN:54,(anonymous_0)
FN:83,(anonymous_1)
FN:134,(anonymous_2)
FN:179,(anonymous_3)
FN:200,(anonymous_4)
FN:226,(anonymous_5)
FN:254,(anonymous_6)
FN:301,(anonymous_7)
FN:346,(anonymous_8)
FN:383,(anonymous_9)
FN:412,(anonymous_10)
FN:452,(anonymous_11)
FN:492,(anonymous_12)
FN:532,(anonymous_13)
FN:571,(anonymous_14)
FNF:15
FNH:15
FNDA:2,(anonymous_0)
FNDA:4,(anonymous_1)
FNDA:3,(anonymous_2)
FNDA:3,(anonymous_3)
FNDA:2,(anonymous_4)
FNDA:2,(anonymous_5)
FNDA:5,(anonymous_6)
FNDA:6,(anonymous_7)
FNDA:3,(anonymous_8)
FNDA:4,(anonymous_9)
FNDA:3,(anonymous_10)
FNDA:3,(anonymous_11)
FNDA:3,(anonymous_12)
FNDA:3,(anonymous_13)
FNDA:4,(anonymous_14)
DA:29,1
DA:30,1
DA:34,1
DA:40,1
DA:44,1
DA:51,1
DA:55,2
DA:56,2
DA:57,0
DA:58,0
DA:61,2
DA:62,1
DA:67,1
DA:68,1
DA:69,1
DA:80,1
DA:84,4
DA:85,4
DA:86,0
DA:87,0
DA:90,4
DA:91,4
DA:92,2
DA:93,2
DA:94,2
DA:97,2
DA:99,2
DA:106,1
DA:118,1
DA:119,1
DA:120,1
DA:131,1
DA:135,3
DA:136,3
DA:137,0
DA:138,0
DA:141,3
DA:146,3
DA:147,1
DA:148,1
DA:149,1
DA:152,2
DA:158,1
DA:163,1
DA:164,1
DA:165,1
DA:176,1
DA:180,3
DA:181,3
DA:182,0
DA:183,0
DA:186,3
DA:187,3
DA:189,2
DA:190,1
DA:194,1
DA:197,1
DA:200,2
DA:210,1
DA:211,1
DA:212,1
DA:223,1
DA:227,2
DA:228,2
DA:229,0
DA:230,0
DA:233,2
DA:234,2
DA:236,1
DA:238,1
DA:239,1
DA:240,1
DA:251,1
DA:255,5
DA:256,5
DA:257,0
DA:258,0
DA:261,5
DA:262,5
DA:263,1
DA:264,1
DA:267,4
DA:268,4
DA:269,1
DA:270,1
DA:271,1
DA:274,3
DA:276,1
DA:281,2
DA:282,2
DA:283,1
DA:284,1
DA:286,1
DA:287,1
DA:298,1
DA:302,6
DA:303,6
DA:304,0
DA:305,0
DA:308,6
DA:309,6
DA:310,1
DA:311,1
DA:314,5
DA:319,6
DA:321,3
DA:326,2
DA:327,2
DA:328,1
DA:329,1
DA:331,1
DA:332,1
DA:343,1
DA:347,3
DA:348,3
DA:349,0
DA:350,0
DA:353,3
DA:354,3
DA:355,1
DA:356,1
DA:357,1
DA:360,2
DA:362,1
DA:367,1
DA:368,1
DA:369,1
DA:380,1
DA:384,4
DA:385,4
DA:386,4
DA:387,0
DA:388,0
DA:391,4
DA:392,4
DA:394,3
DA:399,1
DA:400,1
DA:401,1
DA:409,1
DA:413,3
DA:414,3
DA:415,0
DA:416,0
DA:419,3
DA:424,3
DA:425,1
DA:426,1
DA:429,2
DA:431,1
DA:436,1
DA:437,1
DA:438,1
DA:449,1
DA:453,3
DA:454,3
DA:455,0
DA:456,0
DA:459,3
DA:464,3
DA:465,1
DA:466,1
DA:469,2
DA:471,1
DA:476,1
DA:477,1
DA:478,1
DA:489,1
DA:493,3
DA:494,3
DA:495,0
DA:496,0
DA:499,3
DA:503,3
DA:504,1
DA:505,1
DA:508,2
DA:509,2
DA:511,1
DA:516,1
DA:517,1
DA:518,1
DA:529,1
DA:533,3
DA:534,3
DA:535,0
DA:536,0
DA:539,3
DA:543,3
DA:544,1
DA:545,1
DA:548,2
DA:549,2
DA:551,2
DA:556,1
DA:557,1
DA:558,1
DA:569,1
DA:572,4
DA:573,4
DA:574,4
DA:575,3
DA:581,4
DA:582,1
DA:583,2
DA:584,1
DA:587,3
DA:588,4
DA:590,1
DA:591,1
LF:210
LH:184
BRDA:56,0,0,0
BRDA:56,0,1,2
BRDA:67,1,0,1
BRDA:67,1,1,0
BRDA:85,2,0,0
BRDA:85,2,1,4
BRDA:91,3,0,2
BRDA:91,3,1,2
BRDA:92,4,0,2
BRDA:92,4,1,0
BRDA:118,5,0,1
BRDA:118,5,1,0
BRDA:136,6,0,0
BRDA:136,6,1,3
BRDA:146,7,0,1
BRDA:146,7,1,2
BRDA:147,8,0,1
BRDA:147,8,1,0
BRDA:163,9,0,1
BRDA:163,9,1,0
BRDA:181,10,0,0
BRDA:181,10,1,3
BRDA:189,11,0,1
BRDA:189,11,1,1
BRDA:210,12,0,1
BRDA:210,12,1,0
BRDA:228,13,0,0
BRDA:228,13,1,2
BRDA:238,14,0,1
BRDA:238,14,1,0
BRDA:256,15,0,0
BRDA:256,15,1,5
BRDA:262,16,0,1
BRDA:262,16,1,4
BRDA:262,17,0,5
BRDA:262,17,1,4
BRDA:268,18,0,1
BRDA:268,18,1,3
BRDA:269,19,0,1
BRDA:269,19,1,0
BRDA:281,20,0,2
BRDA:281,20,1,0
BRDA:282,21,0,1
BRDA:282,21,1,1
BRDA:303,22,0,0
BRDA:303,22,1,6
BRDA:309,23,0,1
BRDA:309,23,1,5
BRDA:309,24,0,6
BRDA:309,24,1,5
BRDA:315,25,0,5
BRDA:315,25,1,3
BRDA:326,26,0,2
BRDA:326,26,1,0
BRDA:327,27,0,1
BRDA:327,27,1,1
BRDA:348,28,0,0
BRDA:348,28,1,3
BRDA:354,29,0,1
BRDA:354,29,1,2
BRDA:355,30,0,1
BRDA:355,30,1,0
BRDA:367,31,0,1
BRDA:367,31,1,0
BRDA:386,32,0,0
BRDA:386,32,1,4
BRDA:386,33,0,4
BRDA:386,33,1,4
BRDA:391,34,0,4
BRDA:391,34,1,2
BRDA:399,35,0,1
BRDA:399,35,1,0
BRDA:414,36,0,0
BRDA:414,36,1,3
BRDA:424,37,0,1
BRDA:424,37,1,2
BRDA:425,38,0,1
BRDA:425,38,1,0
BRDA:436,39,0,1
BRDA:436,39,1,0
BRDA:454,40,0,0
BRDA:454,40,1,3
BRDA:464,41,0,1
BRDA:464,41,1,2
BRDA:465,42,0,1
BRDA:465,42,1,0
BRDA:476,43,0,1
BRDA:476,43,1,0
BRDA:494,44,0,0
BRDA:494,44,1,3
BRDA:503,45,0,1
BRDA:503,45,1,2
BRDA:504,46,0,1
BRDA:504,46,1,0
BRDA:516,47,0,1
BRDA:516,47,1,0
BRDA:534,48,0,0
BRDA:534,48,1,3
BRDA:543,49,0,1
BRDA:543,49,1,2
BRDA:544,50,0,1
BRDA:544,50,1,0
BRDA:556,51,0,1
BRDA:556,51,1,0
BRDA:576,52,0,2
BRDA:576,52,1,1
BRDA:577,53,0,4
BRDA:577,53,1,0
BRDA:578,54,0,4
BRDA:578,54,1,3
BRDA:581,55,0,1
BRDA:581,55,1,2
BRDA:583,56,0,1
BRDA:583,56,1,1
BRDA:587,57,0,2
BRDA:587,57,1,1
BRDA:590,58,0,1
BRDA:590,58,1,0
BRDA:593,59,0,1
BRDA:593,59,1,0
BRDA:594,60,0,1
BRDA:594,60,1,1
BRF:122
BRH:85
end_of_record
TN:
SF:src\routes\auth.ts
FN:27,(anonymous_0)
FN:63,setTokenCookie
FN:78,authResponse
FN:96,(anonymous_3)
FN:167,(anonymous_4)
FN:245,(anonymous_5)
FN:291,(anonymous_6)
FN:327,(anonymous_7)
FN:383,(anonymous_8)
FN:388,(anonymous_9)
FN:417,(anonymous_10)
FN:517,extractTokenFromRequest
FNF:12
FNH:9
FNDA:10,(anonymous_0)
FNDA:2,setTokenCookie
FNDA:2,authResponse
FNDA:6,(anonymous_3)
FNDA:5,(anonymous_4)
FNDA:2,(anonymous_5)
FNDA:0,(anonymous_6)
FNDA:2,(anonymous_7)
FNDA:0,(anonymous_8)
FNDA:0,(anonymous_9)
FNDA:3,(anonymous_10)
FNDA:2,extractTokenFromRequest
DA:19,1
DA:23,1
DA:27,10
DA:29,1
DA:34,1
DA:40,1
DA:47,1
DA:52,1
DA:64,2
DA:66,2
DA:79,2
DA:96,1
DA:97,6
DA:99,6
DA:100,6
DA:101,3
DA:102,3
DA:106,3
DA:109,3
DA:112,3
DA:113,2
DA:114,1
DA:118,1
DA:122,1
DA:123,1
DA:133,1
DA:136,1
DA:142,1
DA:143,1
DA:147,1
DA:148,1
DA:167,1
DA:168,5
DA:170,5
DA:171,5
DA:172,1
DA:173,1
DA:177,1
DA:180,4
DA:183,4
DA:184,3
DA:186,1
DA:190,1
DA:194,2
DA:195,2
DA:196,1
DA:200,1
DA:204,1
DA:207,1
DA:213,1
DA:224,1
DA:225,1
DA:227,1
DA:228,1
DA:245,1
DA:246,2
DA:247,2
DA:249,2
DA:250,2
DA:254,1
DA:255,1
DA:267,1
DA:269,1
DA:271,1
DA:272,1
DA:291,1
DA:292,0
DA:293,0
DA:294,0
DA:298,0
DA:301,0
DA:303,0
DA:304,0
DA:309,0
DA:310,0
DA:327,1
DA:328,2
DA:329,2
DA:330,0
DA:334,0
DA:337,2
DA:371,2
DA:372,1
DA:376,1
DA:379,1
DA:383,0
DA:388,0
DA:397,0
DA:398,0
DA:417,1
DA:418,3
DA:419,3
DA:420,0
DA:424,0
DA:428,3
DA:429,3
DA:430,0
DA:431,0
DA:435,0
DA:438,3
DA:441,3
DA:445,3
DA:446,0
DA:450,0
DA:454,3
DA:455,3
DA:456,1
DA:460,1
DA:464,2
DA:465,2
DA:466,1
DA:470,1
DA:474,1
DA:475,1
DA:481,1
DA:497,1
DA:498,1
DA:503,0
DA:504,0
DA:518,2
DA:519,2
DA:520,2
DA:522,0
DA:523,2
DA:524,0
DA:526,0
LF:126
LH:99
BRDA:69,0,0,0
BRDA:69,0,1,2
BRDA:100,1,0,3
BRDA:100,1,1,3
BRDA:101,2,0,3
BRDA:101,2,1,0
BRDA:113,3,0,1
BRDA:113,3,1,1
BRDA:171,4,0,1
BRDA:171,4,1,4
BRDA:172,5,0,1
BRDA:172,5,1,0
BRDA:184,6,0,1
BRDA:184,6,1,2
BRDA:195,7,0,1
BRDA:195,7,1,1
BRDA:219,8,0,1
BRDA:219,8,1,0
BRDA:219,8,2,0
BRDA:249,9,0,2
BRDA:249,9,1,0
BRDA:254,10,0,1
BRDA:254,10,1,0
BRDA:261,11,0,1
BRDA:261,11,1,0
BRDA:261,11,2,0
BRDA:293,12,0,0
BRDA:293,12,1,0
BRDA:329,13,0,0
BRDA:329,13,1,2
BRDA:371,14,0,1
BRDA:371,14,1,1
BRDA:419,15,0,0
BRDA:419,15,1,3
BRDA:429,16,0,0
BRDA:429,16,1,3
BRDA:430,17,0,0
BRDA:430,17,1,0
BRDA:445,18,0,0
BRDA:445,18,1,3
BRDA:455,19,0,1
BRDA:455,19,1,2
BRDA:465,20,0,1
BRDA:465,20,1,1
BRDA:487,21,0,1
BRDA:487,21,1,0
BRDA:487,21,2,0
BRDA:519,22,0,2
BRDA:519,22,1,0
BRDA:523,23,0,0
BRDA:523,23,1,2
BRDA:523,24,0,2
BRDA:523,24,1,0
BRF:53
BRH:31
end_of_record
TN:
SF:src\routes\companies.ts
FN:47,cacheGet
FN:56,cacheSet
FN:63,getSortField
FN:73,(anonymous_3)
FN:110,(anonymous_4)
FN:132,(anonymous_5)
FN:178,(anonymous_6)
FN:194,(anonymous_7)
FN:240,(anonymous_8)
FN:241,(anonymous_9)
FN:266,(anonymous_10)
FN:286,(anonymous_11)
FN:291,(anonymous_12)
FN:304,(anonymous_13)
FN:317,(anonymous_14)
FN:335,(anonymous_15)
FN:367,(anonymous_16)
FN:378,(anonymous_17)
FN:408,(anonymous_18)
FNF:19
FNH:17
FNDA:10,cacheGet
FNDA:4,cacheSet
FNDA:10,getSortField
FNDA:12,(anonymous_3)
FNDA:10,(anonymous_4)
FNDA:8,(anonymous_5)
FNDA:1,(anonymous_6)
FNDA:5,(anonymous_7)
FNDA:28,(anonymous_8)
FNDA:112,(anonymous_9)
FNDA:3,(anonymous_10)
FNDA:1,(anonymous_11)
FNDA:1,(anonymous_12)
FNDA:4,(anonymous_13)
FNDA:0,(anonymous_14)
FNDA:4,(anonymous_15)
FNDA:0,(anonymous_16)
FNDA:3,(anonymous_17)
FNDA:7,(anonymous_18)
DA:10,2
DA:11,2
DA:13,2
DA:14,2
DA:16,2
DA:24,2
DA:45,2
DA:48,10
DA:49,10
DA:50,10
DA:51,10
DA:53,9
DA:57,4
DA:58,4
DA:59,4
DA:64,10
DA:65,1
DA:66,1
DA:67,0
DA:68,0
DA:69,8
DA:73,2
DA:74,12
DA:75,12
DA:76,12
DA:77,2
DA:78,2
DA:81,10
DA:82,10
DA:84,10
DA:85,10
DA:86,10
DA:87,2
DA:94,10
DA:110,10
DA:121,9
DA:126,1
DA:127,1
DA:128,1
DA:132,2
DA:133,8
DA:134,8
DA:135,8
DA:136,2
DA:137,2
DA:140,6
DA:141,6
DA:142,6
DA:143,1
DA:144,1
DA:147,5
DA:158,4
DA:159,2
DA:160,2
DA:163,2
DA:178,1
DA:185,8
DA:186,2
DA:188,1
DA:189,1
DA:190,1
DA:194,2
DA:195,5
DA:196,5
DA:197,5
DA:198,1
DA:199,1
DA:202,4
DA:203,4
DA:204,4
DA:205,0
DA:206,0
DA:209,4
DA:214,3
DA:215,1
DA:216,1
DA:219,2
DA:223,5
DA:240,5
DA:241,112
DA:242,28
DA:245,5
DA:257,5
DA:258,2
DA:260,1
DA:261,1
DA:262,1
DA:266,2
DA:267,3
DA:268,3
DA:269,3
DA:270,1
DA:271,1
DA:274,2
DA:286,1
DA:291,1
DA:296,1
DA:298,1
DA:299,1
DA:300,1
DA:304,2
DA:305,4
DA:306,4
DA:307,4
DA:308,1
DA:309,1
DA:312,3
DA:313,3
DA:314,3
DA:316,1
DA:317,1
DA:320,1
DA:325,2
DA:326,2
DA:327,1
DA:328,1
DA:330,1
DA:331,1
DA:335,2
DA:336,4
DA:337,4
DA:338,4
DA:339,1
DA:340,1
DA:343,3
DA:344,3
DA:345,0
DA:346,0
DA:349,3
DA:350,2
DA:351,1
DA:352,1
DA:355,1
DA:360,1
DA:361,1
DA:362,1
DA:363,1
DA:366,1
DA:367,1
DA:370,1
DA:372,1
DA:373,1
DA:374,1
DA:378,2
DA:379,3
DA:380,3
DA:381,3
DA:382,1
DA:383,1
DA:386,2
DA:387,2
DA:388,1
DA:389,1
DA:392,1
DA:394,1
DA:395,1
DA:396,1
DA:397,1
DA:400,1
DA:402,0
DA:403,0
DA:404,0
DA:408,2
DA:409,7
DA:410,7
DA:411,7
DA:412,1
DA:413,1
DA:416,6
DA:417,0
DA:418,0
DA:421,6
DA:426,5
DA:427,1
DA:428,1
DA:431,4
DA:432,1
DA:433,1
DA:436,3
DA:437,3
DA:438,3
DA:440,3
DA:441,3
DA:442,3
DA:443,3
DA:444,2
DA:445,2
DA:447,1
DA:448,1
DA:452,3
DA:453,2
DA:454,2
DA:457,3
DA:458,2
DA:459,2
DA:462,3
DA:463,3
DA:464,3
DA:465,2
DA:466,2
DA:468,1
DA:472,3
DA:474,3
DA:479,1
DA:480,1
DA:481,1
LF:206
LH:195
BRDA:51,0,0,1
BRDA:51,0,1,9
BRDA:56,1,0,4
BRDA:64,2,0,1
BRDA:64,2,1,1
BRDA:64,2,2,0
BRDA:64,2,3,0
BRDA:64,2,4,8
BRDA:76,3,0,2
BRDA:76,3,1,10
BRDA:85,4,0,2
BRDA:85,4,1,8
BRDA:86,5,0,2
BRDA:86,5,1,8
BRDA:126,6,0,1
BRDA:126,6,1,0
BRDA:135,7,0,2
BRDA:135,7,1,6
BRDA:135,8,0,8
BRDA:135,8,1,6
BRDA:142,9,0,1
BRDA:142,9,1,5
BRDA:158,10,0,2
BRDA:158,10,1,2
BRDA:175,11,0,8
BRDA:175,11,1,0
BRDA:177,12,0,8
BRDA:177,12,1,1
BRDA:177,12,2,0
BRDA:188,13,0,1
BRDA:188,13,1,0
BRDA:197,14,0,1
BRDA:197,14,1,4
BRDA:197,15,0,5
BRDA:197,15,1,4
BRDA:204,16,0,0
BRDA:204,16,1,4
BRDA:214,17,0,1
BRDA:214,17,1,2
BRDA:219,18,0,2
BRDA:219,18,1,1
BRDA:219,18,2,0
BRDA:241,19,0,112
BRDA:241,19,1,112
BRDA:241,19,2,2
BRDA:241,20,0,2
BRDA:241,20,1,0
BRDA:260,21,0,1
BRDA:260,21,1,0
BRDA:269,22,0,1
BRDA:269,22,1,2
BRDA:269,23,0,3
BRDA:269,23,1,2
BRDA:298,24,0,1
BRDA:298,24,1,0
BRDA:307,25,0,1
BRDA:307,25,1,3
BRDA:325,26,0,2
BRDA:325,26,1,0
BRDA:326,27,0,1
BRDA:326,27,1,1
BRDA:338,28,0,1
BRDA:338,28,1,3
BRDA:338,29,0,4
BRDA:338,29,1,3
BRDA:344,30,0,0
BRDA:344,30,1,3
BRDA:350,31,0,1
BRDA:350,31,1,1
BRDA:372,32,0,1
BRDA:372,32,1,0
BRDA:381,33,0,1
BRDA:381,33,1,2
BRDA:381,34,0,3
BRDA:381,34,1,2
BRDA:387,35,0,1
BRDA:387,35,1,1
BRDA:402,36,0,0
BRDA:402,36,1,0
BRDA:411,37,0,1
BRDA:411,37,1,6
BRDA:411,38,0,7
BRDA:411,38,1,6
BRDA:416,39,0,0
BRDA:416,39,1,6
BRDA:426,40,0,1
BRDA:426,40,1,4
BRDA:431,41,0,1
BRDA:431,41,1,3
BRDA:431,42,0,4
BRDA:431,42,1,4
BRDA:440,43,0,3
BRDA:440,43,1,0
BRDA:440,44,0,3
BRDA:440,44,1,3
BRDA:443,45,0,2
BRDA:443,45,1,1
BRDA:452,46,0,2
BRDA:452,46,1,1
BRDA:452,47,0,3
BRDA:452,47,1,2
BRDA:452,47,2,2
BRDA:457,48,0,2
BRDA:457,48,1,1
BRDA:457,49,0,3
BRDA:457,49,1,3
BRDA:462,50,0,3
BRDA:462,50,1,0
BRDA:464,51,0,2
BRDA:464,51,1,1
BRDA:479,52,0,1
BRDA:479,52,1,0
BRF:112
BRH:92
end_of_record
TN:
SF:src\routes\health.ts
FN:8,(anonymous_0)
FN:16,(anonymous_1)
FNF:2
FNH:2
FNDA:1,(anonymous_0)
FNDA:2,(anonymous_1)
DA:6,1
DA:8,1
DA:9,1
DA:16,1
DA:17,2
DA:23,2
DA:24,2
DA:25,1
DA:28,2
DA:29,2
DA:30,2
DA:31,2
DA:34,2
DA:36,2
DA:38,2
LF:15
LH:15
BRDA:36,0,0,2
BRDA:36,0,1,1
BRDA:36,0,2,1
BRDA:38,1,0,1
BRDA:38,1,1,1
BRF:5
BRH:5
end_of_record
TN:
SF:src\routes\skills.ts
FN:15,cacheGet
FN:24,cacheSet
FN:31,(anonymous_2)
FN:55,(anonymous_3)
FN:68,(anonymous_4)
FN:92,(anonymous_5)
FN:104,(anonymous_6)
FN:131,(anonymous_7)
FN:148,(anonymous_8)
FN:165,(anonymous_9)
FN:190,(anonymous_10)
FN:225,(anonymous_11)
FN:245,(anonymous_12)
FN:249,(anonymous_13)
FN:250,(anonymous_14)
FN:269,(anonymous_15)
FNF:16
FNH:16
FNDA:4,cacheGet
FNDA:2,cacheSet
FNDA:5,(anonymous_2)
FNDA:2,(anonymous_3)
FNDA:4,(anonymous_4)
FNDA:2,(anonymous_5)
FNDA:4,(anonymous_6)
FNDA:2,(anonymous_7)
FNDA:3,(anonymous_8)
FNDA:1,(anonymous_9)
FNDA:4,(anonymous_10)
FNDA:2,(anonymous_11)
FNDA:1,(anonymous_12)
FNDA:1,(anonymous_13)
FNDA:1,(anonymous_14)
FNDA:1,(anonymous_15)
DA:9,1
DA:10,1
DA:12,1
DA:13,1
DA:16,4
DA:17,4
DA:18,4
DA:19,4
DA:21,3
DA:25,2
DA:26,2
DA:27,2
DA:31,1
DA:32,5
DA:33,5
DA:34,5
DA:36,5
DA:37,5
DA:38,4
DA:39,4
DA:40,1
DA:41,1
DA:45,4
DA:46,4
DA:47,4
DA:49,4
DA:55,3
DA:59,3
DA:60,3
DA:62,1
DA:63,1
DA:64,1
DA:68,1
DA:69,4
DA:70,4
DA:71,4
DA:72,1
DA:73,1
DA:76,3
DA:83,2
DA:84,1
DA:85,1
DA:88,1
DA:92,2
DA:98,1
DA:99,1
DA:100,1
DA:104,1
DA:105,4
DA:106,4
DA:107,4
DA:108,1
DA:109,1
DA:112,3
DA:119,2
DA:120,1
DA:121,1
DA:124,1
DA:126,1
DA:131,2
DA:142,1
DA:143,1
DA:144,1
DA:148,1
DA:149,3
DA:150,3
DA:151,3
DA:152,1
DA:153,1
DA:156,2
DA:162,1
DA:165,1
DA:179,1
DA:180,1
DA:181,1
DA:185,1
DA:190,1
DA:191,4
DA:192,4
DA:193,0
DA:194,0
DA:197,4
DA:198,4
DA:199,1
DA:200,1
DA:203,3
DA:205,3
DA:206,2
DA:207,1
DA:208,1
DA:211,1
DA:217,1
DA:219,1
DA:220,1
DA:221,1
DA:225,1
DA:226,2
DA:227,2
DA:228,0
DA:229,0
DA:232,2
DA:237,1
DA:242,1
DA:243,1
DA:244,1
DA:245,1
DA:249,1
DA:250,1
DA:251,1
DA:252,1
DA:253,1
DA:254,1
DA:255,1
DA:262,1
DA:266,1
DA:269,1
DA:280,1
DA:281,1
DA:282,1
LF:119
LH:115
BRDA:19,0,0,1
BRDA:19,0,1,3
BRDA:24,1,0,2
BRDA:36,2,0,1
BRDA:36,2,1,4
BRDA:37,3,0,4
BRDA:37,3,1,1
BRDA:39,4,0,1
BRDA:39,4,1,3
BRDA:46,5,0,1
BRDA:46,5,1,3
BRDA:47,6,0,1
BRDA:47,6,1,3
BRDA:59,7,0,2
BRDA:59,7,1,1
BRDA:62,8,0,1
BRDA:62,8,1,0
BRDA:71,9,0,1
BRDA:71,9,1,3
BRDA:71,10,0,4
BRDA:71,10,1,3
BRDA:83,11,0,1
BRDA:83,11,1,1
BRDA:98,12,0,1
BRDA:98,12,1,0
BRDA:107,13,0,1
BRDA:107,13,1,3
BRDA:107,14,0,4
BRDA:107,14,1,3
BRDA:119,15,0,1
BRDA:119,15,1,1
BRDA:133,16,0,1
BRDA:133,16,1,1
BRDA:134,17,0,0
BRDA:134,17,1,1
BRDA:135,18,0,1
BRDA:135,18,1,0
BRDA:136,19,0,0
BRDA:136,19,1,0
BRDA:142,20,0,1
BRDA:142,20,1,0
BRDA:151,21,0,1
BRDA:151,21,1,2
BRDA:151,22,0,3
BRDA:151,22,1,2
BRDA:170,23,0,0
BRDA:170,23,1,1
BRDA:171,24,0,0
BRDA:171,24,1,1
BRDA:172,25,0,1
BRDA:172,25,1,0
BRDA:173,26,0,0
BRDA:173,26,1,0
BRDA:179,27,0,1
BRDA:179,27,1,0
BRDA:192,28,0,0
BRDA:192,28,1,4
BRDA:198,29,0,1
BRDA:198,29,1,3
BRDA:206,30,0,1
BRDA:206,30,1,1
BRDA:219,31,0,1
BRDA:219,31,1,0
BRDA:227,32,0,0
BRDA:227,32,1,2
BRDA:243,33,0,1
BRDA:243,33,1,0
BRDA:251,34,0,1
BRDA:251,34,1,0
BRDA:252,35,0,1
BRDA:252,35,1,0
BRDA:254,36,0,1
BRDA:254,36,1,0
BRDA:274,37,0,1
BRDA:274,37,1,0
BRDA:280,38,0,1
BRDA:280,38,1,0
BRF:77
BRH:55
end_of_record
TN:
SF:src\routes\student.ts
FN:15,cacheGet
FN:24,cacheSet
FN:31,invalidateCache
FN:40,(anonymous_3)
FN:62,(anonymous_4)
FN:64,(anonymous_5)
FN:66,(anonymous_6)
FN:72,(anonymous_7)
FN:83,(anonymous_8)
FN:99,(anonymous_9)
FN:111,(anonymous_10)
FN:119,(anonymous_11)
FN:131,(anonymous_12)
FN:149,(anonymous_13)
FN:161,(anonymous_14)
FN:188,(anonymous_15)
FN:204,(anonymous_16)
FN:214,(anonymous_17)
FN:222,(anonymous_18)
FN:246,(anonymous_19)
FN:262,(anonymous_20)
FN:272,(anonymous_21)
FN:282,(anonymous_22)
FN:299,(anonymous_23)
FN:311,(anonymous_24)
FN:323,(anonymous_25)
FN:329,(anonymous_26)
FN:330,(anonymous_27)
FN:331,(anonymous_28)
FNF:29
FNH:24
FNDA:3,cacheGet
FNDA:1,cacheSet
FNDA:6,invalidateCache
FNDA:3,(anonymous_3)
FNDA:0,(anonymous_4)
FNDA:1,(anonymous_5)
FNDA:0,(anonymous_6)
FNDA:0,(anonymous_7)
FNDA:1,(anonymous_8)
FNDA:3,(anonymous_9)
FNDA:1,(anonymous_10)
FNDA:1,(anonymous_11)
FNDA:0,(anonymous_12)
FNDA:0,(anonymous_13)
FNDA:5,(anonymous_14)
FNDA:3,(anonymous_15)
FNDA:2,(anonymous_16)
FNDA:1,(anonymous_17)
FNDA:3,(anonymous_18)
FNDA:3,(anonymous_19)
FNDA:2,(anonymous_20)
FNDA:1,(anonymous_21)
FNDA:3,(anonymous_22)
FNDA:2,(anonymous_23)
FNDA:3,(anonymous_24)
FNDA:1,(anonymous_25)
FNDA:1,(anonymous_26)
FNDA:1,(anonymous_27)
FNDA:1,(anonymous_28)
DA:9,1
DA:10,1
DA:12,1
DA:13,1
DA:16,3
DA:17,3
DA:18,3
DA:19,3
DA:21,2
DA:25,1
DA:26,1
DA:27,1
DA:32,6
DA:33,6
DA:34,6
DA:35,6
DA:36,6
DA:40,1
DA:41,3
DA:42,3
DA:44,3
DA:45,3
DA:46,3
DA:48,2
DA:56,1
DA:58,3
DA:59,3
DA:60,3
DA:62,3
DA:63,3
DA:65,1
DA:66,1
DA:67,1
DA:68,1
DA:72,1
DA:74,1
DA:83,1
DA:90,1
DA:91,1
DA:93,1
DA:94,1
DA:95,1
DA:99,1
DA:100,3
DA:101,3
DA:103,3
DA:104,2
DA:105,1
DA:106,1
DA:109,1
DA:110,1
DA:111,1
DA:113,1
DA:119,1
DA:120,1
DA:121,1
DA:123,1
DA:124,1
DA:125,1
DA:126,1
DA:127,0
DA:130,1
DA:131,0
DA:132,0
DA:133,0
DA:136,1
DA:137,1
DA:138,1
DA:139,1
DA:142,1
DA:149,1
DA:151,1
DA:153,1
DA:154,1
DA:155,1
DA:159,1
DA:161,1
DA:162,5
DA:163,5
DA:164,5
DA:165,5
DA:167,4
DA:168,3
DA:170,2
DA:173,2
DA:174,1
DA:179,2
DA:180,2
DA:182,1
DA:183,1
DA:184,1
DA:188,1
DA:189,3
DA:190,3
DA:191,3
DA:192,3
DA:194,2
DA:195,1
DA:196,1
DA:198,1
DA:199,1
DA:200,1
DA:204,1
DA:205,2
DA:206,2
DA:208,2
DA:214,1
DA:216,1
DA:217,1
DA:218,1
DA:222,1
DA:223,3
DA:224,3
DA:225,3
DA:226,3
DA:228,2
DA:231,1
DA:232,1
DA:237,1
DA:238,1
DA:240,1
DA:241,1
DA:242,1
DA:246,1
DA:247,3
DA:248,3
DA:249,3
DA:250,3
DA:252,2
DA:253,1
DA:254,1
DA:256,1
DA:257,1
DA:258,1
DA:262,1
DA:263,2
DA:264,2
DA:266,2
DA:272,1
DA:274,1
DA:275,1
DA:276,1
DA:280,1
DA:282,1
DA:283,3
DA:284,3
DA:285,3
DA:286,3
DA:288,2
DA:294,1
DA:299,2
DA:300,1
DA:302,1
DA:303,1
DA:305,1
DA:306,1
DA:307,1
DA:311,1
DA:312,3
DA:313,3
DA:315,3
DA:320,2
DA:323,1
DA:325,2
DA:329,3
DA:330,1
DA:331,1
DA:332,1
DA:333,1
DA:340,3
DA:342,1
DA:343,1
DA:344,1
LF:173
LH:169
BRDA:19,0,0,1
BRDA:19,0,1,2
BRDA:24,1,0,1
BRDA:42,2,0,0
BRDA:42,2,1,3
BRDA:46,3,0,1
BRDA:46,3,1,2
BRDA:60,4,0,1
BRDA:60,4,1,0
BRDA:66,5,0,0
BRDA:66,5,1,0
BRDA:67,6,0,0
BRDA:67,6,1,1
BRDA:93,7,0,1
BRDA:93,7,1,0
BRDA:101,8,0,0
BRDA:101,8,1,3
BRDA:104,9,0,1
BRDA:104,9,1,1
BRDA:104,10,0,2
BRDA:104,10,1,2
BRDA:123,11,0,1
BRDA:123,11,1,0
BRDA:123,12,0,1
BRDA:123,12,1,1
BRDA:126,13,0,1
BRDA:126,13,1,0
BRDA:130,14,0,0
BRDA:130,14,1,1
BRDA:131,15,0,0
BRDA:131,15,1,0
BRDA:136,16,0,1
BRDA:136,16,1,0
BRDA:136,17,0,1
BRDA:136,17,1,1
BRDA:137,18,0,1
BRDA:137,18,1,0
BRDA:139,19,0,1
BRDA:139,19,1,0
BRDA:153,20,0,1
BRDA:153,20,1,0
BRDA:163,21,0,0
BRDA:163,21,1,5
BRDA:165,22,0,1
BRDA:165,22,1,4
BRDA:168,23,0,1
BRDA:168,23,1,2
BRDA:173,24,0,1
BRDA:173,24,1,1
BRDA:182,25,0,1
BRDA:182,25,1,0
BRDA:190,26,0,0
BRDA:190,26,1,3
BRDA:192,27,0,1
BRDA:192,27,1,2
BRDA:192,28,0,3
BRDA:192,28,1,2
BRDA:198,29,0,1
BRDA:198,29,1,0
BRDA:206,30,0,0
BRDA:206,30,1,2
BRDA:216,31,0,1
BRDA:216,31,1,0
BRDA:224,32,0,0
BRDA:224,32,1,3
BRDA:226,33,0,1
BRDA:226,33,1,2
BRDA:231,34,0,1
BRDA:231,34,1,0
BRDA:240,35,0,1
BRDA:240,35,1,0
BRDA:248,36,0,0
BRDA:248,36,1,3
BRDA:250,37,0,1
BRDA:250,37,1,2
BRDA:250,38,0,3
BRDA:250,38,1,3
BRDA:256,39,0,1
BRDA:256,39,1,0
BRDA:264,40,0,0
BRDA:264,40,1,2
BRDA:274,41,0,1
BRDA:274,41,1,0
BRDA:284,42,0,0
BRDA:284,42,1,3
BRDA:286,43,0,1
BRDA:286,43,1,2
BRDA:305,44,0,1
BRDA:305,44,1,0
BRDA:313,45,0,0
BRDA:313,45,1,3
BRDA:325,46,0,1
BRDA:325,46,1,1
BRDA:342,47,0,1
BRDA:342,47,1,0
BRF:95
BRH:62
end_of_record
TN:
SF:src\services\aiAssistantService.ts
FN:29,(anonymous_0)
FN:32,(anonymous_1)
FN:35,createChatSession
FN:64,getChatSession
FN:74,(anonymous_4)
FN:89,saveChatMessage
FN:120,deleteChatSession
FN:135,generateAssistantResponse
FN:165,(anonymous_8)
FN:175,(anonymous_9)
FN:190,(anonymous_10)
FN:201,generateAgentResponse
FN:209,answerCompanyQuestion
FN:225,(anonymous_13)
FN:232,(anonymous_14)
FN:237,skillGapAnalysis
FN:271,(anonymous_16)
FN:274,(anonymous_17)
FN:295,(anonymous_18)
FN:299,(anonymous_19)
FN:305,(anonymous_20)
FN:308,generateInterviewPrepQuestions
FN:338,(anonymous_22)
FN:339,(anonymous_23)
FNF:24
FNH:23
FNDA:43,(anonymous_0)
FNDA:5,(anonymous_1)
FNDA:3,createChatSession
FNDA:11,getChatSession
FNDA:1,(anonymous_4)
FNDA:14,saveChatMessage
FNDA:2,deleteChatSession
FNDA:6,generateAssistantResponse
FNDA:13,(anonymous_8)
FNDA:0,(anonymous_9)
FNDA:8,(anonymous_10)
FNDA:1,generateAgentResponse
FNDA:2,answerCompanyQuestion
FNDA:1,(anonymous_13)
FNDA:1,(anonymous_14)
FNDA:6,skillGapAnalysis
FNDA:5,(anonymous_16)
FNDA:9,(anonymous_17)
FNDA:5,(anonymous_18)
FNDA:9,(anonymous_19)
FNDA:9,(anonymous_20)
FNDA:4,generateInterviewPrepQuestions
FNDA:12,(anonymous_22)
FNDA:12,(anonymous_23)
DA:27,1
DA:29,1
DA:30,43
DA:32,1
DA:33,5
DA:36,3
DA:37,3
DA:39,3
DA:48,3
DA:49,3
DA:50,3
DA:53,2
DA:54,2
DA:56,1
DA:57,1
DA:60,3
DA:61,3
DA:68,11
DA:69,11
DA:70,11
DA:71,11
DA:73,8
DA:74,8
DA:78,8
DA:79,8
DA:81,8
DA:83,1
DA:84,1
DA:85,1
DA:94,14
DA:95,14
DA:96,14
DA:97,14
DA:98,1
DA:99,1
DA:102,13
DA:103,13
DA:105,13
DA:106,1
DA:109,13
DA:111,13
DA:115,1
DA:116,1
DA:124,2
DA:125,2
DA:126,2
DA:127,1
DA:128,1
DA:130,1
DA:131,1
DA:141,6
DA:142,6
DA:143,1
DA:144,1
DA:145,1
DA:146,1
DA:150,5
DA:155,5
DA:158,5
DA:159,1
DA:161,4
DA:164,5
DA:165,13
DA:173,5
DA:174,5
DA:175,0
DA:178,5
DA:179,5
DA:181,5
DA:183,5
DA:188,5
DA:190,8
DA:198,5
DA:206,1
DA:213,2
DA:218,2
DA:219,1
DA:222,1
DA:224,1
DA:225,1
DA:228,1
DA:230,2
DA:232,1
DA:234,1
DA:241,6
DA:252,6
DA:253,1
DA:256,5
DA:261,5
DA:262,1
DA:265,4
DA:270,4
DA:271,5
DA:274,4
DA:275,9
DA:276,9
DA:277,9
DA:279,9
DA:294,4
DA:295,5
DA:298,4
DA:299,9
DA:302,4
DA:303,6
DA:305,9
DA:312,4
DA:319,4
DA:320,1
DA:323,3
DA:324,4
DA:325,4
DA:327,4
DA:334,4
DA:336,3
DA:338,12
DA:339,12
DA:341,3
LF:117
LH:116
BRDA:56,0,0,1
BRDA:56,0,1,0
BRDA:71,1,0,3
BRDA:71,1,1,8
BRDA:83,2,0,1
BRDA:83,2,1,0
BRDA:97,3,0,1
BRDA:97,3,1,13
BRDA:105,4,0,1
BRDA:105,4,1,12
BRDA:115,5,0,1
BRDA:115,5,1,0
BRDA:130,6,0,1
BRDA:130,6,1,0
BRDA:142,7,0,1
BRDA:142,7,1,5
BRDA:145,8,0,1
BRDA:145,8,1,0
BRDA:158,9,0,1
BRDA:158,9,1,4
BRDA:175,10,0,0
BRDA:175,10,1,0
BRDA:218,11,0,1
BRDA:218,11,1,1
BRDA:228,12,0,1
BRDA:228,12,1,0
BRDA:252,13,0,1
BRDA:252,13,1,5
BRDA:261,14,0,1
BRDA:261,14,1,4
BRDA:276,15,0,9
BRDA:276,15,1,4
BRDA:284,16,0,1
BRDA:284,16,1,8
BRDA:286,17,0,6
BRDA:286,17,1,2
BRDA:288,18,0,1
BRDA:288,18,1,1
BRDA:299,19,0,9
BRDA:299,19,1,0
BRDA:302,20,0,4
BRDA:302,20,1,0
BRDA:310,21,0,4
BRDA:319,22,0,1
BRDA:319,22,1,3
BRDA:324,23,0,4
BRDA:324,23,1,1
BRDA:325,24,0,4
BRDA:325,24,1,1
BRDA:325,25,0,1
BRDA:325,25,1,0
BRDA:328,26,0,4
BRDA:328,26,1,0
BRDA:345,27,0,3
BRDA:345,27,1,0
BRDA:346,28,0,4
BRDA:346,28,1,0
BRF:57
BRH:43
end_of_record
TN:
SF:src\services\embeddingService.ts
FN:11,val
FN:14,str
FN:18,arr
FN:31,(anonymous_3)
FN:42,(anonymous_4)
FN:52,(anonymous_5)
FN:64,(anonymous_6)
FN:75,(anonymous_7)
FN:85,(anonymous_8)
FN:95,(anonymous_9)
FN:106,(anonymous_10)
FN:118,(anonymous_11)
FN:128,(anonymous_12)
FN:137,(anonymous_13)
FN:148,(anonymous_14)
FN:157,embedCompanyProfile
FN:218,updateCompanyEmbeddings
FN:232,embedAllCompanies
FN:249,(anonymous_18)
FN:274,rebuildEmbeddings
FNF:20
FNH:20
FNDA:798,val
FNDA:475,str
FNDA:323,arr
FNDA:19,(anonymous_3)
FNDA:19,(anonymous_4)
FNDA:19,(anonymous_5)
FNDA:19,(anonymous_6)
FNDA:19,(anonymous_7)
FNDA:19,(anonymous_8)
FNDA:19,(anonymous_9)
FNDA:19,(anonymous_10)
FNDA:19,(anonymous_11)
FNDA:19,(anonymous_12)
FNDA:19,(anonymous_13)
FNDA:19,(anonymous_14)
FNDA:23,embedCompanyProfile
FNDA:3,updateCompanyEmbeddings
FNDA:5,embedAllCompanies
FNDA:12,(anonymous_18)
FNDA:2,rebuildEmbeddings
DA:6,2
DA:8,2
DA:9,2
DA:12,798
DA:15,475
DA:16,475
DA:19,323
DA:20,323
DA:28,2
DA:32,19
DA:33,19
DA:34,19
DA:35,19
DA:36,19
DA:37,19
DA:43,19
DA:44,19
DA:45,19
DA:46,19
DA:47,19
DA:53,19
DA:54,19
DA:55,19
DA:56,19
DA:57,19
DA:58,19
DA:59,19
DA:65,19
DA:66,19
DA:67,19
DA:68,19
DA:69,19
DA:70,19
DA:76,19
DA:77,19
DA:78,19
DA:79,19
DA:80,19
DA:86,19
DA:87,19
DA:88,19
DA:89,19
DA:90,19
DA:96,19
DA:97,19
DA:98,19
DA:99,19
DA:100,19
DA:101,19
DA:107,19
DA:108,19
DA:109,19
DA:110,19
DA:111,19
DA:112,19
DA:113,19
DA:119,19
DA:120,19
DA:121,19
DA:122,19
DA:123,19
DA:129,19
DA:130,19
DA:131,19
DA:132,19
DA:138,19
DA:139,19
DA:140,19
DA:141,19
DA:142,19
DA:143,19
DA:149,19
DA:150,19
DA:151,19
DA:152,19
DA:158,23
DA:165,22
DA:166,3
DA:167,3
DA:170,19
DA:171,23
DA:173,23
DA:174,23
DA:175,228
DA:176,228
DA:177,228
DA:178,116
DA:181,0
DA:182,0
DA:186,19
DA:187,3
DA:188,3
DA:191,16
DA:192,16
DA:193,116
DA:194,116
DA:195,116
DA:196,104
DA:198,104
DA:205,92
DA:207,24
DA:208,24
DA:212,16
DA:219,3
DA:220,3
DA:223,2
DA:224,2
DA:226,1
DA:227,1
DA:228,1
DA:233,5
DA:237,5
DA:244,5
DA:246,5
DA:247,4
DA:248,4
DA:250,12
DA:251,12
DA:255,4
DA:256,12
DA:257,11
DA:259,1
DA:260,1
DA:264,4
DA:270,4
DA:271,4
DA:275,2
DA:277,2
DA:278,2
DA:279,1
DA:281,1
DA:282,1
DA:285,2
LF:133
LH:131
BRDA:12,0,0,798
BRDA:12,0,1,412
BRDA:16,1,0,232
BRDA:16,1,1,243
BRDA:20,2,0,154
BRDA:20,2,1,169
BRDA:20,3,0,0
BRDA:20,3,1,169
BRDA:33,4,0,16
BRDA:33,4,1,3
BRDA:34,5,0,9
BRDA:34,5,1,10
BRDA:35,6,0,9
BRDA:35,6,1,10
BRDA:36,7,0,9
BRDA:36,7,1,10
BRDA:44,8,0,9
BRDA:44,8,1,10
BRDA:45,9,0,9
BRDA:45,9,1,10
BRDA:46,10,0,9
BRDA:46,10,1,10
BRDA:54,11,0,9
BRDA:54,11,1,10
BRDA:55,12,0,9
BRDA:55,12,1,10
BRDA:56,13,0,9
BRDA:56,13,1,10
BRDA:57,14,0,9
BRDA:57,14,1,10
BRDA:58,15,0,9
BRDA:58,15,1,10
BRDA:66,16,0,10
BRDA:66,16,1,9
BRDA:67,17,0,9
BRDA:67,17,1,10
BRDA:68,18,0,9
BRDA:68,18,1,10
BRDA:69,19,0,9
BRDA:69,19,1,10
BRDA:77,20,0,9
BRDA:77,20,1,10
BRDA:78,21,0,9
BRDA:78,21,1,10
BRDA:79,22,0,9
BRDA:79,22,1,10
BRDA:87,23,0,9
BRDA:87,23,1,10
BRDA:88,24,0,9
BRDA:88,24,1,10
BRDA:89,25,0,9
BRDA:89,25,1,10
BRDA:97,26,0,9
BRDA:97,26,1,10
BRDA:98,27,0,9
BRDA:98,27,1,10
BRDA:99,28,0,9
BRDA:99,28,1,10
BRDA:100,29,0,9
BRDA:100,29,1,10
BRDA:108,30,0,9
BRDA:108,30,1,10
BRDA:109,31,0,9
BRDA:109,31,1,10
BRDA:110,32,0,9
BRDA:110,32,1,10
BRDA:111,33,0,9
BRDA:111,33,1,10
BRDA:112,34,0,9
BRDA:112,34,1,10
BRDA:120,35,0,9
BRDA:120,35,1,10
BRDA:121,36,0,9
BRDA:121,36,1,10
BRDA:122,37,0,9
BRDA:122,37,1,10
BRDA:130,38,0,9
BRDA:130,38,1,10
BRDA:131,39,0,9
BRDA:131,39,1,10
BRDA:139,40,0,9
BRDA:139,40,1,10
BRDA:140,41,0,9
BRDA:140,41,1,10
BRDA:141,42,0,9
BRDA:141,42,1,10
BRDA:142,43,0,9
BRDA:142,43,1,10
BRDA:150,44,0,9
BRDA:150,44,1,10
BRDA:151,45,0,9
BRDA:151,45,1,10
BRDA:165,46,0,3
BRDA:165,46,1,19
BRDA:170,47,0,19
BRDA:170,47,1,0
BRDA:171,48,0,23
BRDA:171,48,1,1
BRDA:177,49,0,116
BRDA:177,49,1,112
BRDA:177,50,0,228
BRDA:177,50,1,116
BRDA:181,51,0,0
BRDA:181,51,1,0
BRDA:186,52,0,3
BRDA:186,52,1,16
BRDA:194,53,0,0
BRDA:194,53,1,116
BRDA:207,54,0,24
BRDA:207,54,1,0
BRDA:226,55,0,1
BRDA:226,55,1,0
BRDA:250,56,0,12
BRDA:250,56,1,0
BRDA:256,57,0,11
BRDA:256,57,1,1
BRDA:281,58,0,1
BRDA:281,58,1,0
BRF:118
BRH:109
end_of_record
TN:
SF:src\services\pipelineService.ts
FN:28,runPipelineStep
FN:108,runFullPipeline_v2
FN:145,(anonymous_2)
FN:146,(anonymous_3)
FN:147,(anonymous_4)
FNF:5
FNH:5
FNDA:11,runPipelineStep
FNDA:6,runFullPipeline_v2
FNDA:5,(anonymous_2)
FNDA:5,(anonymous_3)
FNDA:5,(anonymous_4)
DA:6,1
DA:33,11
DA:35,11
DA:36,11
DA:38,2
DA:39,1
DA:48,3
DA:49,1
DA:56,2
DA:57,2
DA:58,2
DA:60,2
DA:61,1
DA:70,5
DA:71,5
DA:72,2
DA:79,3
DA:80,3
DA:89,1
DA:97,3
DA:98,3
DA:99,3
DA:109,6
DA:111,6
DA:112,6
DA:114,6
DA:115,6
DA:117,5
DA:130,5
DA:131,3
DA:135,5
DA:139,6
DA:145,5
DA:146,5
DA:147,5
DA:151,1
DA:152,1
DA:154,1
LF:38
LH:38
BRDA:36,0,0,2
BRDA:36,0,1,3
BRDA:36,0,2,5
BRDA:36,0,3,1
BRDA:48,1,0,1
BRDA:48,1,1,2
BRDA:70,2,0,5
BRDA:70,2,1,2
BRDA:71,3,0,2
BRDA:71,3,1,3
BRDA:71,4,0,5
BRDA:71,4,1,4
BRDA:97,5,0,3
BRDA:97,5,1,0
BRDA:130,6,0,3
BRDA:130,6,1,2
BRDA:135,7,0,4
BRDA:135,7,1,1
BRDA:136,8,0,2
BRDA:136,8,1,2
BRDA:151,9,0,1
BRDA:151,9,1,0
BRF:22
BRH:20
end_of_record
TN:
SF:src\services\researchService.ts
FN:59,columnForId
FN:64,isSeparatorLine
FN:68,parseMarkdownTable
FN:70,(anonymous_3)
FN:73,(anonymous_4)
FN:78,(anonymous_5)
FN:89,extractJson
FN:101,buildDatasetTable
FN:118,rowsToRecord
FN:129,runResearch
FN:155,runConsolidation
FN:172,runSkillMatrix
FN:187,runHiringAnalysis
FN:209,runFullPipeline
FN:218,(anonymous_14)
FNF:15
FNH:15
FNDA:5,columnForId
FNDA:68,isSeparatorLine
FNDA:24,parseMarkdownTable
FNDA:92,(anonymous_3)
FNDA:137,(anonymous_4)
FNDA:390,(anonymous_5)
FNDA:7,extractJson
FNDA:6,buildDatasetTable
FNDA:5,rowsToRecord
FNDA:7,runResearch
FNDA:6,runConsolidation
FNDA:6,runSkillMatrix
FNDA:8,runHiringAnalysis
FNDA:3,runFullPipeline
FNDA:6,(anonymous_14)
DA:5,1
DA:7,1
DA:60,5
DA:61,5
DA:65,68
DA:69,24
DA:70,92
DA:71,24
DA:73,137
DA:75,18
DA:76,18
DA:77,68
DA:78,390
DA:79,50
DA:80,50
DA:81,290
DA:83,50
DA:86,68
DA:90,7
DA:91,7
DA:93,7
DA:94,2
DA:95,2
DA:98,7
DA:102,6
DA:103,6
DA:104,6
DA:106,6
DA:107,12
DA:108,27
DA:115,6
DA:119,5
DA:120,5
DA:121,5
DA:122,5
DA:123,5
DA:126,5
DA:133,7
DA:134,7
DA:136,7
DA:138,7
DA:139,16
DA:140,16
DA:141,16
DA:142,14
DA:143,14
DA:144,14
DA:146,2
DA:147,2
DA:148,2
DA:152,7
DA:160,6
DA:161,6
DA:163,6
DA:164,6
DA:165,5
DA:166,5
DA:168,5
DA:169,5
DA:176,6
DA:178,6
DA:179,6
DA:180,5
DA:181,5
DA:183,6
DA:184,6
DA:191,8
DA:193,8
DA:194,8
DA:195,7
DA:197,7
DA:198,7
DA:214,3
DA:216,3
DA:217,3
DA:218,6
DA:220,3
DA:221,3
DA:223,3
DA:225,3
LF:80
LH:80
BRDA:61,0,0,5
BRDA:61,0,1,0
BRDA:61,1,0,5
BRDA:61,1,1,5
BRDA:71,2,0,6
BRDA:71,2,1,18
BRDA:77,3,0,18
BRDA:77,3,1,50
BRDA:81,4,0,290
BRDA:81,4,1,0
BRDA:91,5,0,1
BRDA:91,5,1,6
BRDA:93,6,0,2
BRDA:93,6,1,5
BRDA:93,7,0,7
BRDA:93,7,1,2
BRDA:95,8,0,1
BRDA:95,8,1,1
BRDA:109,9,0,27
BRDA:109,9,1,0
BRDA:109,10,0,27
BRDA:109,10,1,0
BRDA:109,11,0,27
BRDA:109,11,1,0
BRDA:110,12,0,27
BRDA:110,12,1,0
BRDA:110,13,0,27
BRDA:110,13,1,0
BRDA:121,14,0,5
BRDA:121,14,1,0
BRDA:122,15,0,5
BRDA:122,15,1,0
BRDA:123,16,0,5
BRDA:123,16,1,0
BRDA:133,17,0,7
BRDA:133,17,1,4
BRDA:146,18,0,2
BRDA:146,18,1,0
BRDA:158,19,0,6
BRDA:174,20,0,6
BRDA:181,21,0,5
BRDA:181,21,1,3
BRDA:189,22,0,8
BRF:43
BRH:32
end_of_record
TN:
SF:src\services\retrievalService.ts
FN:12,cacheKey
FN:16,getCached
FN:26,setCache
FN:35,semanticSearch
FN:52,(anonymous_4)
FN:83,(anonymous_5)
FN:113,searchByCompanyId
FN:152,(anonymous_7)
FN:184,(anonymous_8)
FN:205,getContextForQuery
FN:222,(anonymous_10)
FN:231,searchCompanies
FN:285,(anonymous_12)
FN:286,(anonymous_13)
FNF:14
FNH:13
FNDA:22,cacheKey
FNDA:22,getCached
FNDA:16,setCache
FNDA:12,semanticSearch
FNDA:0,(anonymous_4)
FNDA:11,(anonymous_5)
FNDA:5,searchByCompanyId
FNDA:2,(anonymous_7)
FNDA:1,(anonymous_8)
FNDA:4,getContextForQuery
FNDA:4,(anonymous_10)
FNDA:5,searchCompanies
FNDA:25,(anonymous_12)
FNDA:22,(anonymous_13)
DA:7,3
DA:9,3
DA:10,3
DA:13,22
DA:17,22
DA:18,22
DA:19,22
DA:20,21
DA:22,1
DA:27,16
DA:28,16
DA:29,16
DA:40,12
DA:41,12
DA:42,12
DA:43,1
DA:44,1
DA:47,11
DA:48,11
DA:49,11
DA:51,11
DA:52,11
DA:54,11
DA:55,11
DA:81,10
DA:83,11
DA:94,10
DA:96,10
DA:101,10
DA:103,11
DA:106,1
DA:107,1
DA:109,1
DA:117,5
DA:118,5
DA:119,5
DA:121,4
DA:124,4
DA:125,3
DA:126,3
DA:128,3
DA:152,2
DA:163,1
DA:184,1
DA:196,3
DA:197,3
DA:199,1
DA:200,1
DA:201,1
DA:212,4
DA:213,1
DA:215,3
DA:218,4
DA:219,1
DA:222,3
DA:223,4
DA:228,3
DA:235,5
DA:236,5
DA:237,5
DA:239,4
DA:240,4
DA:266,3
DA:268,3
DA:270,3
DA:271,23
DA:274,3
DA:275,3
DA:276,3
DA:277,3
DA:278,1
DA:280,2
DA:284,3
DA:285,25
DA:286,22
DA:289,3
DA:290,3
DA:292,1
DA:293,1
DA:294,1
LF:80
LH:80
BRDA:20,0,0,3
BRDA:20,0,1,18
BRDA:37,1,0,12
BRDA:38,2,0,12
BRDA:42,3,0,1
BRDA:42,3,1,11
BRDA:90,4,0,11
BRDA:90,4,1,3
BRDA:106,5,0,1
BRDA:106,5,1,0
BRDA:117,6,0,5
BRDA:117,6,1,1
BRDA:119,7,0,1
BRDA:119,7,1,4
BRDA:124,8,0,3
BRDA:124,8,1,1
BRDA:159,9,0,2
BRDA:159,9,1,0
BRDA:191,10,0,1
BRDA:191,10,1,0
BRDA:199,11,0,1
BRDA:199,11,1,0
BRDA:208,12,0,4
BRDA:212,13,0,1
BRDA:212,13,1,3
BRDA:218,14,0,1
BRDA:218,14,1,3
BRDA:233,15,0,5
BRDA:237,16,0,1
BRDA:237,16,1,4
BRDA:277,17,0,1
BRDA:277,17,1,2
BRDA:292,18,0,1
BRDA:292,18,1,0
BRF:34
BRH:29
end_of_record
TN:
SF:src\types\ai.ts
FNF:0
FNH:0
DA:104,1
DA:110,1
DA:114,1
LF:3
LH:3
BRDA:111,0,0,1
BRDA:111,0,1,1
BRDA:115,1,0,1
BRDA:115,1,1,1
BRF:4
BRH:4
end_of_record
TN:
SF:src\types\auth.ts
FNF:0
FNH:0
LF:0
LH:0
BRF:0
BRH:0
end_of_record
TN:
SF:src\utils\prompts.ts
FN:10,buildSystemPrompt
FN:33,buildRagPrompt
FN:57,buildCompanyQuestionPrompt
FN:75,buildSkillGapPrompt
FN:101,buildInterviewPrepPrompt
FN:132,buildContextFromResults
FNF:6
FNH:6
FNDA:8,buildSystemPrompt
FNDA:8,buildRagPrompt
FNDA:3,buildCompanyQuestionPrompt
FNDA:7,buildSkillGapPrompt
FNDA:8,buildInterviewPrepPrompt
FNDA:13,buildContextFromResults
DA:11,8
DA:38,8
DA:62,3
DA:80,7
DA:107,8
DA:140,13
DA:141,13
DA:142,29
DA:143,29
DA:144,27
DA:146,13
LF:11
LH:11
BRDA:138,0,0,13
BRDA:143,1,0,2
BRDA:143,1,1,27
BRDA:146,2,0,13
BRDA:146,2,1,3
BRF:5
BRH:5
end_of_record
